#
# There is insufficient memory for the Java Runtime Environment to continue.
# Native memory allocation (malloc) failed to allocate 586096 bytes for Chunk::new
# Possible reasons:
#   The system is out of physical RAM or swap space
#   The process is running with CompressedOops enabled, and the Java Heap may be blocking the growth of the native heap
# Possible solutions:
#   Reduce memory load on the system
#   Increase physical memory or swap space
#   Check if swap backing store is full
#   Decrease Java heap size (-Xmx/-Xms)
#   Decrease number of Java threads
#   Decrease Java thread stack sizes (-Xss)
#   Set larger code cache with -XX:ReservedCodeCacheSize=
#   JVM is running with Unscaled Compressed Oops mode in which the Java heap is
#     placed in the first 4GB address space. The Java Heap base address is the
#     maximum limit for the native heap growth. Please use -XX:HeapBaseMinAddress
#     to set the Java Heap base and to place the Java Heap above 4GB virtual address.
# This output file may be truncated or incomplete.
#
#  Out of Memory Error (./open/src/hotspot/share/memory/arena.cpp:197), pid=14448, tid=52996
#
# JRE version: Java(TM) SE Runtime Environment 18.9 (11.0.14+8) (build 11.0.14+8-LTS-263)
# Java VM: Java HotSpot(TM) 64-Bit Server VM 18.9 (11.0.14+8-LTS-263, mixed mode, tiered, compressed oops, g1 gc, windows-amd64)
# No core dump will be written. Minidumps are not enabled by default on client versions of Windows
#

---------------  S U M M A R Y ------------

Command Line: --add-opens=java.base/java.util=ALL-UNNAMED --add-opens=java.base/java.lang=ALL-UNNAMED --add-opens=java.base/java.lang.invoke=ALL-UNNAMED --add-opens=java.base/java.util=ALL-UNNAMED --add-opens=java.prefs/java.util.prefs=ALL-UNNAMED --add-opens=java.prefs/java.util.prefs=ALL-UNNAMED --add-opens=java.base/java.nio.charset=ALL-UNNAMED --add-opens=java.base/java.net=ALL-UNNAMED --add-opens=java.base/java.util.concurrent.atomic=ALL-UNNAMED -XX:MaxMetaspaceSize=256m -XX:+HeapDumpOnOutOfMemoryError -Xms256m -Xmx512m -Dfile.encoding=windows-1250 -Duser.country=PL -Duser.language=pl -Duser.variant org.gradle.launcher.daemon.bootstrap.GradleDaemon 7.4.1

Host: Intel(R) Core(TM) i7-10510U CPU @ 1.80GHz, 8 cores, 15G,  Windows 11 , 64 bit Build 22000 (10.0.22000.708)
Time: Tue Jun 28 13:38:47 2022 Œrodkowoeuropejski czas letni elapsed time: 279.587139 seconds (0d 0h 4m 39s)

---------------  T H R E A D  ---------------

Current thread (0x00000204fe3b5800):  JavaThread "C2 CompilerThread0" daemon [_thread_in_native, id=52996, stack(0x000000db2ab00000,0x000000db2ac00000)]


Current CompileTask:
C2: 279587 15586       4       org.gradle.api.internal.tasks.compile.incremental.compilerapi.deps.DependentsSet::merge (230 bytes)

Stack: [0x000000db2ab00000,0x000000db2ac00000]
Native frames: (J=compiled Java code, j=interpreted, Vv=VM code, C=native code)
V  [jvm.dll+0x6296da]
V  [jvm.dll+0x76323f]
V  [jvm.dll+0x7648e9]
V  [jvm.dll+0x764f73]
V  [jvm.dll+0x23d7c8]
V  [jvm.dll+0xb297c]
V  [jvm.dll+0xb2f3c]
V  [jvm.dll+0x2ae594]
V  [jvm.dll+0x53cec6]
V  [jvm.dll+0x1f9ae5]
V  [jvm.dll+0x1f742d]
V  [jvm.dll+0x177b21]
V  [jvm.dll+0x206e26]
V  [jvm.dll+0x204fbb]
V  [jvm.dll+0x729170]
V  [jvm.dll+0x721d44]
V  [jvm.dll+0x6285d6]
C  [ucrtbase.dll+0x26c0c]
C  [KERNEL32.DLL+0x154e0]
C  [ntdll.dll+0x485b]


---------------  P R O C E S S  ---------------

Threads class SMR info:
_java_thread_list=0x0000020484536d60, length=143, elements={
0x00000204e3c79000, 0x00000204fe393800, 0x00000204fe39c800, 0x00000204fed23000,
0x00000204fe3b0800, 0x00000204fe3b4800, 0x00000204fe3b5800, 0x00000204fed2c800,
0x00000204fe3bc800, 0x00000204feeaf000, 0x00000204816c2800, 0x0000020480fd0800,
0x00000204818e1800, 0x0000020481d1a800, 0x0000020481d1a000, 0x0000020481d15000,
0x0000020481d18000, 0x0000020481d16000, 0x0000020481d19000, 0x0000020481d16800,
0x0000020481d17800, 0x0000020482314800, 0x0000020482315800, 0x0000020482313000,
0x0000020482314000, 0x0000020482316800, 0x000002048231d000, 0x000002048231d800,
0x0000020481cec800, 0x0000020481ce1000, 0x0000020481ce5000, 0x0000020481ce6000,
0x0000020481ce4000, 0x0000020481ce2800, 0x0000020481ce0000, 0x0000020481ce3800,
0x0000020481ce6800, 0x0000020481ce2000, 0x0000020481ce7800, 0x0000020481ceb000,
0x0000020481cea000, 0x0000020481ced000, 0x0000020481ce8800, 0x0000020481ceb800,
0x0000020481cef000, 0x0000020481cee000, 0x0000020481ce9000, 0x0000020485c70800,
0x0000020485c6f800, 0x0000020485c73800, 0x0000020485c74800, 0x0000020485c76000,
0x0000020485c77000, 0x0000020485c72000, 0x0000020485c73000, 0x0000020485c79800,
0x0000020485c77800, 0x0000020485c75800, 0x0000020485c7e000, 0x0000020485c7c000,
0x0000020485c7d800, 0x0000020485c78800, 0x0000020485c7c800, 0x0000020485c7a000,
0x0000020482317000, 0x0000020482318000, 0x0000020482312800, 0x000002048231c000,
0x0000020482319800, 0x000002048231b800, 0x000002048231f800, 0x0000020482320000,
0x0000020482321000, 0x0000020481d14000, 0x00000204859ef800, 0x00000204859f3800,
0x00000204859f5000, 0x00000204859f6000, 0x00000204859f0000, 0x00000204859f6800,
0x00000204859f1000, 0x00000204859f4000, 0x00000204859f7800, 0x00000204859f2000,
0x00000204859f8800, 0x00000204859f2800, 0x00000204859f9000, 0x00000204859fa000,
0x00000204859fb800, 0x00000204859fb000, 0x00000204859fc800, 0x00000204859fd000,
0x00000204859fe000, 0x0000020482dfc000, 0x0000020482dfa800, 0x0000020482dfb000,
0x0000020482dfe800, 0x0000020482dff000, 0x0000020482dfd000, 0x0000020482e03800,
0x0000020482e00000, 0x0000020482e01000, 0x0000020482e01800, 0x0000020482e02800,
0x0000020482dfd800, 0x0000020482e06800, 0x0000020482e04000, 0x0000020482e05000,
0x0000020482e07800, 0x0000020482e08000, 0x0000020482e06000, 0x0000020482e09000,
0x00000204873c3000, 0x00000204873c6800, 0x00000204873c7000, 0x00000204873c5800,
0x00000204873c8000, 0x00000204873c2000, 0x00000204873c9800, 0x00000204873c9000,
0x00000204873c4000, 0x00000204873c4800, 0x00000204873cd800, 0x00000204873cf800,
0x00000204873cb000, 0x00000204873ce800, 0x00000204873d0000, 0x00000204873cc000,
0x00000204873ca800, 0x00000204873cd000, 0x00000204873d1000, 0x000002048475f000,
0x0000020484760000, 0x0000020484765000, 0x0000020484766000, 0x0000020484761000,
0x0000020484762800, 0x0000020484763800, 0x0000020484767800, 0x0000020484764000,
0x0000020484766800, 0x0000020484761800, 0x0000020481904800
}

Java Threads: ( => current thread )
  0x00000204e3c79000 JavaThread "main" [_thread_blocked, id=47792, stack(0x000000db29f00000,0x000000db2a000000)]
  0x00000204fe393800 JavaThread "Reference Handler" daemon [_thread_blocked, id=38684, stack(0x000000db2a600000,0x000000db2a700000)]
  0x00000204fe39c800 JavaThread "Finalizer" daemon [_thread_blocked, id=48600, stack(0x000000db2a700000,0x000000db2a800000)]
  0x00000204fed23000 JavaThread "Signal Dispatcher" daemon [_thread_blocked, id=55384, stack(0x000000db2a800000,0x000000db2a900000)]
  0x00000204fe3b0800 JavaThread "Attach Listener" daemon [_thread_blocked, id=55560, stack(0x000000db2a900000,0x000000db2aa00000)]
  0x00000204fe3b4800 JavaThread "Service Thread" daemon [_thread_blocked, id=37188, stack(0x000000db2aa00000,0x000000db2ab00000)]
=>0x00000204fe3b5800 JavaThread "C2 CompilerThread0" daemon [_thread_in_native, id=52996, stack(0x000000db2ab00000,0x000000db2ac00000)]
  0x00000204fed2c800 JavaThread "C1 CompilerThread0" daemon [_thread_blocked, id=44700, stack(0x000000db2ac00000,0x000000db2ad00000)]
  0x00000204fe3bc800 JavaThread "Sweeper thread" daemon [_thread_blocked, id=24376, stack(0x000000db2ad00000,0x000000db2ae00000)]
  0x00000204feeaf000 JavaThread "Common-Cleaner" daemon [_thread_blocked, id=53752, stack(0x000000db2ae00000,0x000000db2af00000)]
  0x00000204816c2800 JavaThread "Daemon health stats" [_thread_blocked, id=52672, stack(0x000000db2b700000,0x000000db2b800000)]
  0x0000020480fd0800 JavaThread "Incoming local TCP Connector on port 59903" [_thread_in_native, id=55140, stack(0x000000db2b000000,0x000000db2b100000)]
  0x00000204818e1800 JavaThread "Daemon periodic checks" [_thread_blocked, id=49248, stack(0x000000db2b600000,0x000000db2b700000)]
  0x0000020481d1a800 JavaThread "Cache worker for journal cache (C:\Users\karol\.gradle\caches\journal-1)" [_thread_blocked, id=51940, stack(0x000000db2c000000,0x000000db2c100000)]
  0x0000020481d1a000 JavaThread "File lock request listener" [_thread_in_native, id=40356, stack(0x000000db2c100000,0x000000db2c200000)]
  0x0000020481d15000 JavaThread "Cache worker for file hash cache (C:\Users\karol\.gradle\caches\7.4.1\fileHashes)" [_thread_blocked, id=30352, stack(0x000000db2c200000,0x000000db2c300000)]
  0x0000020481d18000 JavaThread "File watcher server" daemon [_thread_in_native, id=45384, stack(0x000000db2c600000,0x000000db2c700000)]
  0x0000020481d16000 JavaThread "File watcher consumer" daemon [_thread_blocked, id=19884, stack(0x000000db2c700000,0x000000db2c800000)]
  0x0000020481d19000 JavaThread "jar transforms" [_thread_blocked, id=49320, stack(0x000000db2c900000,0x000000db2ca00000)]
  0x0000020481d16800 JavaThread "jar transforms Thread 2" [_thread_blocked, id=52048, stack(0x000000db2ca00000,0x000000db2cb00000)]
  0x0000020481d17800 JavaThread "jar transforms Thread 3" [_thread_blocked, id=36372, stack(0x000000db2cb00000,0x000000db2cc00000)]
  0x0000020482314800 JavaThread "jar transforms Thread 4" [_thread_blocked, id=43796, stack(0x000000db2cc00000,0x000000db2cd00000)]
  0x0000020482315800 JavaThread "jar transforms Thread 5" [_thread_blocked, id=37988, stack(0x000000db2cd00000,0x000000db2ce00000)]
  0x0000020482313000 JavaThread "jar transforms Thread 6" [_thread_blocked, id=50316, stack(0x000000db2ce00000,0x000000db2cf00000)]
  0x0000020482314000 JavaThread "jar transforms Thread 7" [_thread_blocked, id=51292, stack(0x000000db2cf00000,0x000000db2d000000)]
  0x0000020482316800 JavaThread "jar transforms Thread 8" [_thread_blocked, id=23516, stack(0x000000db2d000000,0x000000db2d100000)]
  0x000002048231d000 JavaThread "Cache worker for execution history cache (C:\Users\karol\.gradle\caches\7.4.1\executionHistory)" [_thread_blocked, id=16344, stack(0x000000db2d500000,0x000000db2d600000)]
  0x000002048231d800 JavaThread "Cache worker for file content cache (C:\Users\karol\.gradle\caches\7.4.1\fileContent)" [_thread_blocked, id=51596, stack(0x000000db2d600000,0x000000db2d700000)]
  0x0000020481cec800 JavaThread "Memory manager" [_thread_blocked, id=46200, stack(0x000000db2ec00000,0x000000db2ed00000)]
  0x0000020481ce1000 JavaThread "Daemon Thread 2" [_thread_blocked, id=15824, stack(0x000000db29c00000,0x000000db29d00000)]
  0x0000020481ce5000 JavaThread "Handler for socket connection from /127.0.0.1:59903 to /127.0.0.1:60238" [_thread_in_native, id=50284, stack(0x000000db29d00000,0x000000db29e00000)]
  0x0000020481ce6000 JavaThread "Cancel handler" [_thread_blocked, id=52544, stack(0x000000db29e00000,0x000000db29f00000)]
  0x0000020481ce4000 JavaThread "Daemon Thread 3" [_thread_blocked, id=52644, stack(0x000000db2b800000,0x000000db2b900000)]
  0x0000020481ce2800 JavaThread "Daemon worker Thread 2" [_thread_blocked, id=47232, stack(0x000000db2b900000,0x000000db2ba00000)]
  0x0000020481ce0000 JavaThread "Asynchronous log dispatcher for DefaultDaemonConnection: socket connection from /127.0.0.1:59903 to /127.0.0.1:60238" [_thread_blocked, id=48880, stack(0x000000db2bb00000,0x000000db2bc00000)]
  0x0000020481ce3800 JavaThread "Stdin handler" [_thread_blocked, id=20412, stack(0x000000db2ba00000,0x000000db2bb00000)]
  0x0000020481ce6800 JavaThread "Daemon client event forwarder" [_thread_blocked, id=39228, stack(0x000000db2bc00000,0x000000db2bd00000)]
  0x0000020481ce2000 JavaThread "Cache worker for checksums cache (C:\kodilla-course\.gradle\7.4.1\checksums)" [_thread_blocked, id=42656, stack(0x000000db2bd00000,0x000000db2be00000)]
  0x0000020481ce7800 JavaThread "Cache worker for cache directory md-rule (C:\Users\karol\.gradle\caches\7.4.1\md-rule)" [_thread_blocked, id=52216, stack(0x000000db2be00000,0x000000db2bf00000)]
  0x0000020481ceb000 JavaThread "Cache worker for file hash cache (C:\kodilla-course\.gradle\7.4.1\fileHashes)" [_thread_blocked, id=56032, stack(0x000000db2bf00000,0x000000db2c000000)]
  0x0000020481cea000 JavaThread "Cache worker for cache directory md-supplier (C:\Users\karol\.gradle\caches\7.4.1\md-supplier)" [_thread_blocked, id=56332, stack(0x000000db2c800000,0x000000db2c900000)]
  0x0000020481ced000 JavaThread "Cache worker for dependencies-accessors (C:\kodilla-course\.gradle\7.4.1\dependencies-accessors)" [_thread_blocked, id=57256, stack(0x000000db2d200000,0x000000db2d300000)]
  0x0000020481ce8800 JavaThread "Cache worker for Build Output Cleanup Cache (C:\kodilla-course\.gradle\buildOutputCleanup)" [_thread_blocked, id=57340, stack(0x000000db2d300000,0x000000db2d400000)]
  0x0000020481ceb800 JavaThread "Unconstrained build operations" [_thread_blocked, id=57440, stack(0x000000db2d100000,0x000000db2d200000)]
  0x0000020481cef000 JavaThread "Unconstrained build operations Thread 2" [_thread_blocked, id=57444, stack(0x000000db2d400000,0x000000db2d500000)]
  0x0000020481cee000 JavaThread "Unconstrained build operations Thread 3" [_thread_blocked, id=57448, stack(0x000000db2d700000,0x000000db2d800000)]
  0x0000020481ce9000 JavaThread "Unconstrained build operations Thread 4" [_thread_blocked, id=57452, stack(0x000000db2d800000,0x000000db2d900000)]
  0x0000020485c70800 JavaThread "Unconstrained build operations Thread 5" [_thread_blocked, id=57456, stack(0x000000db2d900000,0x000000db2da00000)]
  0x0000020485c6f800 JavaThread "Unconstrained build operations Thread 6" [_thread_blocked, id=57460, stack(0x000000db2da00000,0x000000db2db00000)]
  0x0000020485c73800 JavaThread "Unconstrained build operations Thread 7" [_thread_blocked, id=57464, stack(0x000000db2db00000,0x000000db2dc00000)]
  0x0000020485c74800 JavaThread "Unconstrained build operations Thread 8" [_thread_blocked, id=57468, stack(0x000000db2dc00000,0x000000db2dd00000)]
  0x0000020485c76000 JavaThread "Unconstrained build operations Thread 9" [_thread_blocked, id=57472, stack(0x000000db2dd00000,0x000000db2de00000)]
  0x0000020485c77000 JavaThread "Unconstrained build operations Thread 10" [_thread_blocked, id=57476, stack(0x000000db2de00000,0x000000db2df00000)]
  0x0000020485c72000 JavaThread "Unconstrained build operations Thread 11" [_thread_blocked, id=57480, stack(0x000000db2df00000,0x000000db2e000000)]
  0x0000020485c73000 JavaThread "Unconstrained build operations Thread 12" [_thread_blocked, id=57484, stack(0x000000db2e000000,0x000000db2e100000)]
  0x0000020485c79800 JavaThread "Unconstrained build operations Thread 13" [_thread_blocked, id=57488, stack(0x000000db2e100000,0x000000db2e200000)]
  0x0000020485c77800 JavaThread "Unconstrained build operations Thread 14" [_thread_blocked, id=57492, stack(0x000000db2e200000,0x000000db2e300000)]
  0x0000020485c75800 JavaThread "Unconstrained build operations Thread 15" [_thread_blocked, id=57496, stack(0x000000db2e300000,0x000000db2e400000)]
  0x0000020485c7e000 JavaThread "Unconstrained build operations Thread 16" [_thread_blocked, id=57500, stack(0x000000db2e400000,0x000000db2e500000)]
  0x0000020485c7c000 JavaThread "Unconstrained build operations Thread 17" [_thread_blocked, id=57504, stack(0x000000db2e500000,0x000000db2e600000)]
  0x0000020485c7d800 JavaThread "Unconstrained build operations Thread 18" [_thread_blocked, id=57508, stack(0x000000db2e600000,0x000000db2e700000)]
  0x0000020485c78800 JavaThread "Unconstrained build operations Thread 19" [_thread_blocked, id=57512, stack(0x000000db2e700000,0x000000db2e800000)]
  0x0000020485c7c800 JavaThread "Unconstrained build operations Thread 20" [_thread_blocked, id=58056, stack(0x000000db2e800000,0x000000db2e900000)]
  0x0000020485c7a000 JavaThread "Unconstrained build operations Thread 21" [_thread_blocked, id=58060, stack(0x000000db2e900000,0x000000db2ea00000)]
  0x0000020482317000 JavaThread "Unconstrained build operations Thread 22" [_thread_blocked, id=58064, stack(0x000000db2ea00000,0x000000db2eb00000)]
  0x0000020482318000 JavaThread "Unconstrained build operations Thread 23" [_thread_blocked, id=58068, stack(0x000000db2eb00000,0x000000db2ec00000)]
  0x0000020482312800 JavaThread "Unconstrained build operations Thread 24" [_thread_blocked, id=58072, stack(0x000000db2ed00000,0x000000db2ee00000)]
  0x000002048231c000 JavaThread "Unconstrained build operations Thread 25" [_thread_blocked, id=58076, stack(0x000000db2ee00000,0x000000db2ef00000)]
  0x0000020482319800 JavaThread "Unconstrained build operations Thread 26" [_thread_blocked, id=58080, stack(0x000000db2ef00000,0x000000db2f000000)]
  0x000002048231b800 JavaThread "Unconstrained build operations Thread 27" [_thread_blocked, id=58084, stack(0x000000db2f000000,0x000000db2f100000)]
  0x000002048231f800 JavaThread "Unconstrained build operations Thread 28" [_thread_blocked, id=58088, stack(0x000000db2f100000,0x000000db2f200000)]
  0x0000020482320000 JavaThread "Unconstrained build operations Thread 29" [_thread_blocked, id=58092, stack(0x000000db2f200000,0x000000db2f300000)]
  0x0000020482321000 JavaThread "Unconstrained build operations Thread 30" [_thread_blocked, id=58096, stack(0x000000db2f300000,0x000000db2f400000)]
  0x0000020481d14000 JavaThread "Unconstrained build operations Thread 31" [_thread_blocked, id=58100, stack(0x000000db2f400000,0x000000db2f500000)]
  0x00000204859ef800 JavaThread "Unconstrained build operations Thread 32" [_thread_blocked, id=58104, stack(0x000000db2f500000,0x000000db2f600000)]
  0x00000204859f3800 JavaThread "Unconstrained build operations Thread 33" [_thread_blocked, id=58108, stack(0x000000db2f600000,0x000000db2f700000)]
  0x00000204859f5000 JavaThread "Unconstrained build operations Thread 34" [_thread_blocked, id=58112, stack(0x000000db2f700000,0x000000db2f800000)]
  0x00000204859f6000 JavaThread "Unconstrained build operations Thread 35" [_thread_blocked, id=58360, stack(0x000000db2fa00000,0x000000db2fb00000)]
  0x00000204859f0000 JavaThread "Unconstrained build operations Thread 36" [_thread_blocked, id=58364, stack(0x000000db2fb00000,0x000000db2fc00000)]
  0x00000204859f6800 JavaThread "Unconstrained build operations Thread 37" [_thread_blocked, id=54584, stack(0x000000db2fc00000,0x000000db2fd00000)]
  0x00000204859f1000 JavaThread "Unconstrained build operations Thread 38" [_thread_blocked, id=55616, stack(0x000000db2fd00000,0x000000db2fe00000)]
  0x00000204859f4000 JavaThread "Unconstrained build operations Thread 39" [_thread_blocked, id=46568, stack(0x000000db2fe00000,0x000000db2ff00000)]
  0x00000204859f7800 JavaThread "Unconstrained build operations Thread 40" [_thread_blocked, id=55492, stack(0x000000db2ff00000,0x000000db30000000)]
  0x00000204859f2000 JavaThread "Unconstrained build operations Thread 41" [_thread_blocked, id=43464, stack(0x000000db30000000,0x000000db30100000)]
  0x00000204859f8800 JavaThread "Unconstrained build operations Thread 42" [_thread_blocked, id=54220, stack(0x000000db30100000,0x000000db30200000)]
  0x00000204859f2800 JavaThread "Unconstrained build operations Thread 43" [_thread_blocked, id=54436, stack(0x000000db30200000,0x000000db30300000)]
  0x00000204859f9000 JavaThread "included builds" [_thread_blocked, id=45752, stack(0x000000db2f900000,0x000000db2fa00000)]
  0x00000204859fa000 JavaThread "Execution worker for ':'" [_thread_blocked, id=50840, stack(0x000000db30300000,0x000000db30400000)]
  0x00000204859fb800 JavaThread "Execution worker for ':' Thread 2" [_thread_blocked, id=50208, stack(0x000000db30400000,0x000000db30500000)]
  0x00000204859fb000 JavaThread "Execution worker for ':' Thread 3" [_thread_in_Java, id=42548, stack(0x000000db30500000,0x000000db30600000)]
  0x00000204859fc800 JavaThread "Execution worker for ':' Thread 4" [_thread_blocked, id=7084, stack(0x000000db30600000,0x000000db30700000)]
  0x00000204859fd000 JavaThread "Execution worker for ':' Thread 5" [_thread_blocked, id=45000, stack(0x000000db30700000,0x000000db30800000)]
  0x00000204859fe000 JavaThread "Execution worker for ':' Thread 6" [_thread_blocked, id=57360, stack(0x000000db30800000,0x000000db30900000)]
  0x0000020482dfc000 JavaThread "Execution worker for ':' Thread 7" [_thread_blocked, id=57388, stack(0x000000db30900000,0x000000db30a00000)]
  0x0000020482dfa800 JavaThread "Cache worker for execution history cache (C:\kodilla-course\.gradle\7.4.1\executionHistory)" [_thread_blocked, id=57180, stack(0x000000db30a00000,0x000000db30b00000)]
  0x0000020482dfb000 JavaThread "Unconstrained build operations Thread 44" [_thread_blocked, id=53964, stack(0x000000db30b00000,0x000000db30c00000)]
  0x0000020482dfe800 JavaThread "Unconstrained build operations Thread 45" [_thread_blocked, id=56244, stack(0x000000db30c00000,0x000000db30d00000)]
  0x0000020482dff000 JavaThread "Unconstrained build operations Thread 46" [_thread_blocked, id=46724, stack(0x000000db30d00000,0x000000db30e00000)]
  0x0000020482dfd000 JavaThread "Unconstrained build operations Thread 47" [_thread_blocked, id=12412, stack(0x000000db30e00000,0x000000db30f00000)]
  0x0000020482e03800 JavaThread "Unconstrained build operations Thread 48" [_thread_blocked, id=33148, stack(0x000000db30f00000,0x000000db31000000)]
  0x0000020482e00000 JavaThread "Unconstrained build operations Thread 49" [_thread_blocked, id=55864, stack(0x000000db31000000,0x000000db31100000)]
  0x0000020482e01000 JavaThread "Unconstrained build operations Thread 50" [_thread_blocked, id=54144, stack(0x000000db31100000,0x000000db31200000)]
  0x0000020482e01800 JavaThread "Unconstrained build operations Thread 51" [_thread_blocked, id=54132, stack(0x000000db31200000,0x000000db31300000)]
  0x0000020482e02800 JavaThread "Unconstrained build operations Thread 52" [_thread_blocked, id=45252, stack(0x000000db31300000,0x000000db31400000)]
  0x0000020482dfd800 JavaThread "Unconstrained build operations Thread 53" [_thread_blocked, id=24656, stack(0x000000db31400000,0x000000db31500000)]
  0x0000020482e06800 JavaThread "File lock release action executor" [_thread_blocked, id=46784, stack(0x000000db2f800000,0x000000db2f900000)]
  0x0000020482e04000 JavaThread "Unconstrained build operations Thread 54" [_thread_blocked, id=51884, stack(0x000000db31700000,0x000000db31800000)]
  0x0000020482e05000 JavaThread "Unconstrained build operations Thread 55" [_thread_blocked, id=6228, stack(0x000000db31600000,0x000000db31700000)]
  0x0000020482e07800 JavaThread "Unconstrained build operations Thread 56" [_thread_blocked, id=40736, stack(0x000000db31800000,0x000000db31900000)]
  0x0000020482e08000 JavaThread "Unconstrained build operations Thread 57" [_thread_blocked, id=55716, stack(0x000000db31900000,0x000000db31a00000)]
  0x0000020482e06000 JavaThread "Unconstrained build operations Thread 58" [_thread_blocked, id=57576, stack(0x000000db31500000,0x000000db31600000)]
  0x0000020482e09000 JavaThread "Unconstrained build operations Thread 59" [_thread_blocked, id=56368, stack(0x000000db31a00000,0x000000db31b00000)]
  0x00000204873c3000 JavaThread "Unconstrained build operations Thread 60" [_thread_blocked, id=56516, stack(0x000000db31b00000,0x000000db31c00000)]
  0x00000204873c6800 JavaThread "Unconstrained build operations Thread 61" [_thread_blocked, id=40628, stack(0x000000db31d00000,0x000000db31e00000)]
  0x00000204873c7000 JavaThread "Unconstrained build operations Thread 62" [_thread_blocked, id=56576, stack(0x000000db31c00000,0x000000db31d00000)]
  0x00000204873c5800 JavaThread "Unconstrained build operations Thread 63" [_thread_blocked, id=57764, stack(0x000000db31e00000,0x000000db31f00000)]
  0x00000204873c8000 JavaThread "Unconstrained build operations Thread 64" [_thread_blocked, id=57772, stack(0x000000db32000000,0x000000db32100000)]
  0x00000204873c2000 JavaThread "Unconstrained build operations Thread 65" [_thread_blocked, id=48572, stack(0x000000db32100000,0x000000db32200000)]
  0x00000204873c9800 JavaThread "Unconstrained build operations Thread 66" [_thread_blocked, id=49096, stack(0x000000db32200000,0x000000db32300000)]
  0x00000204873c9000 JavaThread "Unconstrained build operations Thread 67" [_thread_blocked, id=12376, stack(0x000000db32300000,0x000000db32400000)]
  0x00000204873c4000 JavaThread "Unconstrained build operations Thread 68" [_thread_blocked, id=54032, stack(0x000000db32400000,0x000000db32500000)]
  0x00000204873c4800 JavaThread "Unconstrained build operations Thread 69" [_thread_blocked, id=51084, stack(0x000000db32500000,0x000000db32600000)]
  0x00000204873cd800 JavaThread "Unconstrained build operations Thread 70" [_thread_blocked, id=27544, stack(0x000000db32600000,0x000000db32700000)]
  0x00000204873cf800 JavaThread "Unconstrained build operations Thread 71" [_thread_blocked, id=53620, stack(0x000000db32700000,0x000000db32800000)]
  0x00000204873cb000 JavaThread "Unconstrained build operations Thread 72" [_thread_blocked, id=42036, stack(0x000000db32800000,0x000000db32900000)]
  0x00000204873ce800 JavaThread "Unconstrained build operations Thread 73" [_thread_blocked, id=45092, stack(0x000000db31f00000,0x000000db32000000)]
  0x00000204873d0000 JavaThread "Unconstrained build operations Thread 74" [_thread_blocked, id=25632, stack(0x000000db32900000,0x000000db32a00000)]
  0x00000204873cc000 JavaThread "Unconstrained build operations Thread 75" [_thread_blocked, id=57708, stack(0x000000db32a00000,0x000000db32b00000)]
  0x00000204873ca800 JavaThread "Unconstrained build operations Thread 76" [_thread_blocked, id=56652, stack(0x000000db32b00000,0x000000db32c00000)]
  0x00000204873cd000 JavaThread "Unconstrained build operations Thread 77" [_thread_blocked, id=57984, stack(0x000000db32c00000,0x000000db32d00000)]
  0x00000204873d1000 JavaThread "Unconstrained build operations Thread 78" [_thread_blocked, id=58120, stack(0x000000db32d00000,0x000000db32e00000)]
  0x000002048475f000 JavaThread "Unconstrained build operations Thread 79" [_thread_blocked, id=58028, stack(0x000000db32e00000,0x000000db32f00000)]
  0x0000020484760000 JavaThread "Unconstrained build operations Thread 80" [_thread_blocked, id=54512, stack(0x000000db32f00000,0x000000db33000000)]
  0x0000020484765000 JavaThread "Cache worker for Java compile cache (C:\Users\karol\.gradle\caches\7.4.1\javaCompile)" [_thread_blocked, id=19836, stack(0x000000db33000000,0x000000db33100000)]
  0x0000020484766000 JavaThread "Build operations" [_thread_blocked, id=16360, stack(0x000000db33100000,0x000000db33200000)]
  0x0000020484761000 JavaThread "Build operations Thread 2" [_thread_blocked, id=51336, stack(0x000000db33200000,0x000000db33300000)]
  0x0000020484762800 JavaThread "Build operations Thread 3" [_thread_blocked, id=48608, stack(0x000000db33300000,0x000000db33400000)]
  0x0000020484763800 JavaThread "Build operations Thread 4" [_thread_blocked, id=56196, stack(0x000000db33400000,0x000000db33500000)]
  0x0000020484767800 JavaThread "Build operations Thread 5" [_thread_blocked, id=55648, stack(0x000000db33500000,0x000000db33600000)]
  0x0000020484764000 JavaThread "Build operations Thread 6" [_thread_blocked, id=55404, stack(0x000000db33600000,0x000000db33700000)]
  0x0000020484766800 JavaThread "Build operations Thread 7" [_thread_blocked, id=43444, stack(0x000000db33700000,0x000000db33800000)]
  0x0000020484761800 JavaThread "Build operations Thread 8" [_thread_blocked, id=51736, stack(0x000000db33800000,0x000000db33900000)]
  0x0000020481904800 JavaThread "C2 CompilerThread1" daemon [_thread_in_native, id=58400, stack(0x000000db33900000,0x000000db33a00000)]

Other Threads:
  0x00000204fe371800 VMThread "VM Thread" [stack: 0x000000db2a500000,0x000000db2a600000] [id=43956]
  0x00000204fef20000 WatcherThread [stack: 0x000000db2af00000,0x000000db2b000000] [id=54572]
  0x00000204e3c8e000 GCTaskThread "GC Thread#0" [stack: 0x000000db2a000000,0x000000db2a100000] [id=37080]
  0x00000204805cd800 GCTaskThread "GC Thread#1" [stack: 0x000000db2b100000,0x000000db2b200000] [id=48024]
  0x00000204802a5000 GCTaskThread "GC Thread#2" [stack: 0x000000db2b200000,0x000000db2b300000] [id=5532]
  0x000002048039f000 GCTaskThread "GC Thread#3" [stack: 0x000000db2b300000,0x000000db2b400000] [id=45628]
  0x0000020480332000 GCTaskThread "GC Thread#4" [stack: 0x000000db2b400000,0x000000db2b500000] [id=51008]
  0x00000204ff74d000 GCTaskThread "GC Thread#5" [stack: 0x000000db2b500000,0x000000db2b600000] [id=54484]
  0x00000204822ea800 GCTaskThread "GC Thread#6" [stack: 0x000000db2c300000,0x000000db2c400000] [id=54620]
  0x00000204822ed800 GCTaskThread "GC Thread#7" [stack: 0x000000db2c400000,0x000000db2c500000] [id=46804]
  0x00000204e3ca2000 ConcurrentGCThread "G1 Main Marker" [stack: 0x000000db2a100000,0x000000db2a200000] [id=40144]
  0x00000204e3ca4000 ConcurrentGCThread "G1 Conc#0" [stack: 0x000000db2a200000,0x000000db2a300000] [id=43424]
  0x00000204822ef000 ConcurrentGCThread "G1 Conc#1" [stack: 0x000000db2c500000,0x000000db2c600000] [id=55356]
  0x00000204fe20a800 ConcurrentGCThread "G1 Refine#0" [stack: 0x000000db2a300000,0x000000db2a400000] [id=34208]
  0x00000204fe20c800 ConcurrentGCThread "G1 Young RemSet Sampling" [stack: 0x000000db2a400000,0x000000db2a500000] [id=46516]

Threads with active compile tasks:
C2 CompilerThread0 279627 15586       4       org.gradle.api.internal.tasks.compile.incremental.compilerapi.deps.DependentsSet::merge (230 bytes)
C2 CompilerThread1 279627 15594 %     4       org.gradle.api.internal.tasks.compile.incremental.deps.ClassSetAnalysisData::getForwardDependencyView @ 86 (134 bytes)

VM state:not at safepoint (normal execution)

VM Mutex/Monitor currently owned by a thread: None

Heap address: 0x00000000e0000000, size: 512 MB, Compressed Oops mode: 32-bit
Narrow klass base: 0x0000000000000000, Narrow klass shift: 3
Compressed class space size: 260046848 Address: 0x0000000100000000

Heap:
 garbage-first heap   total 262144K, used 183305K [0x00000000e0000000, 0x0000000100000000)
  region size 1024K, 33 young (33792K), 8 survivors (8192K)
 Metaspace       used 93015K, capacity 96816K, committed 96944K, reserved 337920K
  class space    used 11864K, capacity 13055K, committed 13056K, reserved 253952K
Heap Regions: E=young(eden), S=young(survivor), O=old, HS=humongous(starts), HC=humongous(continues), CS=collection set, F=free, A=archive, TAMS=top-at-mark-start (previous, next)
|   0|0x00000000e0000000, 0x00000000e0100000, 0x00000000e0100000|100%|HS|  |TAMS 0x00000000e0100000, 0x00000000e0000000| Complete 
|   1|0x00000000e0100000, 0x00000000e0200000, 0x00000000e0200000|100%|HC|  |TAMS 0x00000000e0200000, 0x00000000e0100000| Complete 
|   2|0x00000000e0200000, 0x00000000e0300000, 0x00000000e0300000|100%|HS|  |TAMS 0x00000000e0300000, 0x00000000e0200000| Complete 
|   3|0x00000000e0300000, 0x00000000e0400000, 0x00000000e0400000|100%|HS|  |TAMS 0x00000000e0400000, 0x00000000e0300000| Complete 
|   4|0x00000000e0400000, 0x00000000e0500000, 0x00000000e0500000|100%|HC|  |TAMS 0x00000000e0500000, 0x00000000e0400000| Complete 
|   5|0x00000000e0500000, 0x00000000e0600000, 0x00000000e0600000|100%|HC|  |TAMS 0x00000000e0600000, 0x00000000e0500000| Complete 
|   6|0x00000000e0600000, 0x00000000e0700000, 0x00000000e0700000|100%| O|  |TAMS 0x00000000e0700000, 0x00000000e0600000| Untracked 
|   7|0x00000000e0700000, 0x00000000e0800000, 0x00000000e0800000|100%| O|  |TAMS 0x00000000e0800000, 0x00000000e0700000| Untracked 
|   8|0x00000000e0800000, 0x00000000e0900000, 0x00000000e0900000|100%| O|  |TAMS 0x00000000e0900000, 0x00000000e0800000| Untracked 
|   9|0x00000000e0900000, 0x00000000e0a00000, 0x00000000e0a00000|100%|HS|  |TAMS 0x00000000e0a00000, 0x00000000e0900000| Complete 
|  10|0x00000000e0a00000, 0x00000000e0b00000, 0x00000000e0b00000|100%|HC|  |TAMS 0x00000000e0b00000, 0x00000000e0a00000| Complete 
|  11|0x00000000e0b00000, 0x00000000e0c00000, 0x00000000e0c00000|100%|HC|  |TAMS 0x00000000e0c00000, 0x00000000e0b00000| Complete 
|  12|0x00000000e0c00000, 0x00000000e0d00000, 0x00000000e0d00000|100%|HS|  |TAMS 0x00000000e0d00000, 0x00000000e0c00000| Complete 
|  13|0x00000000e0d00000, 0x00000000e0e00000, 0x00000000e0e00000|100%|HC|  |TAMS 0x00000000e0e00000, 0x00000000e0d00000| Complete 
|  14|0x00000000e0e00000, 0x00000000e0f00000, 0x00000000e0f00000|100%|HC|  |TAMS 0x00000000e0f00000, 0x00000000e0e00000| Complete 
|  15|0x00000000e0f00000, 0x00000000e1000000, 0x00000000e1000000|100%|HS|  |TAMS 0x00000000e1000000, 0x00000000e0f00000| Complete 
|  16|0x00000000e1000000, 0x00000000e1100000, 0x00000000e1100000|100%|HC|  |TAMS 0x00000000e1100000, 0x00000000e1000000| Complete 
|  17|0x00000000e1100000, 0x00000000e1200000, 0x00000000e1200000|100%|HC|  |TAMS 0x00000000e1200000, 0x00000000e1100000| Complete 
|  18|0x00000000e1200000, 0x00000000e1300000, 0x00000000e1300000|100%|HC|  |TAMS 0x00000000e1300000, 0x00000000e1200000| Complete 
|  19|0x00000000e1300000, 0x00000000e1400000, 0x00000000e1400000|100%|HC|  |TAMS 0x00000000e1400000, 0x00000000e1300000| Complete 
|  20|0x00000000e1400000, 0x00000000e1500000, 0x00000000e1500000|100%|HS|  |TAMS 0x00000000e1500000, 0x00000000e1400000| Complete 
|  21|0x00000000e1500000, 0x00000000e1600000, 0x00000000e1600000|100%|HS|  |TAMS 0x00000000e1600000, 0x00000000e1500000| Complete 
|  22|0x00000000e1600000, 0x00000000e1700000, 0x00000000e1700000|100%|HC|  |TAMS 0x00000000e1700000, 0x00000000e1600000| Complete 
|  23|0x00000000e1700000, 0x00000000e1800000, 0x00000000e1800000|100%|HC|  |TAMS 0x00000000e1800000, 0x00000000e1700000| Complete 
|  24|0x00000000e1800000, 0x00000000e1900000, 0x00000000e1900000|100%|HC|  |TAMS 0x00000000e1900000, 0x00000000e1800000| Complete 
|  25|0x00000000e1900000, 0x00000000e1a00000, 0x00000000e1a00000|100%| O|  |TAMS 0x00000000e1a00000, 0x00000000e1900000| Untracked 
|  26|0x00000000e1a00000, 0x00000000e1b00000, 0x00000000e1b00000|100%| O|  |TAMS 0x00000000e1b00000, 0x00000000e1a00000| Untracked 
|  27|0x00000000e1b00000, 0x00000000e1c00000, 0x00000000e1c00000|100%| O|  |TAMS 0x00000000e1c00000, 0x00000000e1b00000| Untracked 
|  28|0x00000000e1c00000, 0x00000000e1d00000, 0x00000000e1d00000|100%| O|  |TAMS 0x00000000e1d00000, 0x00000000e1c00000| Untracked 
|  29|0x00000000e1d00000, 0x00000000e1e00000, 0x00000000e1e00000|100%| O|  |TAMS 0x00000000e1e00000, 0x00000000e1d00000| Untracked 
|  30|0x00000000e1e00000, 0x00000000e1f00000, 0x00000000e1f00000|100%| O|  |TAMS 0x00000000e1f00000, 0x00000000e1e00000| Untracked 
|  31|0x00000000e1f00000, 0x00000000e2000000, 0x00000000e2000000|100%| O|  |TAMS 0x00000000e2000000, 0x00000000e1f00000| Untracked 
|  32|0x00000000e2000000, 0x00000000e2100000, 0x00000000e2100000|100%| O|  |TAMS 0x00000000e2100000, 0x00000000e2000000| Untracked 
|  33|0x00000000e2100000, 0x00000000e2200000, 0x00000000e2200000|100%| O|  |TAMS 0x00000000e2200000, 0x00000000e2100000| Untracked 
|  34|0x00000000e2200000, 0x00000000e2300000, 0x00000000e2300000|100%| O|  |TAMS 0x00000000e2300000, 0x00000000e2200000| Untracked 
|  35|0x00000000e2300000, 0x00000000e2400000, 0x00000000e2400000|100%| O|  |TAMS 0x00000000e2400000, 0x00000000e2300000| Untracked 
|  36|0x00000000e2400000, 0x00000000e2500000, 0x00000000e2500000|100%| O|  |TAMS 0x00000000e2500000, 0x00000000e2400000| Untracked 
|  37|0x00000000e2500000, 0x00000000e2600000, 0x00000000e2600000|100%| O|  |TAMS 0x00000000e2600000, 0x00000000e2500000| Untracked 
|  38|0x00000000e2600000, 0x00000000e2700000, 0x00000000e2700000|100%| O|  |TAMS 0x00000000e2700000, 0x00000000e2600000| Untracked 
|  39|0x00000000e2700000, 0x00000000e2800000, 0x00000000e2800000|100%|HS|  |TAMS 0x00000000e2800000, 0x00000000e2700000| Complete 
|  40|0x00000000e2800000, 0x00000000e2900000, 0x00000000e2900000|100%|HC|  |TAMS 0x00000000e2900000, 0x00000000e2800000| Complete 
|  41|0x00000000e2900000, 0x00000000e2a00000, 0x00000000e2a00000|100%|HC|  |TAMS 0x00000000e2a00000, 0x00000000e2900000| Complete 
|  42|0x00000000e2a00000, 0x00000000e2b00000, 0x00000000e2b00000|100%|HC|  |TAMS 0x00000000e2b00000, 0x00000000e2a00000| Complete 
|  43|0x00000000e2b00000, 0x00000000e2c00000, 0x00000000e2c00000|100%|HC|  |TAMS 0x00000000e2c00000, 0x00000000e2b00000| Complete 
|  44|0x00000000e2c00000, 0x00000000e2d00000, 0x00000000e2d00000|100%|HS|  |TAMS 0x00000000e2d00000, 0x00000000e2c00000| Complete 
|  45|0x00000000e2d00000, 0x00000000e2e00000, 0x00000000e2e00000|100%|HC|  |TAMS 0x00000000e2e00000, 0x00000000e2d00000| Complete 
|  46|0x00000000e2e00000, 0x00000000e2f00000, 0x00000000e2f00000|100%|HC|  |TAMS 0x00000000e2f00000, 0x00000000e2e00000| Complete 
|  47|0x00000000e2f00000, 0x00000000e3000000, 0x00000000e3000000|100%|HS|  |TAMS 0x00000000e3000000, 0x00000000e2f00000| Complete 
|  48|0x00000000e3000000, 0x00000000e3100000, 0x00000000e3100000|100%|HC|  |TAMS 0x00000000e3100000, 0x00000000e3000000| Complete 
|  49|0x00000000e3100000, 0x00000000e3200000, 0x00000000e3200000|100%|HC|  |TAMS 0x00000000e3200000, 0x00000000e3100000| Complete 
|  50|0x00000000e3200000, 0x00000000e3300000, 0x00000000e3300000|100%|HS|  |TAMS 0x00000000e3300000, 0x00000000e3200000| Complete 
|  51|0x00000000e3300000, 0x00000000e3400000, 0x00000000e3400000|100%|HC|  |TAMS 0x00000000e3400000, 0x00000000e3300000| Complete 
|  52|0x00000000e3400000, 0x00000000e3500000, 0x00000000e3500000|100%| O|  |TAMS 0x00000000e3500000, 0x00000000e3400000| Untracked 
|  53|0x00000000e3500000, 0x00000000e3600000, 0x00000000e3600000|100%| O|  |TAMS 0x00000000e3600000, 0x00000000e3500000| Untracked 
|  54|0x00000000e3600000, 0x00000000e3700000, 0x00000000e3700000|100%| O|  |TAMS 0x00000000e3700000, 0x00000000e3600000| Untracked 
|  55|0x00000000e3700000, 0x00000000e3800000, 0x00000000e3800000|100%| O|  |TAMS 0x00000000e3800000, 0x00000000e3700000| Untracked 
|  56|0x00000000e3800000, 0x00000000e3900000, 0x00000000e3900000|100%| O|  |TAMS 0x00000000e3900000, 0x00000000e3800000| Untracked 
|  57|0x00000000e3900000, 0x00000000e3a00000, 0x00000000e3a00000|100%| O|  |TAMS 0x00000000e3a00000, 0x00000000e3900000| Untracked 
|  58|0x00000000e3a00000, 0x00000000e3b00000, 0x00000000e3b00000|100%| O|  |TAMS 0x00000000e3b00000, 0x00000000e3a00000| Untracked 
|  59|0x00000000e3b00000, 0x00000000e3c00000, 0x00000000e3c00000|100%|HS|  |TAMS 0x00000000e3c00000, 0x00000000e3b00000| Complete 
|  60|0x00000000e3c00000, 0x00000000e3d00000, 0x00000000e3d00000|100%|HC|  |TAMS 0x00000000e3d00000, 0x00000000e3c00000| Complete 
|  61|0x00000000e3d00000, 0x00000000e3e00000, 0x00000000e3e00000|100%|HC|  |TAMS 0x00000000e3e00000, 0x00000000e3d00000| Complete 
|  62|0x00000000e3e00000, 0x00000000e3f00000, 0x00000000e3f00000|100%|HC|  |TAMS 0x00000000e3f00000, 0x00000000e3e00000| Complete 
|  63|0x00000000e3f00000, 0x00000000e4000000, 0x00000000e4000000|100%|HC|  |TAMS 0x00000000e4000000, 0x00000000e3f00000| Complete 
|  64|0x00000000e4000000, 0x00000000e4100000, 0x00000000e4100000|100%| O|  |TAMS 0x00000000e4100000, 0x00000000e4000000| Untracked 
|  65|0x00000000e4100000, 0x00000000e4200000, 0x00000000e4200000|100%| O|  |TAMS 0x00000000e4200000, 0x00000000e4100000| Untracked 
|  66|0x00000000e4200000, 0x00000000e4300000, 0x00000000e4300000|100%| O|  |TAMS 0x00000000e4300000, 0x00000000e4200000| Untracked 
|  67|0x00000000e4300000, 0x00000000e4400000, 0x00000000e4400000|100%| O|  |TAMS 0x00000000e4400000, 0x00000000e4300000| Untracked 
|  68|0x00000000e4400000, 0x00000000e4500000, 0x00000000e4500000|100%| O|  |TAMS 0x00000000e4500000, 0x00000000e4400000| Untracked 
|  69|0x00000000e4500000, 0x00000000e4600000, 0x00000000e4600000|100%| O|  |TAMS 0x00000000e4600000, 0x00000000e4500000| Untracked 
|  70|0x00000000e4600000, 0x00000000e4700000, 0x00000000e4700000|100%| O|  |TAMS 0x00000000e4700000, 0x00000000e4600000| Untracked 
|  71|0x00000000e4700000, 0x00000000e4800000, 0x00000000e4800000|100%| O|  |TAMS 0x00000000e4800000, 0x00000000e4700000| Untracked 
|  72|0x00000000e4800000, 0x00000000e4900000, 0x00000000e4900000|100%|HS|  |TAMS 0x00000000e4900000, 0x00000000e4800000| Complete 
|  73|0x00000000e4900000, 0x00000000e4a00000, 0x00000000e4a00000|100%|HC|  |TAMS 0x00000000e4a00000, 0x00000000e4900000| Complete 
|  74|0x00000000e4a00000, 0x00000000e4b00000, 0x00000000e4b00000|100%|HS|  |TAMS 0x00000000e4b00000, 0x00000000e4a00000| Complete 
|  75|0x00000000e4b00000, 0x00000000e4c00000, 0x00000000e4c00000|100%|HC|  |TAMS 0x00000000e4c00000, 0x00000000e4b00000| Complete 
|  76|0x00000000e4c00000, 0x00000000e4d00000, 0x00000000e4d00000|100%|HC|  |TAMS 0x00000000e4d00000, 0x00000000e4c00000| Complete 
|  77|0x00000000e4d00000, 0x00000000e4e00000, 0x00000000e4e00000|100%|HS|  |TAMS 0x00000000e4e00000, 0x00000000e4d00000| Complete 
|  78|0x00000000e4e00000, 0x00000000e4f00000, 0x00000000e4f00000|100%|HC|  |TAMS 0x00000000e4f00000, 0x00000000e4e00000| Complete 
|  79|0x00000000e4f00000, 0x00000000e5000000, 0x00000000e5000000|100%|HC|  |TAMS 0x00000000e5000000, 0x00000000e4f00000| Complete 
|  80|0x00000000e5000000, 0x00000000e5100000, 0x00000000e5100000|100%|HS|  |TAMS 0x00000000e5100000, 0x00000000e5000000| Complete 
|  81|0x00000000e5100000, 0x00000000e5200000, 0x00000000e5200000|100%|HC|  |TAMS 0x00000000e5200000, 0x00000000e5100000| Complete 
|  82|0x00000000e5200000, 0x00000000e5300000, 0x00000000e5300000|100%|HC|  |TAMS 0x00000000e5300000, 0x00000000e5200000| Complete 
|  83|0x00000000e5300000, 0x00000000e5400000, 0x00000000e5400000|100%|HC|  |TAMS 0x00000000e5400000, 0x00000000e5300000| Complete 
|  84|0x00000000e5400000, 0x00000000e5500000, 0x00000000e5500000|100%|HC|  |TAMS 0x00000000e5500000, 0x00000000e5400000| Complete 
|  85|0x00000000e5500000, 0x00000000e5600000, 0x00000000e5600000|100%|HS|  |TAMS 0x00000000e5600000, 0x00000000e5500000| Complete 
|  86|0x00000000e5600000, 0x00000000e5700000, 0x00000000e5700000|100%|HS|  |TAMS 0x00000000e5700000, 0x00000000e5600000| Complete 
|  87|0x00000000e5700000, 0x00000000e5800000, 0x00000000e5800000|100%|HS|  |TAMS 0x00000000e5800000, 0x00000000e5700000| Complete 
|  88|0x00000000e5800000, 0x00000000e5900000, 0x00000000e5900000|100%|HC|  |TAMS 0x00000000e5900000, 0x00000000e5800000| Complete 
|  89|0x00000000e5900000, 0x00000000e5a00000, 0x00000000e5a00000|100%|HC|  |TAMS 0x00000000e5a00000, 0x00000000e5900000| Complete 
|  90|0x00000000e5a00000, 0x00000000e5b00000, 0x00000000e5b00000|100%|HC|  |TAMS 0x00000000e5b00000, 0x00000000e5a00000| Complete 
|  91|0x00000000e5b00000, 0x00000000e5c00000, 0x00000000e5c00000|100%| O|  |TAMS 0x00000000e5c00000, 0x00000000e5b00000| Untracked 
|  92|0x00000000e5c00000, 0x00000000e5d00000, 0x00000000e5d00000|100%| O|  |TAMS 0x00000000e5d00000, 0x00000000e5c00000| Untracked 
|  93|0x00000000e5d00000, 0x00000000e5e00000, 0x00000000e5e00000|100%| O|  |TAMS 0x00000000e5e00000, 0x00000000e5d00000| Untracked 
|  94|0x00000000e5e00000, 0x00000000e5f00000, 0x00000000e5f00000|100%| O|  |TAMS 0x00000000e5f00000, 0x00000000e5e00000| Untracked 
|  95|0x00000000e5f00000, 0x00000000e6000000, 0x00000000e6000000|100%| O|  |TAMS 0x00000000e6000000, 0x00000000e5f00000| Untracked 
|  96|0x00000000e6000000, 0x00000000e6100000, 0x00000000e6100000|100%| O|  |TAMS 0x00000000e6100000, 0x00000000e6000000| Untracked 
|  97|0x00000000e6100000, 0x00000000e6200000, 0x00000000e6200000|100%| O|  |TAMS 0x00000000e6200000, 0x00000000e6100000| Untracked 
|  98|0x00000000e6200000, 0x00000000e6300000, 0x00000000e6300000|100%| O|  |TAMS 0x00000000e6300000, 0x00000000e6200000| Untracked 
|  99|0x00000000e6300000, 0x00000000e6400000, 0x00000000e6400000|100%| O|  |TAMS 0x00000000e6400000, 0x00000000e6300000| Untracked 
| 100|0x00000000e6400000, 0x00000000e6500000, 0x00000000e6500000|100%| O|  |TAMS 0x00000000e6500000, 0x00000000e6400000| Untracked 
| 101|0x00000000e6500000, 0x00000000e6600000, 0x00000000e6600000|100%| O|  |TAMS 0x00000000e6600000, 0x00000000e6500000| Untracked 
| 102|0x00000000e6600000, 0x00000000e6700000, 0x00000000e6700000|100%| O|  |TAMS 0x00000000e6700000, 0x00000000e6600000| Untracked 
| 103|0x00000000e6700000, 0x00000000e6800000, 0x00000000e6800000|100%| O|  |TAMS 0x00000000e6800000, 0x00000000e6700000| Untracked 
| 104|0x00000000e6800000, 0x00000000e6900000, 0x00000000e6900000|100%| O|  |TAMS 0x00000000e6900000, 0x00000000e6800000| Untracked 
| 105|0x00000000e6900000, 0x00000000e6a00000, 0x00000000e6a00000|100%| O|  |TAMS 0x00000000e6a00000, 0x00000000e6900000| Untracked 
| 106|0x00000000e6a00000, 0x00000000e6b00000, 0x00000000e6b00000|100%| O|  |TAMS 0x00000000e6b00000, 0x00000000e6a00000| Untracked 
| 107|0x00000000e6b00000, 0x00000000e6c00000, 0x00000000e6c00000|100%| O|  |TAMS 0x00000000e6c00000, 0x00000000e6b00000| Untracked 
| 108|0x00000000e6c00000, 0x00000000e6d00000, 0x00000000e6d00000|100%| O|  |TAMS 0x00000000e6d00000, 0x00000000e6c00000| Untracked 
| 109|0x00000000e6d00000, 0x00000000e6e00000, 0x00000000e6e00000|100%| O|  |TAMS 0x00000000e6e00000, 0x00000000e6d00000| Untracked 
| 110|0x00000000e6e00000, 0x00000000e6f00000, 0x00000000e6f00000|100%| O|  |TAMS 0x00000000e6f00000, 0x00000000e6e00000| Untracked 
| 111|0x00000000e6f00000, 0x00000000e7000000, 0x00000000e7000000|100%| O|  |TAMS 0x00000000e7000000, 0x00000000e6f00000| Untracked 
| 112|0x00000000e7000000, 0x00000000e7100000, 0x00000000e7100000|100%| O|  |TAMS 0x00000000e7100000, 0x00000000e7000000| Untracked 
| 113|0x00000000e7100000, 0x00000000e7200000, 0x00000000e7200000|100%| O|  |TAMS 0x00000000e7200000, 0x00000000e7100000| Untracked 
| 114|0x00000000e7200000, 0x00000000e7300000, 0x00000000e7300000|100%| O|  |TAMS 0x00000000e7300000, 0x00000000e7200000| Untracked 
| 115|0x00000000e7300000, 0x00000000e7400000, 0x00000000e7400000|100%| O|  |TAMS 0x00000000e7400000, 0x00000000e7300000| Untracked 
| 116|0x00000000e7400000, 0x00000000e7500000, 0x00000000e7500000|100%| O|  |TAMS 0x00000000e7500000, 0x00000000e7400000| Untracked 
| 117|0x00000000e7500000, 0x00000000e7600000, 0x00000000e7600000|100%| O|  |TAMS 0x00000000e7600000, 0x00000000e7500000| Untracked 
| 118|0x00000000e7600000, 0x00000000e7700000, 0x00000000e7700000|100%| O|  |TAMS 0x00000000e7700000, 0x00000000e7600000| Untracked 
| 119|0x00000000e7700000, 0x00000000e7800000, 0x00000000e7800000|100%| O|  |TAMS 0x00000000e7800000, 0x00000000e7700000| Untracked 
| 120|0x00000000e7800000, 0x00000000e7900000, 0x00000000e7900000|100%| O|  |TAMS 0x00000000e7900000, 0x00000000e7800000| Untracked 
| 121|0x00000000e7900000, 0x00000000e7a00000, 0x00000000e7a00000|100%| O|  |TAMS 0x00000000e7a00000, 0x00000000e7900000| Untracked 
| 122|0x00000000e7a00000, 0x00000000e7b00000, 0x00000000e7b00000|100%| O|  |TAMS 0x00000000e7b00000, 0x00000000e7a00000| Untracked 
| 123|0x00000000e7b00000, 0x00000000e7c00000, 0x00000000e7c00000|100%| O|  |TAMS 0x00000000e7c00000, 0x00000000e7b00000| Untracked 
| 124|0x00000000e7c00000, 0x00000000e7d00000, 0x00000000e7d00000|100%| O|  |TAMS 0x00000000e7d00000, 0x00000000e7c00000| Untracked 
| 125|0x00000000e7d00000, 0x00000000e7e00000, 0x00000000e7e00000|100%| O|  |TAMS 0x00000000e7e00000, 0x00000000e7d00000| Untracked 
| 126|0x00000000e7e00000, 0x00000000e7f00000, 0x00000000e7f00000|100%| O|  |TAMS 0x00000000e7f00000, 0x00000000e7e00000| Untracked 
| 127|0x00000000e7f00000, 0x00000000e8000000, 0x00000000e8000000|100%| O|  |TAMS 0x00000000e8000000, 0x00000000e7f00000| Untracked 
| 128|0x00000000e8000000, 0x00000000e8100000, 0x00000000e8100000|100%| O|  |TAMS 0x00000000e8100000, 0x00000000e8000000| Untracked 
| 129|0x00000000e8100000, 0x00000000e8200000, 0x00000000e8200000|100%| O|  |TAMS 0x00000000e8200000, 0x00000000e8100000| Untracked 
| 130|0x00000000e8200000, 0x00000000e8300000, 0x00000000e8300000|100%| O|  |TAMS 0x00000000e8300000, 0x00000000e8200000| Untracked 
| 131|0x00000000e8300000, 0x00000000e8400000, 0x00000000e8400000|100%| O|  |TAMS 0x00000000e8400000, 0x00000000e8300000| Untracked 
| 132|0x00000000e8400000, 0x00000000e8500000, 0x00000000e8500000|100%| O|  |TAMS 0x00000000e8500000, 0x00000000e8400000| Untracked 
| 133|0x00000000e8500000, 0x00000000e8600000, 0x00000000e8600000|100%| O|  |TAMS 0x00000000e8600000, 0x00000000e8500000| Untracked 
| 134|0x00000000e8600000, 0x00000000e8700000, 0x00000000e8700000|100%| O|  |TAMS 0x00000000e8700000, 0x00000000e8600000| Untracked 
| 135|0x00000000e8700000, 0x00000000e8800000, 0x00000000e8800000|100%| O|  |TAMS 0x00000000e8800000, 0x00000000e8700000| Untracked 
| 136|0x00000000e8800000, 0x00000000e8900000, 0x00000000e8900000|100%| O|  |TAMS 0x00000000e8900000, 0x00000000e8800000| Untracked 
| 137|0x00000000e8900000, 0x00000000e8a00000, 0x00000000e8a00000|100%| O|  |TAMS 0x00000000e8a00000, 0x00000000e8900000| Untracked 
| 138|0x00000000e8a00000, 0x00000000e8b00000, 0x00000000e8b00000|100%| O|  |TAMS 0x00000000e8b00000, 0x00000000e8a00000| Untracked 
| 139|0x00000000e8b00000, 0x00000000e8c00000, 0x00000000e8c00000|100%| O|  |TAMS 0x00000000e8c00000, 0x00000000e8b00000| Untracked 
| 140|0x00000000e8c00000, 0x00000000e8d00000, 0x00000000e8d00000|100%| O|  |TAMS 0x00000000e8d00000, 0x00000000e8c00000| Untracked 
| 141|0x00000000e8d00000, 0x00000000e8e00000, 0x00000000e8e00000|100%| O|  |TAMS 0x00000000e8e00000, 0x00000000e8d00000| Untracked 
| 142|0x00000000e8e00000, 0x00000000e8f00000, 0x00000000e8f00000|100%| O|  |TAMS 0x00000000e8f00000, 0x00000000e8e00000| Untracked 
| 143|0x00000000e8f00000, 0x00000000e9000000, 0x00000000e9000000|100%| O|  |TAMS 0x00000000e9000000, 0x00000000e8f00000| Untracked 
| 144|0x00000000e9000000, 0x00000000e9100000, 0x00000000e9100000|100%| O|  |TAMS 0x00000000e9100000, 0x00000000e9000000| Untracked 
| 145|0x00000000e9100000, 0x00000000e9200000, 0x00000000e9200000|100%| O|  |TAMS 0x00000000e9200000, 0x00000000e9100000| Untracked 
| 146|0x00000000e9200000, 0x00000000e9300000, 0x00000000e9300000|100%| O|  |TAMS 0x00000000e9300000, 0x00000000e9200000| Untracked 
| 147|0x00000000e9300000, 0x00000000e9400000, 0x00000000e9400000|100%| O|  |TAMS 0x00000000e9400000, 0x00000000e9300000| Untracked 
| 148|0x00000000e9400000, 0x00000000e9452e00, 0x00000000e9500000| 32%| O|  |TAMS 0x00000000e9452e00, 0x00000000e9400000| Untracked 
| 149|0x00000000e9500000, 0x00000000e9500000, 0x00000000e9600000|  0%| F|  |TAMS 0x00000000e9500000, 0x00000000e9500000| Untracked 
| 150|0x00000000e9600000, 0x00000000e9600000, 0x00000000e9700000|  0%| F|  |TAMS 0x00000000e9600000, 0x00000000e9600000| Untracked 
| 151|0x00000000e9700000, 0x00000000e9700000, 0x00000000e9800000|  0%| F|  |TAMS 0x00000000e9700000, 0x00000000e9700000| Untracked 
| 152|0x00000000e9800000, 0x00000000e9800000, 0x00000000e9900000|  0%| F|  |TAMS 0x00000000e9800000, 0x00000000e9800000| Untracked 
| 153|0x00000000e9900000, 0x00000000e9900000, 0x00000000e9a00000|  0%| F|  |TAMS 0x00000000e9900000, 0x00000000e9900000| Untracked 
| 154|0x00000000e9a00000, 0x00000000e9a00000, 0x00000000e9b00000|  0%| F|  |TAMS 0x00000000e9a00000, 0x00000000e9a00000| Untracked 
| 155|0x00000000e9b00000, 0x00000000e9b00000, 0x00000000e9c00000|  0%| F|  |TAMS 0x00000000e9b00000, 0x00000000e9b00000| Untracked 
| 156|0x00000000e9c00000, 0x00000000e9c00000, 0x00000000e9d00000|  0%| F|  |TAMS 0x00000000e9c00000, 0x00000000e9c00000| Untracked 
| 157|0x00000000e9d00000, 0x00000000e9d00000, 0x00000000e9e00000|  0%| F|  |TAMS 0x00000000e9d00000, 0x00000000e9d00000| Untracked 
| 158|0x00000000e9e00000, 0x00000000e9e00000, 0x00000000e9f00000|  0%| F|  |TAMS 0x00000000e9e00000, 0x00000000e9e00000| Untracked 
| 159|0x00000000e9f00000, 0x00000000e9f00000, 0x00000000ea000000|  0%| F|  |TAMS 0x00000000e9f00000, 0x00000000e9f00000| Untracked 
| 160|0x00000000ea000000, 0x00000000ea000000, 0x00000000ea100000|  0%| F|  |TAMS 0x00000000ea000000, 0x00000000ea000000| Untracked 
| 161|0x00000000ea100000, 0x00000000ea100000, 0x00000000ea200000|  0%| F|  |TAMS 0x00000000ea100000, 0x00000000ea100000| Untracked 
| 162|0x00000000ea200000, 0x00000000ea200000, 0x00000000ea300000|  0%| F|  |TAMS 0x00000000ea200000, 0x00000000ea200000| Untracked 
| 163|0x00000000ea300000, 0x00000000ea300000, 0x00000000ea400000|  0%| F|  |TAMS 0x00000000ea300000, 0x00000000ea300000| Untracked 
| 164|0x00000000ea400000, 0x00000000ea400000, 0x00000000ea500000|  0%| F|  |TAMS 0x00000000ea400000, 0x00000000ea400000| Untracked 
| 165|0x00000000ea500000, 0x00000000ea500000, 0x00000000ea600000|  0%| F|  |TAMS 0x00000000ea500000, 0x00000000ea500000| Untracked 
| 166|0x00000000ea600000, 0x00000000ea600000, 0x00000000ea700000|  0%| F|  |TAMS 0x00000000ea600000, 0x00000000ea600000| Untracked 
| 167|0x00000000ea700000, 0x00000000ea700000, 0x00000000ea800000|  0%| F|  |TAMS 0x00000000ea700000, 0x00000000ea700000| Untracked 
| 168|0x00000000ea800000, 0x00000000ea800000, 0x00000000ea900000|  0%| F|  |TAMS 0x00000000ea800000, 0x00000000ea800000| Untracked 
| 169|0x00000000ea900000, 0x00000000ea900000, 0x00000000eaa00000|  0%| F|  |TAMS 0x00000000ea900000, 0x00000000ea900000| Untracked 
| 170|0x00000000eaa00000, 0x00000000eaa00000, 0x00000000eab00000|  0%| F|  |TAMS 0x00000000eaa00000, 0x00000000eaa00000| Untracked 
| 171|0x00000000eab00000, 0x00000000eab00000, 0x00000000eac00000|  0%| F|  |TAMS 0x00000000eab00000, 0x00000000eab00000| Untracked 
| 172|0x00000000eac00000, 0x00000000eac00000, 0x00000000ead00000|  0%| F|  |TAMS 0x00000000eac00000, 0x00000000eac00000| Untracked 
| 173|0x00000000ead00000, 0x00000000ead00000, 0x00000000eae00000|  0%| F|  |TAMS 0x00000000ead00000, 0x00000000ead00000| Untracked 
| 174|0x00000000eae00000, 0x00000000eae00000, 0x00000000eaf00000|  0%| F|  |TAMS 0x00000000eae00000, 0x00000000eae00000| Untracked 
| 175|0x00000000eaf00000, 0x00000000eaf00000, 0x00000000eb000000|  0%| F|  |TAMS 0x00000000eaf00000, 0x00000000eaf00000| Untracked 
| 176|0x00000000eb000000, 0x00000000eb000000, 0x00000000eb100000|  0%| F|  |TAMS 0x00000000eb000000, 0x00000000eb000000| Untracked 
| 177|0x00000000eb100000, 0x00000000eb100000, 0x00000000eb200000|  0%| F|  |TAMS 0x00000000eb100000, 0x00000000eb100000| Untracked 
| 178|0x00000000eb200000, 0x00000000eb2af8b8, 0x00000000eb300000| 68%| S|CS|TAMS 0x00000000eb200000, 0x00000000eb200000| Complete 
| 179|0x00000000eb300000, 0x00000000eb400000, 0x00000000eb400000|100%| S|CS|TAMS 0x00000000eb300000, 0x00000000eb300000| Complete 
| 180|0x00000000eb400000, 0x00000000eb500000, 0x00000000eb500000|100%| S|CS|TAMS 0x00000000eb400000, 0x00000000eb400000| Complete 
| 181|0x00000000eb500000, 0x00000000eb600000, 0x00000000eb600000|100%| S|CS|TAMS 0x00000000eb500000, 0x00000000eb500000| Complete 
| 182|0x00000000eb600000, 0x00000000eb700000, 0x00000000eb700000|100%| S|CS|TAMS 0x00000000eb600000, 0x00000000eb600000| Complete 
| 183|0x00000000eb700000, 0x00000000eb700000, 0x00000000eb800000|  0%| F|  |TAMS 0x00000000eb700000, 0x00000000eb700000| Untracked 
| 184|0x00000000eb800000, 0x00000000eb800000, 0x00000000eb900000|  0%| F|  |TAMS 0x00000000eb800000, 0x00000000eb800000| Untracked 
| 185|0x00000000eb900000, 0x00000000eb900000, 0x00000000eba00000|  0%| F|  |TAMS 0x00000000eb900000, 0x00000000eb900000| Untracked 
| 186|0x00000000eba00000, 0x00000000eba00000, 0x00000000ebb00000|  0%| F|  |TAMS 0x00000000eba00000, 0x00000000eba00000| Untracked 
| 187|0x00000000ebb00000, 0x00000000ebb00000, 0x00000000ebc00000|  0%| F|  |TAMS 0x00000000ebb00000, 0x00000000ebb00000| Untracked 
| 188|0x00000000ebc00000, 0x00000000ebc00000, 0x00000000ebd00000|  0%| F|  |TAMS 0x00000000ebc00000, 0x00000000ebc00000| Untracked 
| 189|0x00000000ebd00000, 0x00000000ebe00000, 0x00000000ebe00000|100%| S|CS|TAMS 0x00000000ebd00000, 0x00000000ebd00000| Complete 
| 190|0x00000000ebe00000, 0x00000000ebf00000, 0x00000000ebf00000|100%| S|CS|TAMS 0x00000000ebe00000, 0x00000000ebe00000| Complete 
| 191|0x00000000ebf00000, 0x00000000ec000000, 0x00000000ec000000|100%| S|CS|TAMS 0x00000000ebf00000, 0x00000000ebf00000| Complete 
| 192|0x00000000ec000000, 0x00000000ec000000, 0x00000000ec100000|  0%| F|  |TAMS 0x00000000ec000000, 0x00000000ec000000| Untracked 
| 193|0x00000000ec100000, 0x00000000ec100000, 0x00000000ec200000|  0%| F|  |TAMS 0x00000000ec100000, 0x00000000ec100000| Untracked 
| 194|0x00000000ec200000, 0x00000000ec200000, 0x00000000ec300000|  0%| F|  |TAMS 0x00000000ec200000, 0x00000000ec200000| Untracked 
| 195|0x00000000ec300000, 0x00000000ec300000, 0x00000000ec400000|  0%| F|  |TAMS 0x00000000ec300000, 0x00000000ec300000| Untracked 
| 196|0x00000000ec400000, 0x00000000ec400000, 0x00000000ec500000|  0%| F|  |TAMS 0x00000000ec400000, 0x00000000ec400000| Untracked 
| 197|0x00000000ec500000, 0x00000000ec500000, 0x00000000ec600000|  0%| F|  |TAMS 0x00000000ec500000, 0x00000000ec500000| Untracked 
| 198|0x00000000ec600000, 0x00000000ec600000, 0x00000000ec700000|  0%| F|  |TAMS 0x00000000ec600000, 0x00000000ec600000| Untracked 
| 199|0x00000000ec700000, 0x00000000ec700000, 0x00000000ec800000|  0%| F|  |TAMS 0x00000000ec700000, 0x00000000ec700000| Untracked 
| 200|0x00000000ec800000, 0x00000000ec800000, 0x00000000ec900000|  0%| F|  |TAMS 0x00000000ec800000, 0x00000000ec800000| Untracked 
| 201|0x00000000ec900000, 0x00000000ec900000, 0x00000000eca00000|  0%| F|  |TAMS 0x00000000ec900000, 0x00000000ec900000| Untracked 
| 202|0x00000000eca00000, 0x00000000eca00000, 0x00000000ecb00000|  0%| F|  |TAMS 0x00000000eca00000, 0x00000000eca00000| Untracked 
| 203|0x00000000ecb00000, 0x00000000ecb00000, 0x00000000ecc00000|  0%| F|  |TAMS 0x00000000ecb00000, 0x00000000ecb00000| Untracked 
| 204|0x00000000ecc00000, 0x00000000ecc00000, 0x00000000ecd00000|  0%| F|  |TAMS 0x00000000ecc00000, 0x00000000ecc00000| Untracked 
| 205|0x00000000ecd00000, 0x00000000ecd00000, 0x00000000ece00000|  0%| F|  |TAMS 0x00000000ecd00000, 0x00000000ecd00000| Untracked 
| 206|0x00000000ece00000, 0x00000000ece00000, 0x00000000ecf00000|  0%| F|  |TAMS 0x00000000ece00000, 0x00000000ece00000| Untracked 
| 207|0x00000000ecf00000, 0x00000000ecf00000, 0x00000000ed000000|  0%| F|  |TAMS 0x00000000ecf00000, 0x00000000ecf00000| Untracked 
| 208|0x00000000ed000000, 0x00000000ed000000, 0x00000000ed100000|  0%| F|  |TAMS 0x00000000ed000000, 0x00000000ed000000| Untracked 
| 209|0x00000000ed100000, 0x00000000ed100000, 0x00000000ed200000|  0%| F|  |TAMS 0x00000000ed100000, 0x00000000ed100000| Untracked 
| 210|0x00000000ed200000, 0x00000000ed200000, 0x00000000ed300000|  0%| F|  |TAMS 0x00000000ed200000, 0x00000000ed200000| Untracked 
| 211|0x00000000ed300000, 0x00000000ed300000, 0x00000000ed400000|  0%| F|  |TAMS 0x00000000ed300000, 0x00000000ed300000| Untracked 
| 212|0x00000000ed400000, 0x00000000ed400000, 0x00000000ed500000|  0%| F|  |TAMS 0x00000000ed400000, 0x00000000ed400000| Untracked 
| 213|0x00000000ed500000, 0x00000000ed500000, 0x00000000ed600000|  0%| F|  |TAMS 0x00000000ed500000, 0x00000000ed500000| Untracked 
| 214|0x00000000ed600000, 0x00000000ed600000, 0x00000000ed700000|  0%| F|  |TAMS 0x00000000ed600000, 0x00000000ed600000| Untracked 
| 215|0x00000000ed700000, 0x00000000ed700000, 0x00000000ed800000|  0%| F|  |TAMS 0x00000000ed700000, 0x00000000ed700000| Untracked 
| 216|0x00000000ed800000, 0x00000000ed800000, 0x00000000ed900000|  0%| F|  |TAMS 0x00000000ed800000, 0x00000000ed800000| Untracked 
| 217|0x00000000ed900000, 0x00000000ed900000, 0x00000000eda00000|  0%| F|  |TAMS 0x00000000ed900000, 0x00000000ed900000| Untracked 
| 218|0x00000000eda00000, 0x00000000eda00000, 0x00000000edb00000|  0%| F|  |TAMS 0x00000000eda00000, 0x00000000eda00000| Untracked 
| 219|0x00000000edb00000, 0x00000000edb00000, 0x00000000edc00000|  0%| F|  |TAMS 0x00000000edb00000, 0x00000000edb00000| Untracked 
| 220|0x00000000edc00000, 0x00000000edc00000, 0x00000000edd00000|  0%| F|  |TAMS 0x00000000edc00000, 0x00000000edc00000| Untracked 
| 221|0x00000000edd00000, 0x00000000edd00000, 0x00000000ede00000|  0%| F|  |TAMS 0x00000000edd00000, 0x00000000edd00000| Untracked 
| 222|0x00000000ede00000, 0x00000000ede00000, 0x00000000edf00000|  0%| F|  |TAMS 0x00000000ede00000, 0x00000000ede00000| Untracked 
| 223|0x00000000edf00000, 0x00000000edf00000, 0x00000000ee000000|  0%| F|  |TAMS 0x00000000edf00000, 0x00000000edf00000| Untracked 
| 224|0x00000000ee000000, 0x00000000ee000000, 0x00000000ee100000|  0%| F|  |TAMS 0x00000000ee000000, 0x00000000ee000000| Untracked 
| 225|0x00000000ee100000, 0x00000000ee100000, 0x00000000ee200000|  0%| F|  |TAMS 0x00000000ee100000, 0x00000000ee100000| Untracked 
| 226|0x00000000ee200000, 0x00000000ee200000, 0x00000000ee300000|  0%| F|  |TAMS 0x00000000ee200000, 0x00000000ee200000| Untracked 
| 227|0x00000000ee300000, 0x00000000ee300000, 0x00000000ee400000|  0%| F|  |TAMS 0x00000000ee300000, 0x00000000ee300000| Untracked 
| 228|0x00000000ee400000, 0x00000000ee400000, 0x00000000ee500000|  0%| F|  |TAMS 0x00000000ee400000, 0x00000000ee400000| Untracked 
| 229|0x00000000ee500000, 0x00000000ee500000, 0x00000000ee600000|  0%| F|  |TAMS 0x00000000ee500000, 0x00000000ee500000| Untracked 
| 230|0x00000000ee600000, 0x00000000ee600800, 0x00000000ee700000|  0%| E|  |TAMS 0x00000000ee600000, 0x00000000ee600000| Complete 
| 231|0x00000000ee700000, 0x00000000ee800000, 0x00000000ee800000|100%| E|CS|TAMS 0x00000000ee700000, 0x00000000ee700000| Complete 
| 232|0x00000000ee800000, 0x00000000ee900000, 0x00000000ee900000|100%| E|CS|TAMS 0x00000000ee800000, 0x00000000ee800000| Complete 
| 233|0x00000000ee900000, 0x00000000eea00000, 0x00000000eea00000|100%| E|CS|TAMS 0x00000000ee900000, 0x00000000ee900000| Complete 
| 234|0x00000000eea00000, 0x00000000eeb00000, 0x00000000eeb00000|100%| E|CS|TAMS 0x00000000eea00000, 0x00000000eea00000| Complete 
| 235|0x00000000eeb00000, 0x00000000eec00000, 0x00000000eec00000|100%| E|CS|TAMS 0x00000000eeb00000, 0x00000000eeb00000| Complete 
| 236|0x00000000eec00000, 0x00000000eed00000, 0x00000000eed00000|100%| E|CS|TAMS 0x00000000eec00000, 0x00000000eec00000| Complete 
| 237|0x00000000eed00000, 0x00000000eee00000, 0x00000000eee00000|100%| E|CS|TAMS 0x00000000eed00000, 0x00000000eed00000| Complete 
| 238|0x00000000eee00000, 0x00000000eef00000, 0x00000000eef00000|100%| E|CS|TAMS 0x00000000eee00000, 0x00000000eee00000| Complete 
| 239|0x00000000eef00000, 0x00000000ef000000, 0x00000000ef000000|100%| E|CS|TAMS 0x00000000eef00000, 0x00000000eef00000| Complete 
| 240|0x00000000ef000000, 0x00000000ef100000, 0x00000000ef100000|100%| E|CS|TAMS 0x00000000ef000000, 0x00000000ef000000| Complete 
| 241|0x00000000ef100000, 0x00000000ef200000, 0x00000000ef200000|100%| E|CS|TAMS 0x00000000ef100000, 0x00000000ef100000| Complete 
| 242|0x00000000ef200000, 0x00000000ef300000, 0x00000000ef300000|100%| E|CS|TAMS 0x00000000ef200000, 0x00000000ef200000| Complete 
| 243|0x00000000ef300000, 0x00000000ef400000, 0x00000000ef400000|100%| E|CS|TAMS 0x00000000ef300000, 0x00000000ef300000| Complete 
| 244|0x00000000ef400000, 0x00000000ef500000, 0x00000000ef500000|100%| E|CS|TAMS 0x00000000ef400000, 0x00000000ef400000| Complete 
| 245|0x00000000ef500000, 0x00000000ef600000, 0x00000000ef600000|100%| E|CS|TAMS 0x00000000ef500000, 0x00000000ef500000| Complete 
| 246|0x00000000ef600000, 0x00000000ef700000, 0x00000000ef700000|100%| E|CS|TAMS 0x00000000ef600000, 0x00000000ef600000| Complete 
| 247|0x00000000ef700000, 0x00000000ef800000, 0x00000000ef800000|100%| E|CS|TAMS 0x00000000ef700000, 0x00000000ef700000| Complete 
| 248|0x00000000ef800000, 0x00000000ef900000, 0x00000000ef900000|100%| E|  |TAMS 0x00000000ef800000, 0x00000000ef800000| Complete 
| 249|0x00000000ef900000, 0x00000000efa00000, 0x00000000efa00000|100%| E|CS|TAMS 0x00000000ef900000, 0x00000000ef900000| Complete 
| 250|0x00000000efa00000, 0x00000000efb00000, 0x00000000efb00000|100%| E|CS|TAMS 0x00000000efa00000, 0x00000000efa00000| Complete 
| 251|0x00000000efb00000, 0x00000000efc00000, 0x00000000efc00000|100%| E|CS|TAMS 0x00000000efb00000, 0x00000000efb00000| Complete 
| 252|0x00000000efc00000, 0x00000000efd00000, 0x00000000efd00000|100%| E|CS|TAMS 0x00000000efc00000, 0x00000000efc00000| Complete 
| 253|0x00000000efd00000, 0x00000000efe00000, 0x00000000efe00000|100%| E|CS|TAMS 0x00000000efd00000, 0x00000000efd00000| Complete 
| 254|0x00000000efe00000, 0x00000000eff00000, 0x00000000eff00000|100%| E|CS|TAMS 0x00000000efe00000, 0x00000000efe00000| Complete 
| 255|0x00000000eff00000, 0x00000000f0000000, 0x00000000f0000000|100%| E|CS|TAMS 0x00000000eff00000, 0x00000000eff00000| Complete 

Card table byte_map: [0x00000204fa730000,0x00000204fa830000] _byte_map_base: 0x00000204fa030000

Marking Bits (Prev, Next): (CMBitMap*) 0x00000204e3c9f208, (CMBitMap*) 0x00000204e3c9f240
 Prev Bits: [0x00000204fa930000, 0x00000204fb130000)
 Next Bits: [0x00000204fb130000, 0x00000204fb930000)

Polling page: 0x00000204e3460000

Metaspace:

Usage:
  Non-class:     81.80 MB capacity,    79.26 MB ( 97%) used,     2.21 MB (  3%) free+waste,   346.31 KB ( <1%) overhead. 
      Class:     12.75 MB capacity,    11.59 MB ( 91%) used,     1.00 MB (  8%) free+waste,   164.69 KB (  1%) overhead. 
       Both:     94.55 MB capacity,    90.84 MB ( 96%) used,     3.21 MB (  3%) free+waste,   511.00 KB ( <1%) overhead. 

Virtual space:
  Non-class space:       82.00 MB reserved,      81.92 MB (>99%) committed 
      Class space:      248.00 MB reserved,      12.75 MB (  5%) committed 
             Both:      330.00 MB reserved,      94.67 MB ( 29%) committed 

Chunk freelists:
   Non-Class:  0 bytes
       Class:  128 bytes
        Both:  128 bytes

CodeHeap 'non-profiled nmethods': size=120000Kb used=10511Kb max_used=10879Kb free=109488Kb
 bounds [0x00000204f2dd0000, 0x00000204f3880000, 0x00000204fa300000]
CodeHeap 'profiled nmethods': size=120000Kb used=30755Kb max_used=32782Kb free=89244Kb
 bounds [0x00000204eb8a0000, 0x00000204ed8b0000, 0x00000204f2dd0000]
CodeHeap 'non-nmethods': size=5760Kb used=2282Kb max_used=2342Kb free=3478Kb
 bounds [0x00000204eb300000, 0x00000204eb570000, 0x00000204eb8a0000]
 total_blobs=14858 nmethods=13975 adapters=793
 compilation: enabled
              stopped_count=0, restarted_count=0
 full_count=0

Compilation events (10 events):
Event: 279.549 Thread 0x0000020481904800 nmethod 15579 0x00000204f2f64890 code [0x00000204f2f64a20, 0x00000204f2f64c18]
Event: 279.549 Thread 0x0000020481904800 15588       4       com.google.common.collect.AbstractListMultimap::wrapCollection (11 bytes)
Event: 279.554 Thread 0x0000020481904800 nmethod 15588 0x00000204f2f82c10 code [0x00000204f2f82da0, 0x00000204f2f83098]
Event: 279.555 Thread 0x0000020481904800 15590       4       com.google.common.collect.RegularImmutableMap::fromEntryArray (201 bytes)
Event: 279.558 Thread 0x00000204fed2c800 15591       1       java.util.Spliterators$EmptySpliterator::estimateSize (2 bytes)
Event: 279.558 Thread 0x00000204fed2c800 nmethod 15591 0x00000204f2f88790 code [0x00000204f2f88920, 0x00000204f2f889d8]
Event: 279.563 Thread 0x00000204fed2c800 15592 %     3       org.gradle.api.internal.tasks.compile.incremental.deps.ClassSetAnalysisData::reduceToTypesAffecting @ 116 (578 bytes)
Event: 279.567 Thread 0x00000204fed2c800 nmethod 15592% 0x00000204ec388b90 code [0x00000204ec389320, 0x00000204ec38dec8]
Event: 279.571 Thread 0x00000204fed2c800 15593       3       org.gradle.api.internal.tasks.compile.incremental.deps.ClassSetAnalysisData::reduceToTypesAffecting (578 bytes)
Event: 279.577 Thread 0x00000204fed2c800 nmethod 15593 0x00000204ec380d90 code [0x00000204ec3815c0, 0x00000204ec386e78]

GC Heap History (10 events):
Event: 267.740 GC heap before
{Heap before GC invocations=24 (full 0):
 garbage-first heap   total 262144K, used 218028K [0x00000000e0000000, 0x0000000100000000)
  region size 1024K, 82 young (83968K), 6 survivors (6144K)
 Metaspace       used 90603K, capacity 94392K, committed 94512K, reserved 335872K
  class space    used 11698K, capacity 12876K, committed 12928K, reserved 253952K
}
Event: 267.759 GC heap after
{Heap after GC invocations=25 (full 0):
 garbage-first heap   total 262144K, used 148429K [0x00000000e0000000, 0x0000000100000000)
  region size 1024K, 11 young (11264K), 11 survivors (11264K)
 Metaspace       used 90603K, capacity 94392K, committed 94512K, reserved 335872K
  class space    used 11698K, capacity 12876K, committed 12928K, reserved 253952K
}
Event: 269.896 GC heap before
{Heap before GC invocations=26 (full 0):
 garbage-first heap   total 262144K, used 219085K [0x00000000e0000000, 0x0000000100000000)
  region size 1024K, 80 young (81920K), 11 survivors (11264K)
 Metaspace       used 91110K, capacity 94926K, committed 95024K, reserved 337920K
  class space    used 11733K, capacity 12921K, committed 12928K, reserved 253952K
}
Event: 269.914 GC heap after
{Heap after GC invocations=27 (full 0):
 garbage-first heap   total 262144K, used 156579K [0x00000000e0000000, 0x0000000100000000)
  region size 1024K, 10 young (10240K), 10 survivors (10240K)
 Metaspace       used 91110K, capacity 94926K, committed 95024K, reserved 337920K
  class space    used 11733K, capacity 12921K, committed 12928K, reserved 253952K
}
Event: 272.778 GC heap before
{Heap before GC invocations=27 (full 0):
 garbage-first heap   total 262144K, used 215971K [0x00000000e0000000, 0x0000000100000000)
  region size 1024K, 69 young (70656K), 10 survivors (10240K)
 Metaspace       used 92483K, capacity 96292K, committed 96432K, reserved 337920K
  class space    used 11857K, capacity 13055K, committed 13056K, reserved 253952K
}
Event: 272.785 GC heap after
{Heap after GC invocations=28 (full 0):
 garbage-first heap   total 262144K, used 154213K [0x00000000e0000000, 0x0000000100000000)
  region size 1024K, 5 young (5120K), 5 survivors (5120K)
 Metaspace       used 92483K, capacity 96292K, committed 96432K, reserved 337920K
  class space    used 11857K, capacity 13055K, committed 13056K, reserved 253952K
}
Event: 276.093 GC heap before
{Heap before GC invocations=29 (full 0):
 garbage-first heap   total 262144K, used 216677K [0x00000000e0000000, 0x0000000100000000)
  region size 1024K, 67 young (68608K), 5 survivors (5120K)
 Metaspace       used 92651K, capacity 96407K, committed 96432K, reserved 337920K
  class space    used 11857K, capacity 13050K, committed 13056K, reserved 253952K
}
Event: 276.103 GC heap after
{Heap after GC invocations=30 (full 0):
 garbage-first heap   total 262144K, used 154334K [0x00000000e0000000, 0x0000000100000000)
  region size 1024K, 6 young (6144K), 6 survivors (6144K)
 Metaspace       used 92651K, capacity 96407K, committed 96432K, reserved 337920K
  class space    used 11857K, capacity 13050K, committed 13056K, reserved 253952K
}
Event: 278.913 GC heap before
{Heap before GC invocations=30 (full 0):
 garbage-first heap   total 262144K, used 218846K [0x00000000e0000000, 0x0000000100000000)
  region size 1024K, 70 young (71680K), 6 survivors (6144K)
 Metaspace       used 92994K, capacity 96815K, committed 96944K, reserved 337920K
  class space    used 11863K, capacity 13055K, committed 13056K, reserved 253952K
}
Event: 278.933 GC heap after
{Heap after GC invocations=31 (full 0):
 garbage-first heap   total 262144K, used 159753K [0x00000000e0000000, 0x0000000100000000)
  region size 1024K, 8 young (8192K), 8 survivors (8192K)
 Metaspace       used 92994K, capacity 96815K, committed 96944K, reserved 337920K
  class space    used 11863K, capacity 13055K, committed 13056K, reserved 253952K
}

Deoptimization events (10 events):
Event: 277.354 Thread 0x00000204859fb000 Uncommon trap: reason=unstable_if action=reinterpret pc=0x00000204f33c8104 method=org.gradle.internal.snapshot.PathUtil.equalChars(CCLorg/gradle/internal/snapshot/CaseSensitivity;)Z @ 40 c2
Event: 278.267 Thread 0x00000204859fb000 Uncommon trap: reason=unstable_if action=reinterpret pc=0x00000204f3746d10 method=java.time.LocalDateTime.compareTo0(Ljava/time/LocalDateTime;)I @ 13 c2
Event: 278.267 Thread 0x00000204859fb000 Uncommon trap: reason=unstable_if action=reinterpret pc=0x00000204f3738acc method=java.time.LocalDateTime.compareTo0(Ljava/time/LocalDateTime;)I @ 13 c2
Event: 278.267 Thread 0x00000204859fb000 Uncommon trap: reason=unstable_if action=reinterpret pc=0x00000204f373dc7c method=java.time.LocalDateTime.compareTo0(Ljava/time/LocalDateTime;)I @ 13 c2
Event: 278.267 Thread 0x00000204859fb000 Uncommon trap: reason=unstable_if action=reinterpret pc=0x00000204f373c1b4 method=java.time.LocalDateTime.compareTo0(Ljava/time/LocalDateTime;)I @ 13 c2
Event: 279.553 Thread 0x00000204859fb000 Uncommon trap: reason=predicate action=maybe_recompile pc=0x00000204f2f93a00 method=com.google.common.collect.RegularImmutableMap.fromEntryArray(I[Ljava/util/Map$Entry;)Lcom/google/common/collect/ImmutableMap; @ 59 c2
Event: 279.553 Thread 0x00000204859fb000 Uncommon trap: reason=profile_predicate action=maybe_recompile pc=0x00000204f2f95250 method=com.google.common.collect.RegularImmutableMap.fromEntryArray(I[Ljava/util/Map$Entry;)Lcom/google/common/collect/ImmutableMap; @ 56 c2
Event: 279.554 Thread 0x00000204859fb000 Uncommon trap: reason=profile_predicate action=maybe_recompile pc=0x00000204f2f95250 method=com.google.common.collect.RegularImmutableMap.fromEntryArray(I[Ljava/util/Map$Entry;)Lcom/google/common/collect/ImmutableMap; @ 56 c2
Event: 279.555 Thread 0x00000204859fb000 Uncommon trap: reason=profile_predicate action=maybe_recompile pc=0x00000204f2f95250 method=com.google.common.collect.RegularImmutableMap.fromEntryArray(I[Ljava/util/Map$Entry;)Lcom/google/common/collect/ImmutableMap; @ 56 c2
Event: 279.555 Thread 0x00000204859fb000 Uncommon trap: reason=profile_predicate action=maybe_recompile pc=0x00000204f2f95250 method=com.google.common.collect.RegularImmutableMap.fromEntryArray(I[Ljava/util/Map$Entry;)Lcom/google/common/collect/ImmutableMap; @ 56 c2

Classes redefined (0 events):
No events

Internal exceptions (10 events):
Event: 278.651 Thread 0x00000204859fb000 Exception <a 'sun/nio/fs/WindowsException'{0x00000000ec2a8c18}> (0x00000000ec2a8c18) thrown at [./open/src/hotspot/share/prims/jni.cpp, line 611]
Event: 278.674 Thread 0x00000204859fb000 Exception <a 'sun/nio/fs/WindowsException'{0x00000000ec11d770}> (0x00000000ec11d770) thrown at [./open/src/hotspot/share/prims/jni.cpp, line 611]
Event: 278.695 Thread 0x00000204859fb000 Exception <a 'sun/nio/fs/WindowsException'{0x00000000ec1f5c58}> (0x00000000ec1f5c58) thrown at [./open/src/hotspot/share/prims/jni.cpp, line 611]
Event: 278.700 Thread 0x00000204859fb000 Exception <a 'sun/nio/fs/WindowsException'{0x00000000ec00db20}> (0x00000000ec00db20) thrown at [./open/src/hotspot/share/prims/jni.cpp, line 611]
Event: 278.728 Thread 0x00000204859fb000 Exception <a 'sun/nio/fs/WindowsException'{0x00000000ec01a6e8}> (0x00000000ec01a6e8) thrown at [./open/src/hotspot/share/prims/jni.cpp, line 611]
Event: 278.728 Thread 0x00000204859fb000 Exception <a 'sun/nio/fs/WindowsException'{0x00000000ec01b8d0}> (0x00000000ec01b8d0) thrown at [./open/src/hotspot/share/prims/jni.cpp, line 611]
Event: 278.731 Thread 0x00000204859fb000 Exception <a 'sun/nio/fs/WindowsException'{0x00000000ec022a78}> (0x00000000ec022a78) thrown at [./open/src/hotspot/share/prims/jni.cpp, line 611]
Event: 278.795 Thread 0x00000204859fb000 Exception <a 'sun/nio/fs/WindowsException'{0x00000000ec035750}> (0x00000000ec035750) thrown at [./open/src/hotspot/share/prims/jni.cpp, line 611]
Event: 278.807 Thread 0x00000204859fb000 Exception <a 'sun/nio/fs/WindowsException'{0x00000000ec041358}> (0x00000000ec041358) thrown at [./open/src/hotspot/share/prims/jni.cpp, line 611]
Event: 278.811 Thread 0x00000204859fb000 Exception <a 'sun/nio/fs/WindowsException'{0x00000000ec04c118}> (0x00000000ec04c118) thrown at [./open/src/hotspot/share/prims/jni.cpp, line 611]

Events (10 events):
Event: 279.553 Thread 0x00000204859fb000 DEOPT UNPACKING pc=0x00000204eb32662f sp=0x000000db305fa2a8 mode 2
Event: 279.554 Thread 0x00000204859fb000 Uncommon trap: trap_request=0xffffffbe fr.pc=0x00000204f2f95250 relative=0x0000000000000d50
Event: 279.554 Thread 0x00000204859fb000 DEOPT PACKING pc=0x00000204f2f95250 sp=0x000000db305fa2d0
Event: 279.554 Thread 0x00000204859fb000 DEOPT UNPACKING pc=0x00000204eb32662f sp=0x000000db305fa2a8 mode 2
Event: 279.555 Thread 0x00000204859fb000 Uncommon trap: trap_request=0xffffffbe fr.pc=0x00000204f2f95250 relative=0x0000000000000d50
Event: 279.555 Thread 0x00000204859fb000 DEOPT PACKING pc=0x00000204f2f95250 sp=0x000000db305fa2d0
Event: 279.555 Thread 0x00000204859fb000 DEOPT UNPACKING pc=0x00000204eb32662f sp=0x000000db305fa2a8 mode 2
Event: 279.555 Thread 0x00000204859fb000 Uncommon trap: trap_request=0xffffffbe fr.pc=0x00000204f2f95250 relative=0x0000000000000d50
Event: 279.555 Thread 0x00000204859fb000 DEOPT PACKING pc=0x00000204f2f95250 sp=0x000000db305fa2d0
Event: 279.555 Thread 0x00000204859fb000 DEOPT UNPACKING pc=0x00000204eb32662f sp=0x000000db305fa2a8 mode 2


Dynamic libraries:
0x00007ff69e780000 - 0x00007ff69e78f000 	C:\JAVA 11\bin\java.exe
0x00007ffcc1ce0000 - 0x00007ffcc1ee9000 	C:\WINDOWS\SYSTEM32\ntdll.dll
0x00007ffcc0340000 - 0x00007ffcc03fd000 	C:\WINDOWS\System32\KERNEL32.DLL
0x00007ffcbf190000 - 0x00007ffcbf509000 	C:\WINDOWS\System32\KERNELBASE.dll
0x00007ffcbf660000 - 0x00007ffcbf771000 	C:\WINDOWS\System32\ucrtbase.dll
0x00007ffc90300000 - 0x00007ffc90318000 	C:\JAVA 11\bin\jli.dll
0x00007ffc8e000000 - 0x00007ffc8e015000 	C:\JAVA 11\bin\VCRUNTIME140.dll
0x00007ffcc1310000 - 0x00007ffcc13be000 	C:\WINDOWS\System32\ADVAPI32.dll
0x00007ffcc0e90000 - 0x00007ffcc0f33000 	C:\WINDOWS\System32\msvcrt.dll
0x00007ffcc0430000 - 0x00007ffcc04ce000 	C:\WINDOWS\System32\sechost.dll
0x00007ffcbfea0000 - 0x00007ffcbffc0000 	C:\WINDOWS\System32\RPCRT4.dll
0x00007ffcc1ac0000 - 0x00007ffcc1c6c000 	C:\WINDOWS\System32\USER32.dll
0x00007ffcbf510000 - 0x00007ffcbf536000 	C:\WINDOWS\System32\win32u.dll
0x00007ffca3700000 - 0x00007ffca39a5000 	C:\WINDOWS\WinSxS\amd64_microsoft.windows.common-controls_6595b64144ccf1df_6.0.22000.120_none_9d947278b86cc467\COMCTL32.dll
0x00007ffcc0f40000 - 0x00007ffcc0f69000 	C:\WINDOWS\System32\GDI32.dll
0x00007ffcbf540000 - 0x00007ffcbf652000 	C:\WINDOWS\System32\gdi32full.dll
0x00007ffcbfa20000 - 0x00007ffcbfabd000 	C:\WINDOWS\System32\msvcp_win.dll
0x00007ffcb6320000 - 0x00007ffcb632a000 	C:\WINDOWS\SYSTEM32\VERSION.dll
0x00007ffcbfd70000 - 0x00007ffcbfda1000 	C:\WINDOWS\System32\IMM32.DLL
0x00007ffc80680000 - 0x00007ffc8071b000 	C:\JAVA 11\bin\msvcp140.dll
0x00007ffc48130000 - 0x00007ffc48c46000 	C:\JAVA 11\bin\server\jvm.dll
0x00007ffcc0420000 - 0x00007ffcc0428000 	C:\WINDOWS\System32\PSAPI.DLL
0x00007ffcb67a0000 - 0x00007ffcb67d3000 	C:\WINDOWS\SYSTEM32\WINMM.dll
0x00007ffcb5760000 - 0x00007ffcb5769000 	C:\WINDOWS\SYSTEM32\WSOCK32.dll
0x00007ffcc10b0000 - 0x00007ffcc111f000 	C:\WINDOWS\System32\WS2_32.dll
0x00007ffcbe290000 - 0x00007ffcbe2a8000 	C:\WINDOWS\SYSTEM32\kernel.appcore.dll
0x00007ffca1230000 - 0x00007ffca1240000 	C:\JAVA 11\bin\verify.dll
0x00007ffcbcf40000 - 0x00007ffcbd161000 	C:\WINDOWS\SYSTEM32\DBGHELP.DLL
0x00007ffcb5530000 - 0x00007ffcb5561000 	C:\WINDOWS\SYSTEM32\dbgcore.DLL
0x00007ffcbfac0000 - 0x00007ffcbfb3f000 	C:\WINDOWS\System32\bcryptPrimitives.dll
0x00007ffc8d0f0000 - 0x00007ffc8d118000 	C:\JAVA 11\bin\java.dll
0x00007ffca1090000 - 0x00007ffca109a000 	C:\JAVA 11\bin\jimage.dll
0x00007ffc8dcc0000 - 0x00007ffc8dcd6000 	C:\JAVA 11\bin\zip.dll
0x00007ffcc0560000 - 0x00007ffcc0d18000 	C:\WINDOWS\System32\SHELL32.dll
0x00007ffcbd300000 - 0x00007ffcbdb68000 	C:\WINDOWS\SYSTEM32\windows.storage.dll
0x00007ffcbffc0000 - 0x00007ffcc0339000 	C:\WINDOWS\System32\combase.dll
0x00007ffcbd190000 - 0x00007ffcbd2f6000 	C:\WINDOWS\SYSTEM32\wintypes.dll
0x00007ffcc0da0000 - 0x00007ffcc0e8a000 	C:\WINDOWS\System32\SHCORE.dll
0x00007ffcc0ff0000 - 0x00007ffcc104d000 	C:\WINDOWS\System32\shlwapi.dll
0x00007ffcbf0c0000 - 0x00007ffcbf0e1000 	C:\WINDOWS\SYSTEM32\profapi.dll
0x00007ffc8d7f0000 - 0x00007ffc8d809000 	C:\JAVA 11\bin\net.dll
0x00007ffcba8e0000 - 0x00007ffcba9ec000 	C:\WINDOWS\SYSTEM32\WINHTTP.dll
0x00007ffcbe730000 - 0x00007ffcbe797000 	C:\WINDOWS\system32\mswsock.dll
0x00007ffc8d4c0000 - 0x00007ffc8d4d2000 	C:\JAVA 11\bin\nio.dll
0x00007ffc8d810000 - 0x00007ffc8d837000 	C:\Users\karol\.gradle\native\e1d6ef7f7dcc3fd88c89a11ec53ec762bb8ba0a96d01ffa2cd45eb1d1d8dd5c5\windows-amd64\native-platform.dll
0x00007ffc78a80000 - 0x00007ffc78bc4000 	C:\Users\karol\.gradle\native\0d407fdbe67a94daf76414ababcb853783967236a71b16ec16e742cd7a986fd3\windows-amd64\native-platform-file-events.dll
0x00007ffca0ee0000 - 0x00007ffca0ee9000 	C:\JAVA 11\bin\management.dll
0x00007ffca0970000 - 0x00007ffca097b000 	C:\JAVA 11\bin\management_ext.dll
0x00007ffcbe970000 - 0x00007ffcbe988000 	C:\WINDOWS\SYSTEM32\CRYPTSP.dll
0x00007ffcbe1f0000 - 0x00007ffcbe225000 	C:\WINDOWS\system32\rsaenh.dll
0x00007ffcbe820000 - 0x00007ffcbe849000 	C:\WINDOWS\SYSTEM32\USERENV.dll
0x00007ffcbeaf0000 - 0x00007ffcbeb17000 	C:\WINDOWS\SYSTEM32\bcrypt.dll
0x00007ffcbe990000 - 0x00007ffcbe99c000 	C:\WINDOWS\SYSTEM32\CRYPTBASE.dll
0x00007ffcbddb0000 - 0x00007ffcbdddd000 	C:\WINDOWS\SYSTEM32\IPHLPAPI.DLL
0x00007ffcc0f70000 - 0x00007ffcc0f79000 	C:\WINDOWS\System32\NSI.dll
0x00007ffcb6550000 - 0x00007ffcb6569000 	C:\WINDOWS\SYSTEM32\dhcpcsvc6.DLL
0x00007ffcb6b20000 - 0x00007ffcb6b3e000 	C:\WINDOWS\SYSTEM32\dhcpcsvc.DLL
0x00007ffcbdde0000 - 0x00007ffcbdec8000 	C:\WINDOWS\SYSTEM32\DNSAPI.dll

dbghelp: loaded successfully - version: 4.0.5 - missing functions: none
symbol engine: initialized successfully - sym options: 0x614 - pdb path: .;C:\JAVA 11\bin;C:\WINDOWS\SYSTEM32;C:\WINDOWS\WinSxS\amd64_microsoft.windows.common-controls_6595b64144ccf1df_6.0.22000.120_none_9d947278b86cc467;C:\JAVA 11\bin\server;C:\Users\karol\.gradle\native\e1d6ef7f7dcc3fd88c89a11ec53ec762bb8ba0a96d01ffa2cd45eb1d1d8dd5c5\windows-amd64;C:\Users\karol\.gradle\native\0d407fdbe67a94daf76414ababcb853783967236a71b16ec16e742cd7a986fd3\windows-amd64

VM Arguments:
jvm_args: --add-opens=java.base/java.util=ALL-UNNAMED --add-opens=java.base/java.lang=ALL-UNNAMED --add-opens=java.base/java.lang.invoke=ALL-UNNAMED --add-opens=java.base/java.util=ALL-UNNAMED --add-opens=java.prefs/java.util.prefs=ALL-UNNAMED --add-opens=java.prefs/java.util.prefs=ALL-UNNAMED --add-opens=java.base/java.nio.charset=ALL-UNNAMED --add-opens=java.base/java.net=ALL-UNNAMED --add-opens=java.base/java.util.concurrent.atomic=ALL-UNNAMED -XX:MaxMetaspaceSize=256m -XX:+HeapDumpOnOutOfMemoryError -Xms256m -Xmx512m -Dfile.encoding=windows-1250 -Duser.country=PL -Duser.language=pl -Duser.variant 
java_command: org.gradle.launcher.daemon.bootstrap.GradleDaemon 7.4.1
java_class_path (initial): C:\Users\karol\.gradle\wrapper\dists\gradle-7.4.1-bin\58kw26xllvsiedyf3nujyarhn\gradle-7.4.1\lib\gradle-launcher-7.4.1.jar
Launcher Type: SUN_STANDARD

[Global flags]
     intx CICompilerCount                          = 4                                         {product} {ergonomic}
   size_t CompressedClassSpaceSize                 = 260046848                                 {product} {ergonomic}
     uint ConcGCThreads                            = 2                                         {product} {ergonomic}
     uint G1ConcRefinementThreads                  = 8                                         {product} {ergonomic}
   size_t G1HeapRegionSize                         = 1048576                                   {product} {ergonomic}
    uintx GCDrainStackTargetSize                   = 64                                        {product} {ergonomic}
     bool HeapDumpOnOutOfMemoryError               = true                                   {manageable} {command line}
   size_t InitialHeapSize                          = 268435456                                 {product} {command line}
   size_t MarkStackSize                            = 4194304                                   {product} {ergonomic}
   size_t MaxHeapSize                              = 536870912                                 {product} {command line}
   size_t MaxMetaspaceSize                         = 268435456                                 {product} {command line}
   size_t MaxNewSize                               = 321912832                                 {product} {ergonomic}
   size_t MinHeapDeltaBytes                        = 1048576                                   {product} {ergonomic}
    uintx NonNMethodCodeHeapSize                   = 5836300                                {pd product} {ergonomic}
    uintx NonProfiledCodeHeapSize                  = 122910970                              {pd product} {ergonomic}
    uintx ProfiledCodeHeapSize                     = 122910970                              {pd product} {ergonomic}
    uintx ReservedCodeCacheSize                    = 251658240                              {pd product} {ergonomic}
     bool SegmentedCodeCache                       = true                                      {product} {ergonomic}
     bool UseCompressedClassPointers               = true                                 {lp64_product} {ergonomic}
     bool UseCompressedOops                        = true                                 {lp64_product} {ergonomic}
     bool UseG1GC                                  = true                                      {product} {ergonomic}
     bool UseLargePagesIndividualAllocation        = false                                  {pd product} {ergonomic}

Logging:
Log output configuration:
 #0: stdout all=warning uptime,level,tags
 #1: stderr all=off uptime,level,tags

Environment Variables:
JAVA_HOME=C:\JAVA 11
PATH=C:\Program Files\Common Files\Oracle\Java\javapath;C:\Program Files (x86)\Common Files\Oracle\Java\javapath;C:\WINDOWS\system32;C:\WINDOWS;C:\WINDOWS\System32\Wbem;C:\WINDOWS\System32\WindowsPowerShell\v1.0\;C:\WINDOWS\System32\OpenSSH\;C:\Program Files\dotnet\;C:\Program Files\Git\cmd;C:\gradle-7.4.2\bin;C:\Program Files\MySQL\MySQL Shell 8.0\bin\;C:\Users\karol\AppData\Local\Microsoft\WindowsApps;C:\JAVA 11\bin;;C:\Users\karol\AppData\Local\Programs\Microsoft VS Code\bin
USERNAME=karol
OS=Windows_NT
PROCESSOR_IDENTIFIER=Intel64 Family 6 Model 142 Stepping 12, GenuineIntel



---------------  S Y S T E M  ---------------

OS: Windows 11 , 64 bit Build 22000 (10.0.22000.708)

CPU:total 8 (initial active 8) (4 cores per cpu, 2 threads per core) family 6 model 142 stepping 12 microcode 0xde, cmov, cx8, fxsr, mmx, sse, sse2, sse3, ssse3, sse4.1, sse4.2, popcnt, avx, avx2, aes, clmul, erms, 3dnowpref, lzcnt, ht, tsc, tscinvbit, bmi1, bmi2, adx, fma

Memory: 4k page, system-wide physical 16182M (558M free)
TotalPageFile size 23411M (AvailPageFile size 0M)
current process WorkingSet (physical memory assigned to process): 529M, peak: 551M
current process commit charge ("private bytes"): 579M, peak: 599M

vm_info: Java HotSpot(TM) 64-Bit Server VM (11.0.14+8-LTS-263) for windows-amd64 JRE (11.0.14+8-LTS-263), built on Dec  7 2021 21:53:57 by "mach5one" with MS VC++ 15.9 (VS2017)

END.
