#
# There is insufficient memory for the Java Runtime Environment to continue.
# Native memory allocation (malloc) failed to allocate 1814896 bytes for Chunk::new
# Possible reasons:
#   The system is out of physical RAM or swap space
#   The process is running with CompressedOops enabled, and the Java Heap may be blocking the growth of the native heap
# Possible solutions:
#   Reduce memory load on the system
#   Increase physical memory or swap space
#   Check if swap backing store is full
#   Decrease Java heap size (-Xmx/-Xms)
#   Decrease number of Java threads
#   Decrease Java thread stack sizes (-Xss)
#   Set larger code cache with -XX:ReservedCodeCacheSize=
#   JVM is running with Unscaled Compressed Oops mode in which the Java heap is
#     placed in the first 4GB address space. The Java Heap base address is the
#     maximum limit for the native heap growth. Please use -XX:HeapBaseMinAddress
#     to set the Java Heap base and to place the Java Heap above 4GB virtual address.
# This output file may be truncated or incomplete.
#
#  Out of Memory Error (./open/src/hotspot/share/memory/arena.cpp:197), pid=56356, tid=57140
#
# JRE version: Java(TM) SE Runtime Environment 18.9 (11.0.14+8) (build 11.0.14+8-LTS-263)
# Java VM: Java HotSpot(TM) 64-Bit Server VM 18.9 (11.0.14+8-LTS-263, mixed mode, tiered, compressed oops, g1 gc, windows-amd64)
# No core dump will be written. Minidumps are not enabled by default on client versions of Windows
#

---------------  S U M M A R Y ------------

Command Line: --add-opens=java.base/java.util=ALL-UNNAMED --add-opens=java.base/java.lang=ALL-UNNAMED --add-opens=java.base/java.lang.invoke=ALL-UNNAMED --add-opens=java.base/java.util=ALL-UNNAMED --add-opens=java.prefs/java.util.prefs=ALL-UNNAMED --add-opens=java.prefs/java.util.prefs=ALL-UNNAMED --add-opens=java.base/java.nio.charset=ALL-UNNAMED --add-opens=java.base/java.net=ALL-UNNAMED --add-opens=java.base/java.util.concurrent.atomic=ALL-UNNAMED -XX:MaxMetaspaceSize=256m -XX:+HeapDumpOnOutOfMemoryError -Xms256m -Xmx512m -Dfile.encoding=windows-1250 -Duser.country=PL -Duser.language=pl -Duser.variant org.gradle.launcher.daemon.bootstrap.GradleDaemon 7.4.1

Host: Intel(R) Core(TM) i7-10510U CPU @ 1.80GHz, 8 cores, 15G,  Windows 11 , 64 bit Build 22000 (10.0.22000.708)
Time: Tue Jun 28 13:38:47 2022 Œrodkowoeuropejski czas letni elapsed time: 49.812694 seconds (0d 0h 0m 49s)

---------------  T H R E A D  ---------------

Current thread (0x0000027e03525800):  JavaThread "C2 CompilerThread0" daemon [_thread_in_native, id=57140, stack(0x000000b955400000,0x000000b955500000)]


Current CompileTask:
C2:  49812 3698       4       groovy.lang.MetaClassImpl$1MOPIter::methodNameAction (325 bytes)

Stack: [0x000000b955400000,0x000000b955500000]
Native frames: (J=compiled Java code, j=interpreted, Vv=VM code, C=native code)
V  [jvm.dll+0x6296da]
V  [jvm.dll+0x76323f]
V  [jvm.dll+0x7648e9]
V  [jvm.dll+0x764f73]
V  [jvm.dll+0x23d7c8]
V  [jvm.dll+0xb297c]
V  [jvm.dll+0xb2f3c]
V  [jvm.dll+0x340e97]
V  [jvm.dll+0x30e803]
V  [jvm.dll+0x30db4a]
V  [jvm.dll+0x1f8365]
V  [jvm.dll+0x1f754d]
V  [jvm.dll+0x177b21]
V  [jvm.dll+0x206e26]
V  [jvm.dll+0x204fbb]
V  [jvm.dll+0x729170]
V  [jvm.dll+0x721d44]
V  [jvm.dll+0x6285d6]
C  [ucrtbase.dll+0x26c0c]
C  [KERNEL32.DLL+0x154e0]
C  [ntdll.dll+0x485b]


---------------  P R O C E S S  ---------------

Threads class SMR info:
_java_thread_list=0x0000027e07a155e0, length=36, elements={
0x0000027e68d58000, 0x0000027e034ff800, 0x0000027e03500800, 0x0000027e03e93000,
0x0000027e0351e000, 0x0000027e03522800, 0x0000027e03525800, 0x0000027e03528000,
0x0000027e03529000, 0x0000027e03f9e800, 0x0000027e069f4000, 0x0000027e06172800,
0x0000027e067f5000, 0x0000027e067e9000, 0x0000027e04ff9800, 0x0000027e05504800,
0x0000027e05630800, 0x0000027e05808000, 0x0000027e056f1000, 0x0000027e04004000,
0x0000027e03fff000, 0x0000027e04000000, 0x0000027e03ffe800, 0x0000027e04003000,
0x0000027e04002800, 0x0000027e04001800, 0x0000027e04005000, 0x0000027e04000800,
0x0000027e068c0800, 0x0000027e068c1000, 0x0000027e068bb800, 0x0000027e068c2000,
0x0000027e068bc000, 0x0000027e068bd000, 0x0000027e068ca000, 0x0000027e068c7800
}

Java Threads: ( => current thread )
  0x0000027e68d58000 JavaThread "main" [_thread_blocked, id=56820, stack(0x000000b954800000,0x000000b954900000)]
  0x0000027e034ff800 JavaThread "Reference Handler" daemon [_thread_blocked, id=57044, stack(0x000000b954f00000,0x000000b955000000)]
  0x0000027e03500800 JavaThread "Finalizer" daemon [_thread_blocked, id=57056, stack(0x000000b955000000,0x000000b955100000)]
  0x0000027e03e93000 JavaThread "Signal Dispatcher" daemon [_thread_blocked, id=57128, stack(0x000000b955100000,0x000000b955200000)]
  0x0000027e0351e000 JavaThread "Attach Listener" daemon [_thread_blocked, id=57132, stack(0x000000b955200000,0x000000b955300000)]
  0x0000027e03522800 JavaThread "Service Thread" daemon [_thread_blocked, id=57136, stack(0x000000b955300000,0x000000b955400000)]
=>0x0000027e03525800 JavaThread "C2 CompilerThread0" daemon [_thread_in_native, id=57140, stack(0x000000b955400000,0x000000b955500000)]
  0x0000027e03528000 JavaThread "C1 CompilerThread0" daemon [_thread_blocked, id=57144, stack(0x000000b955500000,0x000000b955600000)]
  0x0000027e03529000 JavaThread "Sweeper thread" daemon [_thread_blocked, id=57148, stack(0x000000b955600000,0x000000b955700000)]
  0x0000027e03f9e800 JavaThread "Common-Cleaner" daemon [_thread_blocked, id=57260, stack(0x000000b955700000,0x000000b955800000)]
  0x0000027e069f4000 JavaThread "Daemon health stats" [_thread_blocked, id=58136, stack(0x000000b955f00000,0x000000b956000000)]
  0x0000027e06172800 JavaThread "Incoming local TCP Connector on port 60273" [_thread_in_native, id=57392, stack(0x000000b955e00000,0x000000b955f00000)]
  0x0000027e067f5000 JavaThread "Daemon periodic checks" [_thread_blocked, id=47032, stack(0x000000b956000000,0x000000b956100000)]
  0x0000027e067e9000 JavaThread "Daemon" [_thread_blocked, id=54780, stack(0x000000b956100000,0x000000b956200000)]
  0x0000027e04ff9800 JavaThread "Handler for socket connection from /127.0.0.1:60273 to /127.0.0.1:60292" [_thread_in_native, id=51184, stack(0x000000b956200000,0x000000b956300000)]
  0x0000027e05504800 JavaThread "Cancel handler" [_thread_blocked, id=55844, stack(0x000000b956300000,0x000000b956400000)]
  0x0000027e05630800 JavaThread "Daemon worker" [_thread_blocked, id=25172, stack(0x000000b956400000,0x000000b956500000)]
  0x0000027e05808000 JavaThread "Asynchronous log dispatcher for DefaultDaemonConnection: socket connection from /127.0.0.1:60273 to /127.0.0.1:60292" [_thread_blocked, id=52432, stack(0x000000b956500000,0x000000b956600000)]
  0x0000027e056f1000 JavaThread "Stdin handler" [_thread_blocked, id=52056, stack(0x000000b956600000,0x000000b956700000)]
  0x0000027e04004000 JavaThread "Daemon client event forwarder" [_thread_blocked, id=31716, stack(0x000000b956700000,0x000000b956800000)]
  0x0000027e03fff000 JavaThread "Cache worker for journal cache (C:\Users\karol\.gradle\caches\journal-1)" [_thread_blocked, id=53216, stack(0x000000b956a00000,0x000000b956b00000)]
  0x0000027e04000000 JavaThread "File lock request listener" [_thread_in_native, id=55040, stack(0x000000b956b00000,0x000000b956c00000)]
  0x0000027e03ffe800 JavaThread "Cache worker for file hash cache (C:\Users\karol\.gradle\caches\7.4.1\fileHashes)" [_thread_blocked, id=57220, stack(0x000000b956c00000,0x000000b956d00000)]
  0x0000027e04003000 JavaThread "File lock release action executor" [_thread_blocked, id=57716, stack(0x000000b956d00000,0x000000b956e00000)]
  0x0000027e04002800 JavaThread "File watcher server" daemon [_thread_in_native, id=56600, stack(0x000000b956f00000,0x000000b957000000)]
  0x0000027e04001800 JavaThread "File watcher consumer" daemon [_thread_blocked, id=56328, stack(0x000000b957000000,0x000000b957100000)]
  0x0000027e04005000 JavaThread "Cache worker for checksums cache (C:\kodilla-course\kodilla-hibernate\.gradle\7.4.1\checksums)" [_thread_blocked, id=51636, stack(0x000000b957100000,0x000000b957200000)]
  0x0000027e04000800 JavaThread "Cache worker for cache directory md-rule (C:\Users\karol\.gradle\caches\7.4.1\md-rule)" [_thread_blocked, id=42052, stack(0x000000b957200000,0x000000b957300000)]
  0x0000027e068c0800 JavaThread "Cache worker for file hash cache (C:\kodilla-course\kodilla-hibernate\.gradle\7.4.1\fileHashes)" [_thread_blocked, id=58272, stack(0x000000b957300000,0x000000b957400000)]
  0x0000027e068c1000 JavaThread "Cache worker for cache directory md-supplier (C:\Users\karol\.gradle\caches\7.4.1\md-supplier)" [_thread_blocked, id=41732, stack(0x000000b957400000,0x000000b957500000)]
  0x0000027e068bb800 JavaThread "Cache worker for execution history cache (C:\Users\karol\.gradle\caches\7.4.1\executionHistory)" [_thread_blocked, id=51856, stack(0x000000b957500000,0x000000b957600000)]
  0x0000027e068c2000 JavaThread "jar transforms" [_thread_blocked, id=55028, stack(0x000000b957600000,0x000000b957700000)]
  0x0000027e068bc000 JavaThread "jar transforms Thread 2" [_thread_blocked, id=55124, stack(0x000000b957700000,0x000000b957800000)]
  0x0000027e068bd000 JavaThread "Cache worker for file content cache (C:\Users\karol\.gradle\caches\7.4.1\fileContent)" [_thread_blocked, id=32820, stack(0x000000b957c00000,0x000000b957d00000)]
  0x0000027e068ca000 JavaThread "jar transforms Thread 3" [_thread_blocked, id=56140, stack(0x000000b957800000,0x000000b957900000)]
  0x0000027e068c7800 JavaThread "jar transforms Thread 4" [_thread_blocked, id=46520, stack(0x000000b957b00000,0x000000b957c00000)]

Other Threads:
  0x0000027e034da000 VMThread "VM Thread" [stack: 0x000000b954e00000,0x000000b954f00000] [id=56960]
  0x0000027e0401d000 WatcherThread [stack: 0x000000b955800000,0x000000b955900000] [id=57328]
  0x0000027e68d6d000 GCTaskThread "GC Thread#0" [stack: 0x000000b954900000,0x000000b954a00000] [id=56908]
  0x0000027e04ae0000 GCTaskThread "GC Thread#1" [stack: 0x000000b955900000,0x000000b955a00000] [id=57588]
  0x0000027e04ae1000 GCTaskThread "GC Thread#2" [stack: 0x000000b955a00000,0x000000b955b00000] [id=57592]
  0x0000027e04b8f000 GCTaskThread "GC Thread#3" [stack: 0x000000b955b00000,0x000000b955c00000] [id=57596]
  0x0000027e04b8f800 GCTaskThread "GC Thread#4" [stack: 0x000000b955c00000,0x000000b955d00000] [id=57600]
  0x0000027e04a2b800 GCTaskThread "GC Thread#5" [stack: 0x000000b955d00000,0x000000b955e00000] [id=57604]
  0x0000027e058a7800 GCTaskThread "GC Thread#6" [stack: 0x000000b956800000,0x000000b956900000] [id=56504]
  0x0000027e05d48800 GCTaskThread "GC Thread#7" [stack: 0x000000b956900000,0x000000b956a00000] [id=16192]
  0x0000027e68d81800 ConcurrentGCThread "G1 Main Marker" [stack: 0x000000b954a00000,0x000000b954b00000] [id=56920]
  0x0000027e68d83800 ConcurrentGCThread "G1 Conc#0" [stack: 0x000000b954b00000,0x000000b954c00000] [id=56924]
  0x0000027e05dfb000 ConcurrentGCThread "G1 Conc#1" [stack: 0x000000b956e00000,0x000000b956f00000] [id=56648]
  0x0000027e68e3e800 ConcurrentGCThread "G1 Refine#0" [stack: 0x000000b954c00000,0x000000b954d00000] [id=56936]
  0x0000027e03375800 ConcurrentGCThread "G1 Young RemSet Sampling" [stack: 0x000000b954d00000,0x000000b954e00000] [id=56940]

Threads with active compile tasks:
C2 CompilerThread0  49859 3698       4       groovy.lang.MetaClassImpl$1MOPIter::methodNameAction (325 bytes)

VM state:not at safepoint (normal execution)

VM Mutex/Monitor currently owned by a thread: None

Heap address: 0x00000000e0000000, size: 512 MB, Compressed Oops mode: 32-bit
Narrow klass base: 0x0000000000000000, Narrow klass shift: 3
Compressed class space size: 260046848 Address: 0x0000000100000000

Heap:
 garbage-first heap   total 262144K, used 72572K [0x00000000e0000000, 0x0000000100000000)
  region size 1024K, 54 young (55296K), 6 survivors (6144K)
 Metaspace       used 39410K, capacity 40305K, committed 40448K, reserved 290816K
  class space    used 5000K, capacity 5347K, committed 5376K, reserved 253952K
Heap Regions: E=young(eden), S=young(survivor), O=old, HS=humongous(starts), HC=humongous(continues), CS=collection set, F=free, A=archive, TAMS=top-at-mark-start (previous, next)
|   0|0x00000000e0000000, 0x00000000e0100000, 0x00000000e0100000|100%| O|  |TAMS 0x00000000e0100000, 0x00000000e0000000| Untracked 
|   1|0x00000000e0100000, 0x00000000e0200000, 0x00000000e0200000|100%| O|  |TAMS 0x00000000e0200000, 0x00000000e0100000| Untracked 
|   2|0x00000000e0200000, 0x00000000e0300000, 0x00000000e0300000|100%| O|  |TAMS 0x00000000e0300000, 0x00000000e0200000| Untracked 
|   3|0x00000000e0300000, 0x00000000e0400000, 0x00000000e0400000|100%|HS|  |TAMS 0x00000000e0400000, 0x00000000e0300000| Complete 
|   4|0x00000000e0400000, 0x00000000e0500000, 0x00000000e0500000|100%|HC|  |TAMS 0x00000000e0500000, 0x00000000e0400000| Complete 
|   5|0x00000000e0500000, 0x00000000e0600000, 0x00000000e0600000|100%|HC|  |TAMS 0x00000000e0600000, 0x00000000e0500000| Complete 
|   6|0x00000000e0600000, 0x00000000e0700000, 0x00000000e0700000|100%| O|  |TAMS 0x00000000e0700000, 0x00000000e0600000| Untracked 
|   7|0x00000000e0700000, 0x00000000e0800000, 0x00000000e0800000|100%| O|  |TAMS 0x00000000e0800000, 0x00000000e0700000| Untracked 
|   8|0x00000000e0800000, 0x00000000e0900000, 0x00000000e0900000|100%| O|  |TAMS 0x00000000e0900000, 0x00000000e0800000| Untracked 
|   9|0x00000000e0900000, 0x00000000e0a00000, 0x00000000e0a00000|100%| O|  |TAMS 0x00000000e0a00000, 0x00000000e0900000| Untracked 
|  10|0x00000000e0a00000, 0x00000000e0b00000, 0x00000000e0b00000|100%| O|  |TAMS 0x00000000e0b00000, 0x00000000e0a00000| Untracked 
|  11|0x00000000e0b00000, 0x00000000e0c00000, 0x00000000e0c00000|100%| O|  |TAMS 0x00000000e0c00000, 0x00000000e0b00000| Untracked 
|  12|0x00000000e0c00000, 0x00000000e0d00000, 0x00000000e0d00000|100%| O|  |TAMS 0x00000000e0d00000, 0x00000000e0c00000| Untracked 
|  13|0x00000000e0d00000, 0x00000000e0e00000, 0x00000000e0e00000|100%| O|  |TAMS 0x00000000e0e00000, 0x00000000e0d00000| Untracked 
|  14|0x00000000e0e00000, 0x00000000e0f00000, 0x00000000e0f00000|100%| O|  |TAMS 0x00000000e0f00000, 0x00000000e0e00000| Untracked 
|  15|0x00000000e0f00000, 0x00000000e1000000, 0x00000000e1000000|100%| O|  |TAMS 0x00000000e1000000, 0x00000000e0f00000| Untracked 
|  16|0x00000000e1000000, 0x00000000e1039e00, 0x00000000e1100000| 22%| O|  |TAMS 0x00000000e1039e00, 0x00000000e1000000| Untracked 
|  17|0x00000000e1100000, 0x00000000e1200000, 0x00000000e1200000|100%|HS|  |TAMS 0x00000000e1100000, 0x00000000e1100000| Complete 
|  18|0x00000000e1200000, 0x00000000e1300000, 0x00000000e1300000|100%|HS|  |TAMS 0x00000000e1200000, 0x00000000e1200000| Complete 
|  19|0x00000000e1300000, 0x00000000e1400000, 0x00000000e1400000|100%|HC|  |TAMS 0x00000000e1300000, 0x00000000e1300000| Complete 
|  20|0x00000000e1400000, 0x00000000e1400000, 0x00000000e1500000|  0%| F|  |TAMS 0x00000000e1400000, 0x00000000e1400000| Untracked 
|  21|0x00000000e1500000, 0x00000000e1500000, 0x00000000e1600000|  0%| F|  |TAMS 0x00000000e1500000, 0x00000000e1500000| Untracked 
|  22|0x00000000e1600000, 0x00000000e1600000, 0x00000000e1700000|  0%| F|  |TAMS 0x00000000e1600000, 0x00000000e1600000| Untracked 
|  23|0x00000000e1700000, 0x00000000e1700000, 0x00000000e1800000|  0%| F|  |TAMS 0x00000000e1700000, 0x00000000e1700000| Untracked 
|  24|0x00000000e1800000, 0x00000000e1800000, 0x00000000e1900000|  0%| F|  |TAMS 0x00000000e1800000, 0x00000000e1800000| Untracked 
|  25|0x00000000e1900000, 0x00000000e1900000, 0x00000000e1a00000|  0%| F|  |TAMS 0x00000000e1900000, 0x00000000e1900000| Untracked 
|  26|0x00000000e1a00000, 0x00000000e1a00000, 0x00000000e1b00000|  0%| F|  |TAMS 0x00000000e1a00000, 0x00000000e1a00000| Untracked 
|  27|0x00000000e1b00000, 0x00000000e1b00000, 0x00000000e1c00000|  0%| F|  |TAMS 0x00000000e1b00000, 0x00000000e1b00000| Untracked 
|  28|0x00000000e1c00000, 0x00000000e1c00000, 0x00000000e1d00000|  0%| F|  |TAMS 0x00000000e1c00000, 0x00000000e1c00000| Untracked 
|  29|0x00000000e1d00000, 0x00000000e1d00000, 0x00000000e1e00000|  0%| F|  |TAMS 0x00000000e1d00000, 0x00000000e1d00000| Untracked 
|  30|0x00000000e1e00000, 0x00000000e1e00000, 0x00000000e1f00000|  0%| F|  |TAMS 0x00000000e1e00000, 0x00000000e1e00000| Untracked 
|  31|0x00000000e1f00000, 0x00000000e1f00000, 0x00000000e2000000|  0%| F|  |TAMS 0x00000000e1f00000, 0x00000000e1f00000| Untracked 
|  32|0x00000000e2000000, 0x00000000e2000000, 0x00000000e2100000|  0%| F|  |TAMS 0x00000000e2000000, 0x00000000e2000000| Untracked 
|  33|0x00000000e2100000, 0x00000000e2100000, 0x00000000e2200000|  0%| F|  |TAMS 0x00000000e2100000, 0x00000000e2100000| Untracked 
|  34|0x00000000e2200000, 0x00000000e2200000, 0x00000000e2300000|  0%| F|  |TAMS 0x00000000e2200000, 0x00000000e2200000| Untracked 
|  35|0x00000000e2300000, 0x00000000e2300000, 0x00000000e2400000|  0%| F|  |TAMS 0x00000000e2300000, 0x00000000e2300000| Untracked 
|  36|0x00000000e2400000, 0x00000000e2400000, 0x00000000e2500000|  0%| F|  |TAMS 0x00000000e2400000, 0x00000000e2400000| Untracked 
|  37|0x00000000e2500000, 0x00000000e2500000, 0x00000000e2600000|  0%| F|  |TAMS 0x00000000e2500000, 0x00000000e2500000| Untracked 
|  38|0x00000000e2600000, 0x00000000e2600000, 0x00000000e2700000|  0%| F|  |TAMS 0x00000000e2600000, 0x00000000e2600000| Untracked 
|  39|0x00000000e2700000, 0x00000000e2700000, 0x00000000e2800000|  0%| F|  |TAMS 0x00000000e2700000, 0x00000000e2700000| Untracked 
|  40|0x00000000e2800000, 0x00000000e2800000, 0x00000000e2900000|  0%| F|  |TAMS 0x00000000e2800000, 0x00000000e2800000| Untracked 
|  41|0x00000000e2900000, 0x00000000e2900000, 0x00000000e2a00000|  0%| F|  |TAMS 0x00000000e2900000, 0x00000000e2900000| Untracked 
|  42|0x00000000e2a00000, 0x00000000e2a00000, 0x00000000e2b00000|  0%| F|  |TAMS 0x00000000e2a00000, 0x00000000e2a00000| Untracked 
|  43|0x00000000e2b00000, 0x00000000e2b00000, 0x00000000e2c00000|  0%| F|  |TAMS 0x00000000e2b00000, 0x00000000e2b00000| Untracked 
|  44|0x00000000e2c00000, 0x00000000e2c00000, 0x00000000e2d00000|  0%| F|  |TAMS 0x00000000e2c00000, 0x00000000e2c00000| Untracked 
|  45|0x00000000e2d00000, 0x00000000e2d00000, 0x00000000e2e00000|  0%| F|  |TAMS 0x00000000e2d00000, 0x00000000e2d00000| Untracked 
|  46|0x00000000e2e00000, 0x00000000e2e00000, 0x00000000e2f00000|  0%| F|  |TAMS 0x00000000e2e00000, 0x00000000e2e00000| Untracked 
|  47|0x00000000e2f00000, 0x00000000e2f00000, 0x00000000e3000000|  0%| F|  |TAMS 0x00000000e2f00000, 0x00000000e2f00000| Untracked 
|  48|0x00000000e3000000, 0x00000000e3000000, 0x00000000e3100000|  0%| F|  |TAMS 0x00000000e3000000, 0x00000000e3000000| Untracked 
|  49|0x00000000e3100000, 0x00000000e3100000, 0x00000000e3200000|  0%| F|  |TAMS 0x00000000e3100000, 0x00000000e3100000| Untracked 
|  50|0x00000000e3200000, 0x00000000e3200000, 0x00000000e3300000|  0%| F|  |TAMS 0x00000000e3200000, 0x00000000e3200000| Untracked 
|  51|0x00000000e3300000, 0x00000000e3300000, 0x00000000e3400000|  0%| F|  |TAMS 0x00000000e3300000, 0x00000000e3300000| Untracked 
|  52|0x00000000e3400000, 0x00000000e3400000, 0x00000000e3500000|  0%| F|  |TAMS 0x00000000e3400000, 0x00000000e3400000| Untracked 
|  53|0x00000000e3500000, 0x00000000e3500000, 0x00000000e3600000|  0%| F|  |TAMS 0x00000000e3500000, 0x00000000e3500000| Untracked 
|  54|0x00000000e3600000, 0x00000000e3600000, 0x00000000e3700000|  0%| F|  |TAMS 0x00000000e3600000, 0x00000000e3600000| Untracked 
|  55|0x00000000e3700000, 0x00000000e3700000, 0x00000000e3800000|  0%| F|  |TAMS 0x00000000e3700000, 0x00000000e3700000| Untracked 
|  56|0x00000000e3800000, 0x00000000e3800000, 0x00000000e3900000|  0%| F|  |TAMS 0x00000000e3800000, 0x00000000e3800000| Untracked 
|  57|0x00000000e3900000, 0x00000000e3900000, 0x00000000e3a00000|  0%| F|  |TAMS 0x00000000e3900000, 0x00000000e3900000| Untracked 
|  58|0x00000000e3a00000, 0x00000000e3a00000, 0x00000000e3b00000|  0%| F|  |TAMS 0x00000000e3a00000, 0x00000000e3a00000| Untracked 
|  59|0x00000000e3b00000, 0x00000000e3b00000, 0x00000000e3c00000|  0%| F|  |TAMS 0x00000000e3b00000, 0x00000000e3b00000| Untracked 
|  60|0x00000000e3c00000, 0x00000000e3c00000, 0x00000000e3d00000|  0%| F|  |TAMS 0x00000000e3c00000, 0x00000000e3c00000| Untracked 
|  61|0x00000000e3d00000, 0x00000000e3d00000, 0x00000000e3e00000|  0%| F|  |TAMS 0x00000000e3d00000, 0x00000000e3d00000| Untracked 
|  62|0x00000000e3e00000, 0x00000000e3e00000, 0x00000000e3f00000|  0%| F|  |TAMS 0x00000000e3e00000, 0x00000000e3e00000| Untracked 
|  63|0x00000000e3f00000, 0x00000000e3f00000, 0x00000000e4000000|  0%| F|  |TAMS 0x00000000e3f00000, 0x00000000e3f00000| Untracked 
|  64|0x00000000e4000000, 0x00000000e4000000, 0x00000000e4100000|  0%| F|  |TAMS 0x00000000e4000000, 0x00000000e4000000| Untracked 
|  65|0x00000000e4100000, 0x00000000e4100000, 0x00000000e4200000|  0%| F|  |TAMS 0x00000000e4100000, 0x00000000e4100000| Untracked 
|  66|0x00000000e4200000, 0x00000000e4200000, 0x00000000e4300000|  0%| F|  |TAMS 0x00000000e4200000, 0x00000000e4200000| Untracked 
|  67|0x00000000e4300000, 0x00000000e4300000, 0x00000000e4400000|  0%| F|  |TAMS 0x00000000e4300000, 0x00000000e4300000| Untracked 
|  68|0x00000000e4400000, 0x00000000e4400000, 0x00000000e4500000|  0%| F|  |TAMS 0x00000000e4400000, 0x00000000e4400000| Untracked 
|  69|0x00000000e4500000, 0x00000000e4500000, 0x00000000e4600000|  0%| F|  |TAMS 0x00000000e4500000, 0x00000000e4500000| Untracked 
|  70|0x00000000e4600000, 0x00000000e4600000, 0x00000000e4700000|  0%| F|  |TAMS 0x00000000e4600000, 0x00000000e4600000| Untracked 
|  71|0x00000000e4700000, 0x00000000e4700000, 0x00000000e4800000|  0%| F|  |TAMS 0x00000000e4700000, 0x00000000e4700000| Untracked 
|  72|0x00000000e4800000, 0x00000000e4800000, 0x00000000e4900000|  0%| F|  |TAMS 0x00000000e4800000, 0x00000000e4800000| Untracked 
|  73|0x00000000e4900000, 0x00000000e4900000, 0x00000000e4a00000|  0%| F|  |TAMS 0x00000000e4900000, 0x00000000e4900000| Untracked 
|  74|0x00000000e4a00000, 0x00000000e4a00000, 0x00000000e4b00000|  0%| F|  |TAMS 0x00000000e4a00000, 0x00000000e4a00000| Untracked 
|  75|0x00000000e4b00000, 0x00000000e4b00000, 0x00000000e4c00000|  0%| F|  |TAMS 0x00000000e4b00000, 0x00000000e4b00000| Untracked 
|  76|0x00000000e4c00000, 0x00000000e4c00000, 0x00000000e4d00000|  0%| F|  |TAMS 0x00000000e4c00000, 0x00000000e4c00000| Untracked 
|  77|0x00000000e4d00000, 0x00000000e4d00000, 0x00000000e4e00000|  0%| F|  |TAMS 0x00000000e4d00000, 0x00000000e4d00000| Untracked 
|  78|0x00000000e4e00000, 0x00000000e4e00000, 0x00000000e4f00000|  0%| F|  |TAMS 0x00000000e4e00000, 0x00000000e4e00000| Untracked 
|  79|0x00000000e4f00000, 0x00000000e4f00000, 0x00000000e5000000|  0%| F|  |TAMS 0x00000000e4f00000, 0x00000000e4f00000| Untracked 
|  80|0x00000000e5000000, 0x00000000e5000000, 0x00000000e5100000|  0%| F|  |TAMS 0x00000000e5000000, 0x00000000e5000000| Untracked 
|  81|0x00000000e5100000, 0x00000000e5100000, 0x00000000e5200000|  0%| F|  |TAMS 0x00000000e5100000, 0x00000000e5100000| Untracked 
|  82|0x00000000e5200000, 0x00000000e5200000, 0x00000000e5300000|  0%| F|  |TAMS 0x00000000e5200000, 0x00000000e5200000| Untracked 
|  83|0x00000000e5300000, 0x00000000e5300000, 0x00000000e5400000|  0%| F|  |TAMS 0x00000000e5300000, 0x00000000e5300000| Untracked 
|  84|0x00000000e5400000, 0x00000000e5400000, 0x00000000e5500000|  0%| F|  |TAMS 0x00000000e5400000, 0x00000000e5400000| Untracked 
|  85|0x00000000e5500000, 0x00000000e5500000, 0x00000000e5600000|  0%| F|  |TAMS 0x00000000e5500000, 0x00000000e5500000| Untracked 
|  86|0x00000000e5600000, 0x00000000e5600000, 0x00000000e5700000|  0%| F|  |TAMS 0x00000000e5600000, 0x00000000e5600000| Untracked 
|  87|0x00000000e5700000, 0x00000000e5700000, 0x00000000e5800000|  0%| F|  |TAMS 0x00000000e5700000, 0x00000000e5700000| Untracked 
|  88|0x00000000e5800000, 0x00000000e5800000, 0x00000000e5900000|  0%| F|  |TAMS 0x00000000e5800000, 0x00000000e5800000| Untracked 
|  89|0x00000000e5900000, 0x00000000e5900000, 0x00000000e5a00000|  0%| F|  |TAMS 0x00000000e5900000, 0x00000000e5900000| Untracked 
|  90|0x00000000e5a00000, 0x00000000e5a00000, 0x00000000e5b00000|  0%| F|  |TAMS 0x00000000e5a00000, 0x00000000e5a00000| Untracked 
|  91|0x00000000e5b00000, 0x00000000e5b00000, 0x00000000e5c00000|  0%| F|  |TAMS 0x00000000e5b00000, 0x00000000e5b00000| Untracked 
|  92|0x00000000e5c00000, 0x00000000e5c00000, 0x00000000e5d00000|  0%| F|  |TAMS 0x00000000e5c00000, 0x00000000e5c00000| Untracked 
|  93|0x00000000e5d00000, 0x00000000e5d00000, 0x00000000e5e00000|  0%| F|  |TAMS 0x00000000e5d00000, 0x00000000e5d00000| Untracked 
|  94|0x00000000e5e00000, 0x00000000e5e00000, 0x00000000e5f00000|  0%| F|  |TAMS 0x00000000e5e00000, 0x00000000e5e00000| Untracked 
|  95|0x00000000e5f00000, 0x00000000e5f00000, 0x00000000e6000000|  0%| F|  |TAMS 0x00000000e5f00000, 0x00000000e5f00000| Untracked 
|  96|0x00000000e6000000, 0x00000000e6000000, 0x00000000e6100000|  0%| F|  |TAMS 0x00000000e6000000, 0x00000000e6000000| Untracked 
|  97|0x00000000e6100000, 0x00000000e6100000, 0x00000000e6200000|  0%| F|  |TAMS 0x00000000e6100000, 0x00000000e6100000| Untracked 
|  98|0x00000000e6200000, 0x00000000e6200000, 0x00000000e6300000|  0%| F|  |TAMS 0x00000000e6200000, 0x00000000e6200000| Untracked 
|  99|0x00000000e6300000, 0x00000000e6300000, 0x00000000e6400000|  0%| F|  |TAMS 0x00000000e6300000, 0x00000000e6300000| Untracked 
| 100|0x00000000e6400000, 0x00000000e6400000, 0x00000000e6500000|  0%| F|  |TAMS 0x00000000e6400000, 0x00000000e6400000| Untracked 
| 101|0x00000000e6500000, 0x00000000e6500000, 0x00000000e6600000|  0%| F|  |TAMS 0x00000000e6500000, 0x00000000e6500000| Untracked 
| 102|0x00000000e6600000, 0x00000000e6600000, 0x00000000e6700000|  0%| F|  |TAMS 0x00000000e6600000, 0x00000000e6600000| Untracked 
| 103|0x00000000e6700000, 0x00000000e6700000, 0x00000000e6800000|  0%| F|  |TAMS 0x00000000e6700000, 0x00000000e6700000| Untracked 
| 104|0x00000000e6800000, 0x00000000e6800000, 0x00000000e6900000|  0%| F|  |TAMS 0x00000000e6800000, 0x00000000e6800000| Untracked 
| 105|0x00000000e6900000, 0x00000000e6900000, 0x00000000e6a00000|  0%| F|  |TAMS 0x00000000e6900000, 0x00000000e6900000| Untracked 
| 106|0x00000000e6a00000, 0x00000000e6a00000, 0x00000000e6b00000|  0%| F|  |TAMS 0x00000000e6a00000, 0x00000000e6a00000| Untracked 
| 107|0x00000000e6b00000, 0x00000000e6b00000, 0x00000000e6c00000|  0%| F|  |TAMS 0x00000000e6b00000, 0x00000000e6b00000| Untracked 
| 108|0x00000000e6c00000, 0x00000000e6c00000, 0x00000000e6d00000|  0%| F|  |TAMS 0x00000000e6c00000, 0x00000000e6c00000| Untracked 
| 109|0x00000000e6d00000, 0x00000000e6d00000, 0x00000000e6e00000|  0%| F|  |TAMS 0x00000000e6d00000, 0x00000000e6d00000| Untracked 
| 110|0x00000000e6e00000, 0x00000000e6e00000, 0x00000000e6f00000|  0%| F|  |TAMS 0x00000000e6e00000, 0x00000000e6e00000| Untracked 
| 111|0x00000000e6f00000, 0x00000000e6f00000, 0x00000000e7000000|  0%| F|  |TAMS 0x00000000e6f00000, 0x00000000e6f00000| Untracked 
| 112|0x00000000e7000000, 0x00000000e7000000, 0x00000000e7100000|  0%| F|  |TAMS 0x00000000e7000000, 0x00000000e7000000| Untracked 
| 113|0x00000000e7100000, 0x00000000e7100000, 0x00000000e7200000|  0%| F|  |TAMS 0x00000000e7100000, 0x00000000e7100000| Untracked 
| 114|0x00000000e7200000, 0x00000000e7200000, 0x00000000e7300000|  0%| F|  |TAMS 0x00000000e7200000, 0x00000000e7200000| Untracked 
| 115|0x00000000e7300000, 0x00000000e7300000, 0x00000000e7400000|  0%| F|  |TAMS 0x00000000e7300000, 0x00000000e7300000| Untracked 
| 116|0x00000000e7400000, 0x00000000e7400000, 0x00000000e7500000|  0%| F|  |TAMS 0x00000000e7400000, 0x00000000e7400000| Untracked 
| 117|0x00000000e7500000, 0x00000000e7500000, 0x00000000e7600000|  0%| F|  |TAMS 0x00000000e7500000, 0x00000000e7500000| Untracked 
| 118|0x00000000e7600000, 0x00000000e7600000, 0x00000000e7700000|  0%| F|  |TAMS 0x00000000e7600000, 0x00000000e7600000| Untracked 
| 119|0x00000000e7700000, 0x00000000e7700000, 0x00000000e7800000|  0%| F|  |TAMS 0x00000000e7700000, 0x00000000e7700000| Untracked 
| 120|0x00000000e7800000, 0x00000000e7800000, 0x00000000e7900000|  0%| F|  |TAMS 0x00000000e7800000, 0x00000000e7800000| Untracked 
| 121|0x00000000e7900000, 0x00000000e7900000, 0x00000000e7a00000|  0%| F|  |TAMS 0x00000000e7900000, 0x00000000e7900000| Untracked 
| 122|0x00000000e7a00000, 0x00000000e7a00000, 0x00000000e7b00000|  0%| F|  |TAMS 0x00000000e7a00000, 0x00000000e7a00000| Untracked 
| 123|0x00000000e7b00000, 0x00000000e7b00000, 0x00000000e7c00000|  0%| F|  |TAMS 0x00000000e7b00000, 0x00000000e7b00000| Untracked 
| 124|0x00000000e7c00000, 0x00000000e7c00000, 0x00000000e7d00000|  0%| F|  |TAMS 0x00000000e7c00000, 0x00000000e7c00000| Untracked 
| 125|0x00000000e7d00000, 0x00000000e7d00000, 0x00000000e7e00000|  0%| F|  |TAMS 0x00000000e7d00000, 0x00000000e7d00000| Untracked 
| 126|0x00000000e7e00000, 0x00000000e7e00000, 0x00000000e7f00000|  0%| F|  |TAMS 0x00000000e7e00000, 0x00000000e7e00000| Untracked 
| 127|0x00000000e7f00000, 0x00000000e7f00000, 0x00000000e8000000|  0%| F|  |TAMS 0x00000000e7f00000, 0x00000000e7f00000| Untracked 
| 128|0x00000000e8000000, 0x00000000e8000000, 0x00000000e8100000|  0%| F|  |TAMS 0x00000000e8000000, 0x00000000e8000000| Untracked 
| 129|0x00000000e8100000, 0x00000000e8100000, 0x00000000e8200000|  0%| F|  |TAMS 0x00000000e8100000, 0x00000000e8100000| Untracked 
| 130|0x00000000e8200000, 0x00000000e8200000, 0x00000000e8300000|  0%| F|  |TAMS 0x00000000e8200000, 0x00000000e8200000| Untracked 
| 131|0x00000000e8300000, 0x00000000e8300000, 0x00000000e8400000|  0%| F|  |TAMS 0x00000000e8300000, 0x00000000e8300000| Untracked 
| 132|0x00000000e8400000, 0x00000000e8400000, 0x00000000e8500000|  0%| F|  |TAMS 0x00000000e8400000, 0x00000000e8400000| Untracked 
| 133|0x00000000e8500000, 0x00000000e8500000, 0x00000000e8600000|  0%| F|  |TAMS 0x00000000e8500000, 0x00000000e8500000| Untracked 
| 134|0x00000000e8600000, 0x00000000e8600000, 0x00000000e8700000|  0%| F|  |TAMS 0x00000000e8600000, 0x00000000e8600000| Untracked 
| 135|0x00000000e8700000, 0x00000000e8700000, 0x00000000e8800000|  0%| F|  |TAMS 0x00000000e8700000, 0x00000000e8700000| Untracked 
| 136|0x00000000e8800000, 0x00000000e8800000, 0x00000000e8900000|  0%| F|  |TAMS 0x00000000e8800000, 0x00000000e8800000| Untracked 
| 137|0x00000000e8900000, 0x00000000e8900000, 0x00000000e8a00000|  0%| F|  |TAMS 0x00000000e8900000, 0x00000000e8900000| Untracked 
| 138|0x00000000e8a00000, 0x00000000e8a00000, 0x00000000e8b00000|  0%| F|  |TAMS 0x00000000e8a00000, 0x00000000e8a00000| Untracked 
| 139|0x00000000e8b00000, 0x00000000e8b00000, 0x00000000e8c00000|  0%| F|  |TAMS 0x00000000e8b00000, 0x00000000e8b00000| Untracked 
| 140|0x00000000e8c00000, 0x00000000e8c00000, 0x00000000e8d00000|  0%| F|  |TAMS 0x00000000e8c00000, 0x00000000e8c00000| Untracked 
| 141|0x00000000e8d00000, 0x00000000e8d00000, 0x00000000e8e00000|  0%| F|  |TAMS 0x00000000e8d00000, 0x00000000e8d00000| Untracked 
| 142|0x00000000e8e00000, 0x00000000e8e00000, 0x00000000e8f00000|  0%| F|  |TAMS 0x00000000e8e00000, 0x00000000e8e00000| Untracked 
| 143|0x00000000e8f00000, 0x00000000e8f00000, 0x00000000e9000000|  0%| F|  |TAMS 0x00000000e8f00000, 0x00000000e8f00000| Untracked 
| 144|0x00000000e9000000, 0x00000000e9000000, 0x00000000e9100000|  0%| F|  |TAMS 0x00000000e9000000, 0x00000000e9000000| Untracked 
| 145|0x00000000e9100000, 0x00000000e9100000, 0x00000000e9200000|  0%| F|  |TAMS 0x00000000e9100000, 0x00000000e9100000| Untracked 
| 146|0x00000000e9200000, 0x00000000e9200000, 0x00000000e9300000|  0%| F|  |TAMS 0x00000000e9200000, 0x00000000e9200000| Untracked 
| 147|0x00000000e9300000, 0x00000000e9300000, 0x00000000e9400000|  0%| F|  |TAMS 0x00000000e9300000, 0x00000000e9300000| Untracked 
| 148|0x00000000e9400000, 0x00000000e9400000, 0x00000000e9500000|  0%| F|  |TAMS 0x00000000e9400000, 0x00000000e9400000| Untracked 
| 149|0x00000000e9500000, 0x00000000e9500000, 0x00000000e9600000|  0%| F|  |TAMS 0x00000000e9500000, 0x00000000e9500000| Untracked 
| 150|0x00000000e9600000, 0x00000000e9600000, 0x00000000e9700000|  0%| F|  |TAMS 0x00000000e9600000, 0x00000000e9600000| Untracked 
| 151|0x00000000e9700000, 0x00000000e9700000, 0x00000000e9800000|  0%| F|  |TAMS 0x00000000e9700000, 0x00000000e9700000| Untracked 
| 152|0x00000000e9800000, 0x00000000e9800000, 0x00000000e9900000|  0%| F|  |TAMS 0x00000000e9800000, 0x00000000e9800000| Untracked 
| 153|0x00000000e9900000, 0x00000000e9900000, 0x00000000e9a00000|  0%| F|  |TAMS 0x00000000e9900000, 0x00000000e9900000| Untracked 
| 154|0x00000000e9a00000, 0x00000000e9a00000, 0x00000000e9b00000|  0%| F|  |TAMS 0x00000000e9a00000, 0x00000000e9a00000| Untracked 
| 155|0x00000000e9b00000, 0x00000000e9b00000, 0x00000000e9c00000|  0%| F|  |TAMS 0x00000000e9b00000, 0x00000000e9b00000| Untracked 
| 156|0x00000000e9c00000, 0x00000000e9c00000, 0x00000000e9d00000|  0%| F|  |TAMS 0x00000000e9c00000, 0x00000000e9c00000| Untracked 
| 157|0x00000000e9d00000, 0x00000000e9d00000, 0x00000000e9e00000|  0%| F|  |TAMS 0x00000000e9d00000, 0x00000000e9d00000| Untracked 
| 158|0x00000000e9e00000, 0x00000000e9e00000, 0x00000000e9f00000|  0%| F|  |TAMS 0x00000000e9e00000, 0x00000000e9e00000| Untracked 
| 159|0x00000000e9f00000, 0x00000000e9f00000, 0x00000000ea000000|  0%| F|  |TAMS 0x00000000e9f00000, 0x00000000e9f00000| Untracked 
| 160|0x00000000ea000000, 0x00000000ea000000, 0x00000000ea100000|  0%| F|  |TAMS 0x00000000ea000000, 0x00000000ea000000| Untracked 
| 161|0x00000000ea100000, 0x00000000ea100000, 0x00000000ea200000|  0%| F|  |TAMS 0x00000000ea100000, 0x00000000ea100000| Untracked 
| 162|0x00000000ea200000, 0x00000000ea200000, 0x00000000ea300000|  0%| F|  |TAMS 0x00000000ea200000, 0x00000000ea200000| Untracked 
| 163|0x00000000ea300000, 0x00000000ea300000, 0x00000000ea400000|  0%| F|  |TAMS 0x00000000ea300000, 0x00000000ea300000| Untracked 
| 164|0x00000000ea400000, 0x00000000ea400000, 0x00000000ea500000|  0%| F|  |TAMS 0x00000000ea400000, 0x00000000ea400000| Untracked 
| 165|0x00000000ea500000, 0x00000000ea500000, 0x00000000ea600000|  0%| F|  |TAMS 0x00000000ea500000, 0x00000000ea500000| Untracked 
| 166|0x00000000ea600000, 0x00000000ea600000, 0x00000000ea700000|  0%| F|  |TAMS 0x00000000ea600000, 0x00000000ea600000| Untracked 
| 167|0x00000000ea700000, 0x00000000ea700000, 0x00000000ea800000|  0%| F|  |TAMS 0x00000000ea700000, 0x00000000ea700000| Untracked 
| 168|0x00000000ea800000, 0x00000000ea800000, 0x00000000ea900000|  0%| F|  |TAMS 0x00000000ea800000, 0x00000000ea800000| Untracked 
| 169|0x00000000ea900000, 0x00000000ea900000, 0x00000000eaa00000|  0%| F|  |TAMS 0x00000000ea900000, 0x00000000ea900000| Untracked 
| 170|0x00000000eaa00000, 0x00000000eaa00000, 0x00000000eab00000|  0%| F|  |TAMS 0x00000000eaa00000, 0x00000000eaa00000| Untracked 
| 171|0x00000000eab00000, 0x00000000eab00000, 0x00000000eac00000|  0%| F|  |TAMS 0x00000000eab00000, 0x00000000eab00000| Untracked 
| 172|0x00000000eac00000, 0x00000000eac00000, 0x00000000ead00000|  0%| F|  |TAMS 0x00000000eac00000, 0x00000000eac00000| Untracked 
| 173|0x00000000ead00000, 0x00000000ead00000, 0x00000000eae00000|  0%| F|  |TAMS 0x00000000ead00000, 0x00000000ead00000| Untracked 
| 174|0x00000000eae00000, 0x00000000eae00000, 0x00000000eaf00000|  0%| F|  |TAMS 0x00000000eae00000, 0x00000000eae00000| Untracked 
| 175|0x00000000eaf00000, 0x00000000eaf00000, 0x00000000eb000000|  0%| F|  |TAMS 0x00000000eaf00000, 0x00000000eaf00000| Untracked 
| 176|0x00000000eb000000, 0x00000000eb000000, 0x00000000eb100000|  0%| F|  |TAMS 0x00000000eb000000, 0x00000000eb000000| Untracked 
| 177|0x00000000eb100000, 0x00000000eb100000, 0x00000000eb200000|  0%| F|  |TAMS 0x00000000eb100000, 0x00000000eb100000| Untracked 
| 178|0x00000000eb200000, 0x00000000eb200000, 0x00000000eb300000|  0%| F|  |TAMS 0x00000000eb200000, 0x00000000eb200000| Untracked 
| 179|0x00000000eb300000, 0x00000000eb300000, 0x00000000eb400000|  0%| F|  |TAMS 0x00000000eb300000, 0x00000000eb300000| Untracked 
| 180|0x00000000eb400000, 0x00000000eb400000, 0x00000000eb500000|  0%| F|  |TAMS 0x00000000eb400000, 0x00000000eb400000| Untracked 
| 181|0x00000000eb500000, 0x00000000eb500000, 0x00000000eb600000|  0%| F|  |TAMS 0x00000000eb500000, 0x00000000eb500000| Untracked 
| 182|0x00000000eb600000, 0x00000000eb600000, 0x00000000eb700000|  0%| F|  |TAMS 0x00000000eb600000, 0x00000000eb600000| Untracked 
| 183|0x00000000eb700000, 0x00000000eb700000, 0x00000000eb800000|  0%| F|  |TAMS 0x00000000eb700000, 0x00000000eb700000| Untracked 
| 184|0x00000000eb800000, 0x00000000eb800000, 0x00000000eb900000|  0%| F|  |TAMS 0x00000000eb800000, 0x00000000eb800000| Untracked 
| 185|0x00000000eb900000, 0x00000000eb900000, 0x00000000eba00000|  0%| F|  |TAMS 0x00000000eb900000, 0x00000000eb900000| Untracked 
| 186|0x00000000eba00000, 0x00000000eba00000, 0x00000000ebb00000|  0%| F|  |TAMS 0x00000000eba00000, 0x00000000eba00000| Untracked 
| 187|0x00000000ebb00000, 0x00000000ebb00000, 0x00000000ebc00000|  0%| F|  |TAMS 0x00000000ebb00000, 0x00000000ebb00000| Untracked 
| 188|0x00000000ebc00000, 0x00000000ebc00000, 0x00000000ebd00000|  0%| F|  |TAMS 0x00000000ebc00000, 0x00000000ebc00000| Untracked 
| 189|0x00000000ebd00000, 0x00000000ebd00000, 0x00000000ebe00000|  0%| F|  |TAMS 0x00000000ebd00000, 0x00000000ebd00000| Untracked 
| 190|0x00000000ebe00000, 0x00000000ebe00000, 0x00000000ebf00000|  0%| F|  |TAMS 0x00000000ebe00000, 0x00000000ebe00000| Untracked 
| 191|0x00000000ebf00000, 0x00000000ebf00000, 0x00000000ec000000|  0%| F|  |TAMS 0x00000000ebf00000, 0x00000000ebf00000| Untracked 
| 192|0x00000000ec000000, 0x00000000ec000000, 0x00000000ec100000|  0%| F|  |TAMS 0x00000000ec000000, 0x00000000ec000000| Untracked 
| 193|0x00000000ec100000, 0x00000000ec100000, 0x00000000ec200000|  0%| F|  |TAMS 0x00000000ec100000, 0x00000000ec100000| Untracked 
| 194|0x00000000ec200000, 0x00000000ec200000, 0x00000000ec300000|  0%| F|  |TAMS 0x00000000ec200000, 0x00000000ec200000| Untracked 
| 195|0x00000000ec300000, 0x00000000ec300000, 0x00000000ec400000|  0%| F|  |TAMS 0x00000000ec300000, 0x00000000ec300000| Untracked 
| 196|0x00000000ec400000, 0x00000000ec400000, 0x00000000ec500000|  0%| F|  |TAMS 0x00000000ec400000, 0x00000000ec400000| Untracked 
| 197|0x00000000ec500000, 0x00000000ec500000, 0x00000000ec600000|  0%| F|  |TAMS 0x00000000ec500000, 0x00000000ec500000| Untracked 
| 198|0x00000000ec600000, 0x00000000ec600000, 0x00000000ec700000|  0%| F|  |TAMS 0x00000000ec600000, 0x00000000ec600000| Untracked 
| 199|0x00000000ec700000, 0x00000000ec700000, 0x00000000ec800000|  0%| F|  |TAMS 0x00000000ec700000, 0x00000000ec700000| Untracked 
| 200|0x00000000ec800000, 0x00000000ec800000, 0x00000000ec900000|  0%| F|  |TAMS 0x00000000ec800000, 0x00000000ec800000| Untracked 
| 201|0x00000000ec900000, 0x00000000ec900000, 0x00000000eca00000|  0%| F|  |TAMS 0x00000000ec900000, 0x00000000ec900000| Untracked 
| 202|0x00000000eca00000, 0x00000000ecb00000, 0x00000000ecb00000|100%| E|  |TAMS 0x00000000eca00000, 0x00000000eca00000| Complete 
| 203|0x00000000ecb00000, 0x00000000ecc00000, 0x00000000ecc00000|100%| E|CS|TAMS 0x00000000ecb00000, 0x00000000ecb00000| Complete 
| 204|0x00000000ecc00000, 0x00000000ecd00000, 0x00000000ecd00000|100%| E|CS|TAMS 0x00000000ecc00000, 0x00000000ecc00000| Complete 
| 205|0x00000000ecd00000, 0x00000000ece00000, 0x00000000ece00000|100%| E|CS|TAMS 0x00000000ecd00000, 0x00000000ecd00000| Complete 
| 206|0x00000000ece00000, 0x00000000ecf00000, 0x00000000ecf00000|100%| E|CS|TAMS 0x00000000ece00000, 0x00000000ece00000| Complete 
| 207|0x00000000ecf00000, 0x00000000ed000000, 0x00000000ed000000|100%| E|CS|TAMS 0x00000000ecf00000, 0x00000000ecf00000| Complete 
| 208|0x00000000ed000000, 0x00000000ed100000, 0x00000000ed100000|100%| E|CS|TAMS 0x00000000ed000000, 0x00000000ed000000| Complete 
| 209|0x00000000ed100000, 0x00000000ed200000, 0x00000000ed200000|100%| E|CS|TAMS 0x00000000ed100000, 0x00000000ed100000| Complete 
| 210|0x00000000ed200000, 0x00000000ed300000, 0x00000000ed300000|100%| E|CS|TAMS 0x00000000ed200000, 0x00000000ed200000| Complete 
| 211|0x00000000ed300000, 0x00000000ed400000, 0x00000000ed400000|100%| E|CS|TAMS 0x00000000ed300000, 0x00000000ed300000| Complete 
| 212|0x00000000ed400000, 0x00000000ed500000, 0x00000000ed500000|100%| E|  |TAMS 0x00000000ed400000, 0x00000000ed400000| Complete 
| 213|0x00000000ed500000, 0x00000000ed600000, 0x00000000ed600000|100%| E|CS|TAMS 0x00000000ed500000, 0x00000000ed500000| Complete 
| 214|0x00000000ed600000, 0x00000000ed700000, 0x00000000ed700000|100%| E|CS|TAMS 0x00000000ed600000, 0x00000000ed600000| Complete 
| 215|0x00000000ed700000, 0x00000000ed800000, 0x00000000ed800000|100%| E|CS|TAMS 0x00000000ed700000, 0x00000000ed700000| Complete 
| 216|0x00000000ed800000, 0x00000000ed900000, 0x00000000ed900000|100%| E|CS|TAMS 0x00000000ed800000, 0x00000000ed800000| Complete 
| 217|0x00000000ed900000, 0x00000000eda00000, 0x00000000eda00000|100%| E|CS|TAMS 0x00000000ed900000, 0x00000000ed900000| Complete 
| 218|0x00000000eda00000, 0x00000000edb00000, 0x00000000edb00000|100%| E|CS|TAMS 0x00000000eda00000, 0x00000000eda00000| Complete 
| 219|0x00000000edb00000, 0x00000000edc00000, 0x00000000edc00000|100%| E|CS|TAMS 0x00000000edb00000, 0x00000000edb00000| Complete 
| 220|0x00000000edc00000, 0x00000000edd00000, 0x00000000edd00000|100%| E|CS|TAMS 0x00000000edc00000, 0x00000000edc00000| Complete 
| 221|0x00000000edd00000, 0x00000000ede00000, 0x00000000ede00000|100%| E|CS|TAMS 0x00000000edd00000, 0x00000000edd00000| Complete 
| 222|0x00000000ede00000, 0x00000000edf00000, 0x00000000edf00000|100%| E|CS|TAMS 0x00000000ede00000, 0x00000000ede00000| Complete 
| 223|0x00000000edf00000, 0x00000000ee000000, 0x00000000ee000000|100%| E|CS|TAMS 0x00000000edf00000, 0x00000000edf00000| Complete 
| 224|0x00000000ee000000, 0x00000000ee100000, 0x00000000ee100000|100%| E|CS|TAMS 0x00000000ee000000, 0x00000000ee000000| Complete 
| 225|0x00000000ee100000, 0x00000000ee200000, 0x00000000ee200000|100%| E|CS|TAMS 0x00000000ee100000, 0x00000000ee100000| Complete 
| 226|0x00000000ee200000, 0x00000000ee300000, 0x00000000ee300000|100%| E|CS|TAMS 0x00000000ee200000, 0x00000000ee200000| Complete 
| 227|0x00000000ee300000, 0x00000000ee400000, 0x00000000ee400000|100%| E|CS|TAMS 0x00000000ee300000, 0x00000000ee300000| Complete 
| 228|0x00000000ee400000, 0x00000000ee500000, 0x00000000ee500000|100%| E|CS|TAMS 0x00000000ee400000, 0x00000000ee400000| Complete 
| 229|0x00000000ee500000, 0x00000000ee5a5330, 0x00000000ee600000| 64%| S|CS|TAMS 0x00000000ee500000, 0x00000000ee500000| Complete 
| 230|0x00000000ee600000, 0x00000000ee700000, 0x00000000ee700000|100%| S|CS|TAMS 0x00000000ee600000, 0x00000000ee600000| Complete 
| 231|0x00000000ee700000, 0x00000000ee800000, 0x00000000ee800000|100%| S|CS|TAMS 0x00000000ee700000, 0x00000000ee700000| Complete 
| 232|0x00000000ee800000, 0x00000000ee900000, 0x00000000ee900000|100%| S|CS|TAMS 0x00000000ee800000, 0x00000000ee800000| Complete 
| 233|0x00000000ee900000, 0x00000000eea00000, 0x00000000eea00000|100%| S|CS|TAMS 0x00000000ee900000, 0x00000000ee900000| Complete 
| 234|0x00000000eea00000, 0x00000000eeb00000, 0x00000000eeb00000|100%| S|CS|TAMS 0x00000000eea00000, 0x00000000eea00000| Complete 
| 235|0x00000000eeb00000, 0x00000000eec00000, 0x00000000eec00000|100%| E|CS|TAMS 0x00000000eeb00000, 0x00000000eeb00000| Complete 
| 236|0x00000000eec00000, 0x00000000eed00000, 0x00000000eed00000|100%| E|CS|TAMS 0x00000000eec00000, 0x00000000eec00000| Complete 
| 237|0x00000000eed00000, 0x00000000eee00000, 0x00000000eee00000|100%| E|CS|TAMS 0x00000000eed00000, 0x00000000eed00000| Complete 
| 238|0x00000000eee00000, 0x00000000eef00000, 0x00000000eef00000|100%| E|CS|TAMS 0x00000000eee00000, 0x00000000eee00000| Complete 
| 239|0x00000000eef00000, 0x00000000ef000000, 0x00000000ef000000|100%| E|CS|TAMS 0x00000000eef00000, 0x00000000eef00000| Complete 
| 240|0x00000000ef000000, 0x00000000ef100000, 0x00000000ef100000|100%| E|CS|TAMS 0x00000000ef000000, 0x00000000ef000000| Complete 
| 241|0x00000000ef100000, 0x00000000ef200000, 0x00000000ef200000|100%| E|CS|TAMS 0x00000000ef100000, 0x00000000ef100000| Complete 
| 242|0x00000000ef200000, 0x00000000ef300000, 0x00000000ef300000|100%| E|CS|TAMS 0x00000000ef200000, 0x00000000ef200000| Complete 
| 243|0x00000000ef300000, 0x00000000ef400000, 0x00000000ef400000|100%| E|CS|TAMS 0x00000000ef300000, 0x00000000ef300000| Complete 
| 244|0x00000000ef400000, 0x00000000ef500000, 0x00000000ef500000|100%| E|CS|TAMS 0x00000000ef400000, 0x00000000ef400000| Complete 
| 245|0x00000000ef500000, 0x00000000ef600000, 0x00000000ef600000|100%| E|CS|TAMS 0x00000000ef500000, 0x00000000ef500000| Complete 
| 246|0x00000000ef600000, 0x00000000ef700000, 0x00000000ef700000|100%| E|CS|TAMS 0x00000000ef600000, 0x00000000ef600000| Complete 
| 247|0x00000000ef700000, 0x00000000ef800000, 0x00000000ef800000|100%| E|CS|TAMS 0x00000000ef700000, 0x00000000ef700000| Complete 
| 248|0x00000000ef800000, 0x00000000ef900000, 0x00000000ef900000|100%| E|CS|TAMS 0x00000000ef800000, 0x00000000ef800000| Complete 
| 249|0x00000000ef900000, 0x00000000efa00000, 0x00000000efa00000|100%| E|CS|TAMS 0x00000000ef900000, 0x00000000ef900000| Complete 
| 250|0x00000000efa00000, 0x00000000efb00000, 0x00000000efb00000|100%| E|CS|TAMS 0x00000000efa00000, 0x00000000efa00000| Complete 
| 251|0x00000000efb00000, 0x00000000efc00000, 0x00000000efc00000|100%| E|CS|TAMS 0x00000000efb00000, 0x00000000efb00000| Complete 
| 252|0x00000000efc00000, 0x00000000efd00000, 0x00000000efd00000|100%| E|CS|TAMS 0x00000000efc00000, 0x00000000efc00000| Complete 
| 253|0x00000000efd00000, 0x00000000efe00000, 0x00000000efe00000|100%| E|CS|TAMS 0x00000000efd00000, 0x00000000efd00000| Complete 
| 254|0x00000000efe00000, 0x00000000eff00000, 0x00000000eff00000|100%| E|CS|TAMS 0x00000000efe00000, 0x00000000efe00000| Complete 
| 255|0x00000000eff00000, 0x00000000f0000000, 0x00000000f0000000|100%| E|CS|TAMS 0x00000000eff00000, 0x00000000eff00000| Complete 

Card table byte_map: [0x0000027e7f810000,0x0000027e7f910000] _byte_map_base: 0x0000027e7f110000

Marking Bits (Prev, Next): (CMBitMap*) 0x0000027e68d7e848, (CMBitMap*) 0x0000027e68d7e880
 Prev Bits: [0x0000027e00000000, 0x0000027e00800000)
 Next Bits: [0x0000027e00800000, 0x0000027e01000000)

Polling page: 0x0000027e66f10000

Metaspace:

Usage:
  Non-class:     34.14 MB capacity,    33.60 MB ( 98%) used,   456.70 KB (  1%) free+waste,    90.88 KB ( <1%) overhead. 
      Class:      5.22 MB capacity,     4.88 MB ( 94%) used,   301.96 KB (  6%) free+waste,    44.88 KB ( <1%) overhead. 
       Both:     39.36 MB capacity,    38.49 MB ( 98%) used,   758.66 KB (  2%) free+waste,   135.75 KB ( <1%) overhead. 

Virtual space:
  Non-class space:       36.00 MB reserved,      34.25 MB ( 95%) committed 
      Class space:      248.00 MB reserved,       5.25 MB (  2%) committed 
             Both:      284.00 MB reserved,      39.50 MB ( 14%) committed 

Chunk freelists:
   Non-Class:  6.25 KB
       Class:  0 bytes
        Both:  6.25 KB

CodeHeap 'non-profiled nmethods': size=120000Kb used=2071Kb max_used=2071Kb free=117928Kb
 bounds [0x0000027e77eb0000, 0x0000027e78120000, 0x0000027e7f3e0000]
CodeHeap 'profiled nmethods': size=120000Kb used=7940Kb max_used=7940Kb free=112059Kb
 bounds [0x0000027e70980000, 0x0000027e71150000, 0x0000027e77eb0000]
CodeHeap 'non-nmethods': size=5760Kb used=2203Kb max_used=2232Kb free=3556Kb
 bounds [0x0000027e703e0000, 0x0000027e70650000, 0x0000027e70980000]
 total_blobs=4498 nmethods=3732 adapters=677
 compilation: enabled
              stopped_count=0, restarted_count=0
 full_count=0

Compilation events (10 events):
Event: 49.656 Thread 0x0000027e03528000 3737       3       java.nio.ByteBuffer::clear (5 bytes)
Event: 49.656 Thread 0x0000027e03528000 nmethod 3737 0x0000027e7113a190 code [0x0000027e7113a340, 0x0000027e7113a4e8]
Event: 49.658 Thread 0x0000027e03528000 3738       3       java.util.HashMap::putVal (300 bytes)
Event: 49.659 Thread 0x0000027e03528000 nmethod 3738 0x0000027e7113a590 code [0x0000027e7113a840, 0x0000027e7113b9f8]
Event: 49.681 Thread 0x0000027e03528000 3739       3       org.gradle.cache.internal.DefaultFileLockManager$DefaultFileLock$4::run (252 bytes)
Event: 49.686 Thread 0x0000027e03528000 nmethod 3739 0x0000027e7113be90 code [0x0000027e7113c380, 0x0000027e7113eff8]
Event: 49.686 Thread 0x0000027e03528000 3740       3       org.gradle.cache.internal.filelock.LockFileAccess::tryLockState (13 bytes)
Event: 49.686 Thread 0x0000027e03528000 nmethod 3740 0x0000027e7113ff90 code [0x0000027e71140180, 0x0000027e711406d8]
Event: 49.686 Thread 0x0000027e03528000 3741   !   3       org.gradle.cache.internal.filelock.LockStateAccess::tryLock (33 bytes)
Event: 49.687 Thread 0x0000027e03528000 nmethod 3741 0x0000027e71140990 code [0x0000027e71140b80, 0x0000027e71141058]

GC Heap History (10 events):
Event: 9.021 GC heap before
{Heap before GC invocations=1 (full 0):
 garbage-first heap   total 262144K, used 32006K [0x00000000e0000000, 0x0000000100000000)
  region size 1024K, 25 young (25600K), 3 survivors (3072K)
 Metaspace       used 11004K, capacity 11319K, committed 11520K, reserved 264192K
  class space    used 1148K, capacity 1243K, committed 1280K, reserved 253952K
}
Event: 9.025 GC heap after
{Heap after GC invocations=2 (full 0):
 garbage-first heap   total 262144K, used 10045K [0x00000000e0000000, 0x0000000100000000)
  region size 1024K, 1 young (1024K), 1 survivors (1024K)
 Metaspace       used 11004K, capacity 11319K, committed 11520K, reserved 264192K
  class space    used 1148K, capacity 1243K, committed 1280K, reserved 253952K
}
Event: 22.182 GC heap before
{Heap before GC invocations=2 (full 0):
 garbage-first heap   total 262144K, used 69437K [0x00000000e0000000, 0x0000000100000000)
  region size 1024K, 58 young (59392K), 1 survivors (1024K)
 Metaspace       used 18639K, capacity 19073K, committed 19328K, reserved 272384K
  class space    used 2251K, capacity 2408K, committed 2432K, reserved 253952K
}
Event: 22.733 GC heap after
{Heap after GC invocations=3 (full 0):
 garbage-first heap   total 262144K, used 16639K [0x00000000e0000000, 0x0000000100000000)
  region size 1024K, 8 young (8192K), 8 survivors (8192K)
 Metaspace       used 18639K, capacity 19073K, committed 19328K, reserved 272384K
  class space    used 2251K, capacity 2408K, committed 2432K, reserved 253952K
}
Event: 26.882 GC heap before
{Heap before GC invocations=3 (full 0):
 garbage-first heap   total 262144K, used 35071K [0x00000000e0000000, 0x0000000100000000)
  region size 1024K, 27 young (27648K), 8 survivors (8192K)
 Metaspace       used 20551K, capacity 21093K, committed 21248K, reserved 272384K
  class space    used 2530K, capacity 2723K, committed 2816K, reserved 253952K
}
Event: 26.888 GC heap after
{Heap after GC invocations=4 (full 0):
 garbage-first heap   total 262144K, used 17427K [0x00000000e0000000, 0x0000000100000000)
  region size 1024K, 1 young (1024K), 1 survivors (1024K)
 Metaspace       used 20551K, capacity 21093K, committed 21248K, reserved 272384K
  class space    used 2530K, capacity 2723K, committed 2816K, reserved 253952K
}
Event: 36.690 GC heap before
{Heap before GC invocations=5 (full 0):
 garbage-first heap   total 262144K, used 117779K [0x00000000e0000000, 0x0000000100000000)
  region size 1024K, 99 young (101376K), 1 survivors (1024K)
 Metaspace       used 30159K, capacity 30851K, committed 30976K, reserved 280576K
  class space    used 4051K, capacity 4287K, committed 4352K, reserved 253952K
}
Event: 36.696 GC heap after
{Heap after GC invocations=6 (full 0):
 garbage-first heap   total 262144K, used 20459K [0x00000000e0000000, 0x0000000100000000)
  region size 1024K, 4 young (4096K), 4 survivors (4096K)
 Metaspace       used 30159K, capacity 30851K, committed 30976K, reserved 280576K
  class space    used 4051K, capacity 4287K, committed 4352K, reserved 253952K
}
Event: 43.621 GC heap before
{Heap before GC invocations=6 (full 0):
 garbage-first heap   total 262144K, used 40939K [0x00000000e0000000, 0x0000000100000000)
  region size 1024K, 25 young (25600K), 4 survivors (4096K)
 Metaspace       used 34900K, capacity 35659K, committed 35840K, reserved 286720K
  class space    used 4558K, capacity 4869K, committed 4992K, reserved 253952K
}
Event: 43.631 GC heap after
{Heap after GC invocations=7 (full 0):
 garbage-first heap   total 262144K, used 22396K [0x00000000e0000000, 0x0000000100000000)
  region size 1024K, 6 young (6144K), 6 survivors (6144K)
 Metaspace       used 34900K, capacity 35659K, committed 35840K, reserved 286720K
  class space    used 4558K, capacity 4869K, committed 4992K, reserved 253952K
}

Deoptimization events (10 events):
Event: 44.653 Thread 0x0000027e069f4000 Uncommon trap: reason=bimorphic_or_optimized_type_check action=maybe_recompile pc=0x0000027e78067bb8 method=java.util.stream.Sink$ChainedReference.cancellationRequested()Z @ 4 c2
Event: 44.653 Thread 0x0000027e069f4000 Uncommon trap: reason=bimorphic_or_optimized_type_check action=maybe_recompile pc=0x0000027e78067bb8 method=java.util.stream.Sink$ChainedReference.cancellationRequested()Z @ 4 c2
Event: 44.653 Thread 0x0000027e069f4000 Uncommon trap: reason=bimorphic_or_optimized_type_check action=maybe_recompile pc=0x0000027e78067bb8 method=java.util.stream.Sink$ChainedReference.cancellationRequested()Z @ 4 c2
Event: 45.041 Thread 0x0000027e05630800 Uncommon trap: reason=class_check action=maybe_recompile pc=0x0000027e7805d270 method=java.util.regex.Pattern$Start.match(Ljava/util/regex/Matcher;ILjava/lang/CharSequence;)Z @ 44 c2
Event: 45.043 Thread 0x0000027e05630800 Uncommon trap: reason=class_check action=maybe_recompile pc=0x0000027e7805d270 method=java.util.regex.Pattern$Start.match(Ljava/util/regex/Matcher;ILjava/lang/CharSequence;)Z @ 44 c2
Event: 45.044 Thread 0x0000027e05630800 Uncommon trap: reason=class_check action=maybe_recompile pc=0x0000027e78049ccc method=java.util.regex.Pattern$Start.match(Ljava/util/regex/Matcher;ILjava/lang/CharSequence;)Z @ 44 c2
Event: 45.647 Thread 0x0000027e069f4000 Uncommon trap: reason=profile_predicate action=maybe_recompile pc=0x0000027e780504b4 method=java.util.stream.ReferencePipeline.forEachWithCancel(Ljava/util/Spliterator;Ljava/util/stream/Sink;)Z @ 8 c2
Event: 46.650 Thread 0x0000027e069f4000 Uncommon trap: reason=profile_predicate action=maybe_recompile pc=0x0000027e780504b4 method=java.util.stream.ReferencePipeline.forEachWithCancel(Ljava/util/Spliterator;Ljava/util/stream/Sink;)Z @ 8 c2
Event: 47.661 Thread 0x0000027e069f4000 Uncommon trap: reason=profile_predicate action=maybe_recompile pc=0x0000027e780504b4 method=java.util.stream.ReferencePipeline.forEachWithCancel(Ljava/util/Spliterator;Ljava/util/stream/Sink;)Z @ 8 c2
Event: 49.620 Thread 0x0000027e05630800 Uncommon trap: reason=unstable_if action=reinterpret pc=0x0000027e77f94e50 method=java.util.HashMap.putVal(ILjava/lang/Object;Ljava/lang/Object;ZZ)Ljava/lang/Object; @ 162 c2

Classes redefined (0 events):
No events

Internal exceptions (10 events):
Event: 45.037 Thread 0x0000027e05630800 Exception <a 'java/lang/ClassNotFoundException'{0x00000000ed1349c8}: groovy/lang/Closure$1BeanInfo> (0x00000000ed1349c8) thrown at [./open/src/hotspot/share/classfile/systemDictionary.cpp, line 226]
Event: 45.038 Thread 0x0000027e05630800 Exception <a 'java/lang/ClassNotFoundException'{0x00000000ed167388}: groovy/lang/ClosureBeanInfo> (0x00000000ed167388) thrown at [./open/src/hotspot/share/classfile/systemDictionary.cpp, line 226]
Event: 45.040 Thread 0x0000027e05630800 Exception <a 'java/lang/ClassNotFoundException'{0x00000000ed19a020}: groovy/lang/ClosureCustomizer> (0x00000000ed19a020) thrown at [./open/src/hotspot/share/classfile/systemDictionary.cpp, line 226]
Event: 45.046 Thread 0x0000027e05630800 Exception <a 'java/lang/ClassNotFoundException'{0x00000000ed1ef038}: groovy/lang/Closure$1Customizer> (0x00000000ed1ef038) thrown at [./open/src/hotspot/share/classfile/systemDictionary.cpp, line 226]
Event: 49.526 Thread 0x0000027e05630800 Exception <a 'java/lang/ClassNotFoundException'{0x00000000ecd96dc8}: ijresolvers_b4xwi4u071pes5gs7d36qm2cgBeanInfo> (0x00000000ecd96dc8) thrown at [./open/src/hotspot/share/classfile/systemDictionary.cpp, line 226]
Event: 49.527 Thread 0x0000027e05630800 Exception <a 'java/lang/ClassNotFoundException'{0x00000000ecda2898}: ijresolvers_b4xwi4u071pes5gs7d36qm2cgCustomizer> (0x00000000ecda2898) thrown at [./open/src/hotspot/share/classfile/systemDictionary.cpp, line 226]
Event: 49.571 Thread 0x0000027e05630800 Exception <a 'java/lang/ClassNotFoundException'{0x00000000ecc19210}: SetupUtpTestResultListenerActionBeanInfo> (0x00000000ecc19210) thrown at [./open/src/hotspot/share/classfile/systemDictionary.cpp, line 226]
Event: 49.571 Thread 0x0000027e05630800 Exception <a 'java/lang/ClassNotFoundException'{0x00000000ecc1f728}: SetupUtpTestResultListenerActionCustomizer> (0x00000000ecc1f728) thrown at [./open/src/hotspot/share/classfile/systemDictionary.cpp, line 226]
Event: 49.596 Thread 0x0000027e05630800 Exception <a 'java/lang/ClassNotFoundException'{0x00000000eccb1cf8}: org/gradle/execution/taskgraph/DefaultTaskExecutionGraphBeanInfo> (0x00000000eccb1cf8) thrown at [./open/src/hotspot/share/classfile/systemDictionary.cpp, line 226]
Event: 49.597 Thread 0x0000027e05630800 Exception <a 'java/lang/ClassNotFoundException'{0x00000000eccd93e0}: org/gradle/execution/taskgraph/DefaultTaskExecutionGraphCustomizer> (0x00000000eccd93e0) thrown at [./open/src/hotspot/share/classfile/systemDictionary.cpp, line 226]

Events (10 events):
Event: 49.650 loading class org/gradle/initialization/SettingsScript
Event: 49.650 loading class org/gradle/initialization/SettingsScript done
Event: 49.650 loading class org/gradle/plugin/use/internal/PluginsAwareScript
Event: 49.650 loading class org/gradle/plugin/use/internal/PluginsAwareScript done
Event: 49.758 Executing VM operation: RevokeBias
Event: 49.758 Executing VM operation: RevokeBias done
Event: 49.758 Executing VM operation: RevokeBias
Event: 49.758 Executing VM operation: RevokeBias done
Event: 49.765 Executing VM operation: RevokeBias
Event: 49.767 Executing VM operation: RevokeBias done


Dynamic libraries:
0x00007ff69e780000 - 0x00007ff69e78f000 	C:\JAVA 11\bin\java.exe
0x00007ffcc1ce0000 - 0x00007ffcc1ee9000 	C:\WINDOWS\SYSTEM32\ntdll.dll
0x00007ffcc0340000 - 0x00007ffcc03fd000 	C:\WINDOWS\System32\KERNEL32.DLL
0x00007ffcbf190000 - 0x00007ffcbf509000 	C:\WINDOWS\System32\KERNELBASE.dll
0x00007ffcbf660000 - 0x00007ffcbf771000 	C:\WINDOWS\System32\ucrtbase.dll
0x00007ffc90300000 - 0x00007ffc90318000 	C:\JAVA 11\bin\jli.dll
0x00007ffc8e000000 - 0x00007ffc8e015000 	C:\JAVA 11\bin\VCRUNTIME140.dll
0x00007ffcc1310000 - 0x00007ffcc13be000 	C:\WINDOWS\System32\ADVAPI32.dll
0x00007ffcc0e90000 - 0x00007ffcc0f33000 	C:\WINDOWS\System32\msvcrt.dll
0x00007ffcc0430000 - 0x00007ffcc04ce000 	C:\WINDOWS\System32\sechost.dll
0x00007ffcbfea0000 - 0x00007ffcbffc0000 	C:\WINDOWS\System32\RPCRT4.dll
0x00007ffcc1ac0000 - 0x00007ffcc1c6c000 	C:\WINDOWS\System32\USER32.dll
0x00007ffcbf510000 - 0x00007ffcbf536000 	C:\WINDOWS\System32\win32u.dll
0x00007ffcc0f40000 - 0x00007ffcc0f69000 	C:\WINDOWS\System32\GDI32.dll
0x00007ffcbf540000 - 0x00007ffcbf652000 	C:\WINDOWS\System32\gdi32full.dll
0x00007ffca3700000 - 0x00007ffca39a5000 	C:\WINDOWS\WinSxS\amd64_microsoft.windows.common-controls_6595b64144ccf1df_6.0.22000.120_none_9d947278b86cc467\COMCTL32.dll
0x00007ffcbfa20000 - 0x00007ffcbfabd000 	C:\WINDOWS\System32\msvcp_win.dll
0x00007ffcb6320000 - 0x00007ffcb632a000 	C:\WINDOWS\SYSTEM32\VERSION.dll
0x00007ffcbfd70000 - 0x00007ffcbfda1000 	C:\WINDOWS\System32\IMM32.DLL
0x00007ffc80680000 - 0x00007ffc8071b000 	C:\JAVA 11\bin\msvcp140.dll
0x00007ffc48130000 - 0x00007ffc48c46000 	C:\JAVA 11\bin\server\jvm.dll
0x00007ffcc0420000 - 0x00007ffcc0428000 	C:\WINDOWS\System32\PSAPI.DLL
0x00007ffcb5760000 - 0x00007ffcb5769000 	C:\WINDOWS\SYSTEM32\WSOCK32.dll
0x00007ffcc10b0000 - 0x00007ffcc111f000 	C:\WINDOWS\System32\WS2_32.dll
0x00007ffcb67a0000 - 0x00007ffcb67d3000 	C:\WINDOWS\SYSTEM32\WINMM.dll
0x00007ffcbe290000 - 0x00007ffcbe2a8000 	C:\WINDOWS\SYSTEM32\kernel.appcore.dll
0x00007ffca1230000 - 0x00007ffca1240000 	C:\JAVA 11\bin\verify.dll
0x00007ffcbcf40000 - 0x00007ffcbd161000 	C:\WINDOWS\SYSTEM32\DBGHELP.DLL
0x00007ffcb5530000 - 0x00007ffcb5561000 	C:\WINDOWS\SYSTEM32\dbgcore.DLL
0x00007ffcbfac0000 - 0x00007ffcbfb3f000 	C:\WINDOWS\System32\bcryptPrimitives.dll
0x00007ffc8d0f0000 - 0x00007ffc8d118000 	C:\JAVA 11\bin\java.dll
0x00007ffca1090000 - 0x00007ffca109a000 	C:\JAVA 11\bin\jimage.dll
0x00007ffc8dcc0000 - 0x00007ffc8dcd6000 	C:\JAVA 11\bin\zip.dll
0x00007ffcc0560000 - 0x00007ffcc0d18000 	C:\WINDOWS\System32\SHELL32.dll
0x00007ffcbd300000 - 0x00007ffcbdb68000 	C:\WINDOWS\SYSTEM32\windows.storage.dll
0x00007ffcbffc0000 - 0x00007ffcc0339000 	C:\WINDOWS\System32\combase.dll
0x00007ffcbd190000 - 0x00007ffcbd2f6000 	C:\WINDOWS\SYSTEM32\wintypes.dll
0x00007ffcc0da0000 - 0x00007ffcc0e8a000 	C:\WINDOWS\System32\SHCORE.dll
0x00007ffcc0ff0000 - 0x00007ffcc104d000 	C:\WINDOWS\System32\shlwapi.dll
0x00007ffcbf0c0000 - 0x00007ffcbf0e1000 	C:\WINDOWS\SYSTEM32\profapi.dll
0x00007ffc8d7f0000 - 0x00007ffc8d809000 	C:\JAVA 11\bin\net.dll
0x00007ffcba8e0000 - 0x00007ffcba9ec000 	C:\WINDOWS\SYSTEM32\WINHTTP.dll
0x00007ffcbe730000 - 0x00007ffcbe797000 	C:\WINDOWS\system32\mswsock.dll
0x00007ffc8d4c0000 - 0x00007ffc8d4d2000 	C:\JAVA 11\bin\nio.dll
0x00007ffc8d810000 - 0x00007ffc8d837000 	C:\Users\karol\.gradle\native\e1d6ef7f7dcc3fd88c89a11ec53ec762bb8ba0a96d01ffa2cd45eb1d1d8dd5c5\windows-amd64\native-platform.dll
0x00007ffc78a80000 - 0x00007ffc78bc4000 	C:\Users\karol\.gradle\native\0d407fdbe67a94daf76414ababcb853783967236a71b16ec16e742cd7a986fd3\windows-amd64\native-platform-file-events.dll
0x00007ffca0ee0000 - 0x00007ffca0ee9000 	C:\JAVA 11\bin\management.dll
0x00007ffca0970000 - 0x00007ffca097b000 	C:\JAVA 11\bin\management_ext.dll
0x00007ffcbe970000 - 0x00007ffcbe988000 	C:\WINDOWS\SYSTEM32\CRYPTSP.dll
0x00007ffcbe1f0000 - 0x00007ffcbe225000 	C:\WINDOWS\system32\rsaenh.dll
0x00007ffcbe820000 - 0x00007ffcbe849000 	C:\WINDOWS\SYSTEM32\USERENV.dll
0x00007ffcbeaf0000 - 0x00007ffcbeb17000 	C:\WINDOWS\SYSTEM32\bcrypt.dll
0x00007ffcbe990000 - 0x00007ffcbe99c000 	C:\WINDOWS\SYSTEM32\CRYPTBASE.dll
0x00007ffcbddb0000 - 0x00007ffcbdddd000 	C:\WINDOWS\SYSTEM32\IPHLPAPI.DLL
0x00007ffcc0f70000 - 0x00007ffcc0f79000 	C:\WINDOWS\System32\NSI.dll
0x00007ffcb6550000 - 0x00007ffcb6569000 	C:\WINDOWS\SYSTEM32\dhcpcsvc6.DLL
0x00007ffcb6b20000 - 0x00007ffcb6b3e000 	C:\WINDOWS\SYSTEM32\dhcpcsvc.DLL
0x00007ffcbdde0000 - 0x00007ffcbdec8000 	C:\WINDOWS\SYSTEM32\DNSAPI.dll

dbghelp: loaded successfully - version: 4.0.5 - missing functions: none
symbol engine: initialized successfully - sym options: 0x614 - pdb path: .;C:\JAVA 11\bin;C:\WINDOWS\SYSTEM32;C:\WINDOWS\WinSxS\amd64_microsoft.windows.common-controls_6595b64144ccf1df_6.0.22000.120_none_9d947278b86cc467;C:\JAVA 11\bin\server;C:\Users\karol\.gradle\native\e1d6ef7f7dcc3fd88c89a11ec53ec762bb8ba0a96d01ffa2cd45eb1d1d8dd5c5\windows-amd64;C:\Users\karol\.gradle\native\0d407fdbe67a94daf76414ababcb853783967236a71b16ec16e742cd7a986fd3\windows-amd64

VM Arguments:
jvm_args: --add-opens=java.base/java.util=ALL-UNNAMED --add-opens=java.base/java.lang=ALL-UNNAMED --add-opens=java.base/java.lang.invoke=ALL-UNNAMED --add-opens=java.base/java.util=ALL-UNNAMED --add-opens=java.prefs/java.util.prefs=ALL-UNNAMED --add-opens=java.prefs/java.util.prefs=ALL-UNNAMED --add-opens=java.base/java.nio.charset=ALL-UNNAMED --add-opens=java.base/java.net=ALL-UNNAMED --add-opens=java.base/java.util.concurrent.atomic=ALL-UNNAMED -XX:MaxMetaspaceSize=256m -XX:+HeapDumpOnOutOfMemoryError -Xms256m -Xmx512m -Dfile.encoding=windows-1250 -Duser.country=PL -Duser.language=pl -Duser.variant 
java_command: org.gradle.launcher.daemon.bootstrap.GradleDaemon 7.4.1
java_class_path (initial): C:\Users\karol\.gradle\wrapper\dists\gradle-7.4.1-bin\58kw26xllvsiedyf3nujyarhn\gradle-7.4.1\lib\gradle-launcher-7.4.1.jar
Launcher Type: SUN_STANDARD

[Global flags]
     intx CICompilerCount                          = 4                                         {product} {ergonomic}
   size_t CompressedClassSpaceSize                 = 260046848                                 {product} {ergonomic}
     uint ConcGCThreads                            = 2                                         {product} {ergonomic}
     uint G1ConcRefinementThreads                  = 8                                         {product} {ergonomic}
   size_t G1HeapRegionSize                         = 1048576                                   {product} {ergonomic}
    uintx GCDrainStackTargetSize                   = 64                                        {product} {ergonomic}
     bool HeapDumpOnOutOfMemoryError               = true                                   {manageable} {command line}
   size_t InitialHeapSize                          = 268435456                                 {product} {command line}
   size_t MarkStackSize                            = 4194304                                   {product} {ergonomic}
   size_t MaxHeapSize                              = 536870912                                 {product} {command line}
   size_t MaxMetaspaceSize                         = 268435456                                 {product} {command line}
   size_t MaxNewSize                               = 321912832                                 {product} {ergonomic}
   size_t MinHeapDeltaBytes                        = 1048576                                   {product} {ergonomic}
    uintx NonNMethodCodeHeapSize                   = 5836300                                {pd product} {ergonomic}
    uintx NonProfiledCodeHeapSize                  = 122910970                              {pd product} {ergonomic}
    uintx ProfiledCodeHeapSize                     = 122910970                              {pd product} {ergonomic}
    uintx ReservedCodeCacheSize                    = 251658240                              {pd product} {ergonomic}
     bool SegmentedCodeCache                       = true                                      {product} {ergonomic}
     bool UseCompressedClassPointers               = true                                 {lp64_product} {ergonomic}
     bool UseCompressedOops                        = true                                 {lp64_product} {ergonomic}
     bool UseG1GC                                  = true                                      {product} {ergonomic}
     bool UseLargePagesIndividualAllocation        = false                                  {pd product} {ergonomic}

Logging:
Log output configuration:
 #0: stdout all=warning uptime,level,tags
 #1: stderr all=off uptime,level,tags

Environment Variables:
JAVA_HOME=C:\JAVA 11
PATH=C:\Program Files\Common Files\Oracle\Java\javapath;C:\Program Files (x86)\Common Files\Oracle\Java\javapath;C:\WINDOWS\system32;C:\WINDOWS;C:\WINDOWS\System32\Wbem;C:\WINDOWS\System32\WindowsPowerShell\v1.0\;C:\WINDOWS\System32\OpenSSH\;C:\Program Files\dotnet\;C:\Program Files\Git\cmd;C:\gradle-7.4.2\bin;C:\Program Files\MySQL\MySQL Shell 8.0\bin\;C:\Users\karol\AppData\Local\Microsoft\WindowsApps;C:\JAVA 11\bin;;C:\Users\karol\AppData\Local\Programs\Microsoft VS Code\bin
USERNAME=karol
OS=Windows_NT
PROCESSOR_IDENTIFIER=Intel64 Family 6 Model 142 Stepping 12, GenuineIntel



---------------  S Y S T E M  ---------------

OS: Windows 11 , 64 bit Build 22000 (10.0.22000.708)

CPU:total 8 (initial active 8) (4 cores per cpu, 2 threads per core) family 6 model 142 stepping 12 microcode 0xde, cmov, cx8, fxsr, mmx, sse, sse2, sse3, ssse3, sse4.1, sse4.2, popcnt, avx, avx2, aes, clmul, erms, 3dnowpref, lzcnt, ht, tsc, tscinvbit, bmi1, bmi2, adx, fma

Memory: 4k page, system-wide physical 16182M (566M free)
TotalPageFile size 23411M (AvailPageFile size 3M)
current process WorkingSet (physical memory assigned to process): 254M, peak: 270M
current process commit charge ("private bytes"): 436M, peak: 449M

vm_info: Java HotSpot(TM) 64-Bit Server VM (11.0.14+8-LTS-263) for windows-amd64 JRE (11.0.14+8-LTS-263), built on Dec  7 2021 21:53:57 by "mach5one" with MS VC++ 15.9 (VS2017)

END.
