#
# There is insufficient memory for the Java Runtime Environment to continue.
# Native memory allocation (malloc) failed to allocate 131088 bytes for Chunk::new
# Possible reasons:
#   The system is out of physical RAM or swap space
#   The process is running with CompressedOops enabled, and the Java Heap may be blocking the growth of the native heap
# Possible solutions:
#   Reduce memory load on the system
#   Increase physical memory or swap space
#   Check if swap backing store is full
#   Decrease Java heap size (-Xmx/-Xms)
#   Decrease number of Java threads
#   Decrease Java thread stack sizes (-Xss)
#   Set larger code cache with -XX:ReservedCodeCacheSize=
#   JVM is running with Unscaled Compressed Oops mode in which the Java heap is
#     placed in the first 4GB address space. The Java Heap base address is the
#     maximum limit for the native heap growth. Please use -XX:HeapBaseMinAddress
#     to set the Java Heap base and to place the Java Heap above 4GB virtual address.
# This output file may be truncated or incomplete.
#
#  Out of Memory Error (./open/src/hotspot/share/memory/arena.cpp:197), pid=56408, tid=57288
#
# JRE version: Java(TM) SE Runtime Environment 18.9 (11.0.14+8) (build 11.0.14+8-LTS-263)
# Java VM: Java HotSpot(TM) 64-Bit Server VM 18.9 (11.0.14+8-LTS-263, mixed mode, tiered, compressed oops, g1 gc, windows-amd64)
# No core dump will be written. Minidumps are not enabled by default on client versions of Windows
#

---------------  S U M M A R Y ------------

Command Line: --add-opens=java.base/java.util=ALL-UNNAMED --add-opens=java.base/java.lang=ALL-UNNAMED --add-opens=java.base/java.lang.invoke=ALL-UNNAMED --add-opens=java.base/java.util=ALL-UNNAMED --add-opens=java.prefs/java.util.prefs=ALL-UNNAMED --add-opens=java.prefs/java.util.prefs=ALL-UNNAMED --add-opens=java.base/java.nio.charset=ALL-UNNAMED --add-opens=java.base/java.net=ALL-UNNAMED --add-opens=java.base/java.util.concurrent.atomic=ALL-UNNAMED -XX:MaxMetaspaceSize=256m -XX:+HeapDumpOnOutOfMemoryError -Xms256m -Xmx512m -Dfile.encoding=windows-1250 -Duser.country=PL -Duser.language=pl -Duser.variant org.gradle.launcher.daemon.bootstrap.GradleDaemon 7.4.1

Host: Intel(R) Core(TM) i7-10510U CPU @ 1.80GHz, 8 cores, 15G,  Windows 11 , 64 bit Build 22000 (10.0.22000.708)
Time: Tue Jun 28 13:38:47 2022 Œrodkowoeuropejski czas letni elapsed time: 49.894061 seconds (0d 0h 0m 49s)

---------------  T H R E A D  ---------------

Current thread (0x00000217ae964000):  JavaThread "C2 CompilerThread0" daemon [_thread_in_native, id=57288, stack(0x000000bc84400000,0x000000bc84500000)]


Current CompileTask:
C2:  49894 3779       4       groovy.lang.MetaClassImpl$1MOPIter::methodNameAction (325 bytes)

Stack: [0x000000bc84400000,0x000000bc84500000]
Native frames: (J=compiled Java code, j=interpreted, Vv=VM code, C=native code)
V  [jvm.dll+0x6296da]
V  [jvm.dll+0x76323f]
V  [jvm.dll+0x7648e9]
V  [jvm.dll+0x764f73]
V  [jvm.dll+0x23d7c8]
V  [jvm.dll+0xb297c]
V  [jvm.dll+0xb2f3c]
V  [jvm.dll+0xb2a8b]
V  [jvm.dll+0x609a6f]
V  [jvm.dll+0x1ff29b]
V  [jvm.dll+0x65333a]
V  [jvm.dll+0x1fff28]
V  [jvm.dll+0x1f72e3]
V  [jvm.dll+0x177b21]
V  [jvm.dll+0x206e26]
V  [jvm.dll+0x204fbb]
V  [jvm.dll+0x729170]
V  [jvm.dll+0x721d44]
V  [jvm.dll+0x6285d6]
C  [ucrtbase.dll+0x26c0c]
C  [KERNEL32.DLL+0x154e0]
C  [ntdll.dll+0x485b]


---------------  P R O C E S S  ---------------

Threads class SMR info:
_java_thread_list=0x00000217b3a4d960, length=39, elements={
0x0000021794217800, 0x00000217ae93e000, 0x00000217ae93f800, 0x00000217af2d3000,
0x00000217ae95c800, 0x00000217ae95f000, 0x00000217ae964000, 0x00000217ae96c800,
0x00000217ae96d000, 0x00000217af433800, 0x00000217b014d000, 0x00000217b16fb000,
0x00000217b0af3800, 0x00000217b14c7800, 0x00000217af7a8800, 0x00000217af5b4800,
0x00000217b023b800, 0x00000217b0753000, 0x00000217b04b0000, 0x00000217b136e000,
0x00000217b136f000, 0x00000217b1370800, 0x00000217b136b800, 0x00000217b136c800,
0x00000217b136d000, 0x00000217b136f800, 0x00000217b136b000, 0x00000217b1371800,
0x00000217b498b800, 0x00000217b4988000, 0x00000217b498c000, 0x00000217b4989800,
0x00000217b4987800, 0x00000217b498a800, 0x00000217b498f800, 0x00000217b498e800,
0x00000217b4991000, 0x00000217b4990800, 0x00000217b4992800
}

Java Threads: ( => current thread )
  0x0000021794217800 JavaThread "main" [_thread_blocked, id=56864, stack(0x000000bc83800000,0x000000bc83900000)]
  0x00000217ae93e000 JavaThread "Reference Handler" daemon [_thread_blocked, id=57156, stack(0x000000bc83f00000,0x000000bc84000000)]
  0x00000217ae93f800 JavaThread "Finalizer" daemon [_thread_blocked, id=57160, stack(0x000000bc84000000,0x000000bc84100000)]
  0x00000217af2d3000 JavaThread "Signal Dispatcher" daemon [_thread_blocked, id=57276, stack(0x000000bc84100000,0x000000bc84200000)]
  0x00000217ae95c800 JavaThread "Attach Listener" daemon [_thread_blocked, id=57280, stack(0x000000bc84200000,0x000000bc84300000)]
  0x00000217ae95f000 JavaThread "Service Thread" daemon [_thread_blocked, id=57284, stack(0x000000bc84300000,0x000000bc84400000)]
=>0x00000217ae964000 JavaThread "C2 CompilerThread0" daemon [_thread_in_native, id=57288, stack(0x000000bc84400000,0x000000bc84500000)]
  0x00000217ae96c800 JavaThread "C1 CompilerThread0" daemon [_thread_blocked, id=57312, stack(0x000000bc84500000,0x000000bc84600000)]
  0x00000217ae96d000 JavaThread "Sweeper thread" daemon [_thread_blocked, id=57324, stack(0x000000bc84600000,0x000000bc84700000)]
  0x00000217af433800 JavaThread "Common-Cleaner" daemon [_thread_blocked, id=29948, stack(0x000000bc84700000,0x000000bc84800000)]
  0x00000217b014d000 JavaThread "Daemon health stats" [_thread_blocked, id=58208, stack(0x000000bc84e00000,0x000000bc84f00000)]
  0x00000217b16fb000 JavaThread "Incoming local TCP Connector on port 60297" [_thread_in_native, id=49868, stack(0x000000bc84f00000,0x000000bc85000000)]
  0x00000217b0af3800 JavaThread "Daemon periodic checks" [_thread_blocked, id=48484, stack(0x000000bc85000000,0x000000bc85100000)]
  0x00000217b14c7800 JavaThread "Daemon" [_thread_blocked, id=52740, stack(0x000000bc85100000,0x000000bc85200000)]
  0x00000217af7a8800 JavaThread "Handler for socket connection from /127.0.0.1:60297 to /127.0.0.1:60315" [_thread_in_native, id=30532, stack(0x000000bc85200000,0x000000bc85300000)]
  0x00000217af5b4800 JavaThread "Cancel handler" [_thread_blocked, id=32928, stack(0x000000bc85300000,0x000000bc85400000)]
  0x00000217b023b800 JavaThread "Daemon worker" [_thread_in_Java, id=13724, stack(0x000000bc85400000,0x000000bc85500000)]
  0x00000217b0753000 JavaThread "Asynchronous log dispatcher for DefaultDaemonConnection: socket connection from /127.0.0.1:60297 to /127.0.0.1:60315" [_thread_blocked, id=16576, stack(0x000000bc85500000,0x000000bc85600000)]
  0x00000217b04b0000 JavaThread "Stdin handler" [_thread_blocked, id=39076, stack(0x000000bc85600000,0x000000bc85700000)]
  0x00000217b136e000 JavaThread "Daemon client event forwarder" [_thread_blocked, id=46848, stack(0x000000bc85700000,0x000000bc85800000)]
  0x00000217b136f000 JavaThread "Cache worker for journal cache (C:\Users\karol\.gradle\caches\journal-1)" [_thread_blocked, id=56416, stack(0x000000bc85800000,0x000000bc85900000)]
  0x00000217b1370800 JavaThread "File lock request listener" [_thread_in_native, id=54192, stack(0x000000bc85900000,0x000000bc85a00000)]
  0x00000217b136b800 JavaThread "File lock release action executor" [_thread_blocked, id=56572, stack(0x000000bc85a00000,0x000000bc85b00000)]
  0x00000217b136c800 JavaThread "Cache worker for file hash cache (C:\Users\karol\.gradle\caches\7.4.1\fileHashes)" [_thread_blocked, id=57248, stack(0x000000bc85b00000,0x000000bc85c00000)]
  0x00000217b136d000 JavaThread "File watcher server" daemon [_thread_in_native, id=57888, stack(0x000000bc86100000,0x000000bc86200000)]
  0x00000217b136f800 JavaThread "File watcher consumer" daemon [_thread_blocked, id=57792, stack(0x000000bc86000000,0x000000bc86100000)]
  0x00000217b136b000 JavaThread "Cache worker for checksums cache (C:\kodilla-course\kodilla-jdbc\.gradle\7.4.1\checksums)" [_thread_blocked, id=57960, stack(0x000000bc86200000,0x000000bc86300000)]
  0x00000217b1371800 JavaThread "Cache worker for cache directory md-rule (C:\Users\karol\.gradle\caches\7.4.1\md-rule)" [_thread_blocked, id=58192, stack(0x000000bc86300000,0x000000bc86400000)]
  0x00000217b498b800 JavaThread "Cache worker for file hash cache (C:\kodilla-course\kodilla-jdbc\.gradle\7.4.1\fileHashes)" [_thread_blocked, id=58116, stack(0x000000bc86400000,0x000000bc86500000)]
  0x00000217b4988000 JavaThread "Cache worker for cache directory md-supplier (C:\Users\karol\.gradle\caches\7.4.1\md-supplier)" [_thread_blocked, id=58044, stack(0x000000bc86500000,0x000000bc86600000)]
  0x00000217b498c000 JavaThread "Cache worker for execution history cache (C:\Users\karol\.gradle\caches\7.4.1\executionHistory)" [_thread_blocked, id=58340, stack(0x000000bc86600000,0x000000bc86700000)]
  0x00000217b4989800 JavaThread "jar transforms" [_thread_blocked, id=52476, stack(0x000000bc83500000,0x000000bc83600000)]
  0x00000217b4987800 JavaThread "jar transforms Thread 2" [_thread_blocked, id=34252, stack(0x000000bc85f00000,0x000000bc86000000)]
  0x00000217b498a800 JavaThread "Cache worker for file content cache (C:\Users\karol\.gradle\caches\7.4.1\fileContent)" [_thread_blocked, id=56288, stack(0x000000bc86900000,0x000000bc86a00000)]
  0x00000217b498f800 JavaThread "jar transforms Thread 3" [_thread_blocked, id=45228, stack(0x000000bc86a00000,0x000000bc86b00000)]
  0x00000217b498e800 JavaThread "jar transforms Thread 4" [_thread_blocked, id=55688, stack(0x000000bc86700000,0x000000bc86800000)]
  0x00000217b4991000 JavaThread "jar transforms Thread 5" [_thread_blocked, id=56316, stack(0x000000bc86c00000,0x000000bc86d00000)]
  0x00000217b4990800 JavaThread "jar transforms Thread 6" [_thread_blocked, id=58224, stack(0x000000bc86d00000,0x000000bc86e00000)]
  0x00000217b4992800 JavaThread "Cache worker for dependencies-accessors (C:\kodilla-course\kodilla-jdbc\.gradle\7.4.1\dependencies-accessors)" [_thread_blocked, id=58396, stack(0x000000bc86e00000,0x000000bc86f00000)]

Other Threads:
  0x00000217ae917800 VMThread "VM Thread" [stack: 0x000000bc83e00000,0x000000bc83f00000] [id=57060]
  0x00000217af469800 WatcherThread [stack: 0x000000bc84800000,0x000000bc84900000] [id=56432]
  0x000002179422c800 GCTaskThread "GC Thread#0" [stack: 0x000000bc83900000,0x000000bc83a00000] [id=56988]
  0x00000217afd7e000 GCTaskThread "GC Thread#1" [stack: 0x000000bc84900000,0x000000bc84a00000] [id=57632]
  0x00000217afd7e800 GCTaskThread "GC Thread#2" [stack: 0x000000bc84a00000,0x000000bc84b00000] [id=57636]
  0x00000217b0001000 GCTaskThread "GC Thread#3" [stack: 0x000000bc84b00000,0x000000bc84c00000] [id=57640]
  0x00000217b0001800 GCTaskThread "GC Thread#4" [stack: 0x000000bc84c00000,0x000000bc84d00000] [id=57644]
  0x00000217b015a000 GCTaskThread "GC Thread#5" [stack: 0x000000bc84d00000,0x000000bc84e00000] [id=57648]
  0x00000217b0e5e800 GCTaskThread "GC Thread#6" [stack: 0x000000bc85c00000,0x000000bc85d00000] [id=55512]
  0x00000217b06ba000 GCTaskThread "GC Thread#7" [stack: 0x000000bc85d00000,0x000000bc85e00000] [id=40820]
  0x0000021794240800 ConcurrentGCThread "G1 Main Marker" [stack: 0x000000bc83a00000,0x000000bc83b00000] [id=56992]
  0x0000021794243000 ConcurrentGCThread "G1 Conc#0" [stack: 0x000000bc83b00000,0x000000bc83c00000] [id=56996]
  0x00000217af378000 ConcurrentGCThread "G1 Conc#1" [stack: 0x000000bc85e00000,0x000000bc85f00000] [id=56380]
  0x00000217942fe000 ConcurrentGCThread "G1 Refine#0" [stack: 0x000000bc83c00000,0x000000bc83d00000] [id=57004]
  0x00000217ae7b4800 ConcurrentGCThread "G1 Young RemSet Sampling" [stack: 0x000000bc83d00000,0x000000bc83e00000] [id=57008]

Threads with active compile tasks:
C2 CompilerThread0  49929 3779       4       groovy.lang.MetaClassImpl$1MOPIter::methodNameAction (325 bytes)

VM state:not at safepoint (normal execution)

VM Mutex/Monitor currently owned by a thread: None

Heap address: 0x00000000e0000000, size: 512 MB, Compressed Oops mode: 32-bit
Narrow klass base: 0x0000000000000000, Narrow klass shift: 3
Compressed class space size: 260046848 Address: 0x0000000100000000

Heap:
 garbage-first heap   total 262144K, used 125298K [0x00000000e0000000, 0x0000000100000000)
  region size 1024K, 104 young (106496K), 3 survivors (3072K)
 Metaspace       used 39820K, capacity 40689K, committed 40832K, reserved 290816K
  class space    used 5049K, capacity 5388K, committed 5504K, reserved 253952K
Heap Regions: E=young(eden), S=young(survivor), O=old, HS=humongous(starts), HC=humongous(continues), CS=collection set, F=free, A=archive, TAMS=top-at-mark-start (previous, next)
|   0|0x00000000e0000000, 0x00000000e0100000, 0x00000000e0100000|100%| O|  |TAMS 0x00000000e0100000, 0x00000000e0000000| Untracked 
|   1|0x00000000e0100000, 0x00000000e0200000, 0x00000000e0200000|100%| O|  |TAMS 0x00000000e0200000, 0x00000000e0100000| Untracked 
|   2|0x00000000e0200000, 0x00000000e0300000, 0x00000000e0300000|100%| O|  |TAMS 0x00000000e0300000, 0x00000000e0200000| Untracked 
|   3|0x00000000e0300000, 0x00000000e0400000, 0x00000000e0400000|100%|HS|  |TAMS 0x00000000e0400000, 0x00000000e0300000| Complete 
|   4|0x00000000e0400000, 0x00000000e0500000, 0x00000000e0500000|100%|HC|  |TAMS 0x00000000e0500000, 0x00000000e0400000| Complete 
|   5|0x00000000e0500000, 0x00000000e0600000, 0x00000000e0600000|100%|HC|  |TAMS 0x00000000e0600000, 0x00000000e0500000| Complete 
|   6|0x00000000e0600000, 0x00000000e0700000, 0x00000000e0700000|100%| O|  |TAMS 0x00000000e0700000, 0x00000000e0600000| Untracked 
|   7|0x00000000e0700000, 0x00000000e0800000, 0x00000000e0800000|100%| O|  |TAMS 0x00000000e0800000, 0x00000000e0700000| Untracked 
|   8|0x00000000e0800000, 0x00000000e0900000, 0x00000000e0900000|100%| O|  |TAMS 0x00000000e0900000, 0x00000000e0800000| Untracked 
|   9|0x00000000e0900000, 0x00000000e0a00000, 0x00000000e0a00000|100%| O|  |TAMS 0x00000000e0a00000, 0x00000000e0900000| Untracked 
|  10|0x00000000e0a00000, 0x00000000e0b00000, 0x00000000e0b00000|100%| O|  |TAMS 0x00000000e0b00000, 0x00000000e0a00000| Untracked 
|  11|0x00000000e0b00000, 0x00000000e0c00000, 0x00000000e0c00000|100%| O|  |TAMS 0x00000000e0c00000, 0x00000000e0b00000| Untracked 
|  12|0x00000000e0c00000, 0x00000000e0d00000, 0x00000000e0d00000|100%| O|  |TAMS 0x00000000e0d00000, 0x00000000e0c00000| Untracked 
|  13|0x00000000e0d00000, 0x00000000e0e00000, 0x00000000e0e00000|100%| O|  |TAMS 0x00000000e0e00000, 0x00000000e0d00000| Untracked 
|  14|0x00000000e0e00000, 0x00000000e0f00000, 0x00000000e0f00000|100%| O|  |TAMS 0x00000000e0f00000, 0x00000000e0e00000| Untracked 
|  15|0x00000000e0f00000, 0x00000000e1000000, 0x00000000e1000000|100%| O|  |TAMS 0x00000000e1000000, 0x00000000e0f00000| Untracked 
|  16|0x00000000e1000000, 0x00000000e1095c00, 0x00000000e1100000| 58%| O|  |TAMS 0x00000000e1095c00, 0x00000000e1000000| Untracked 
|  17|0x00000000e1100000, 0x00000000e1200000, 0x00000000e1200000|100%|HS|  |TAMS 0x00000000e1100000, 0x00000000e1100000| Complete 
|  18|0x00000000e1200000, 0x00000000e1300000, 0x00000000e1300000|100%|HS|  |TAMS 0x00000000e1200000, 0x00000000e1200000| Complete 
|  19|0x00000000e1300000, 0x00000000e1400000, 0x00000000e1400000|100%|HC|  |TAMS 0x00000000e1300000, 0x00000000e1300000| Complete 
|  20|0x00000000e1400000, 0x00000000e1400000, 0x00000000e1500000|  0%| F|  |TAMS 0x00000000e1400000, 0x00000000e1400000| Untracked 
|  21|0x00000000e1500000, 0x00000000e1500000, 0x00000000e1600000|  0%| F|  |TAMS 0x00000000e1500000, 0x00000000e1500000| Untracked 
|  22|0x00000000e1600000, 0x00000000e1600000, 0x00000000e1700000|  0%| F|  |TAMS 0x00000000e1600000, 0x00000000e1600000| Untracked 
|  23|0x00000000e1700000, 0x00000000e1700000, 0x00000000e1800000|  0%| F|  |TAMS 0x00000000e1700000, 0x00000000e1700000| Untracked 
|  24|0x00000000e1800000, 0x00000000e1800000, 0x00000000e1900000|  0%| F|  |TAMS 0x00000000e1800000, 0x00000000e1800000| Untracked 
|  25|0x00000000e1900000, 0x00000000e1900000, 0x00000000e1a00000|  0%| F|  |TAMS 0x00000000e1900000, 0x00000000e1900000| Untracked 
|  26|0x00000000e1a00000, 0x00000000e1a00000, 0x00000000e1b00000|  0%| F|  |TAMS 0x00000000e1a00000, 0x00000000e1a00000| Untracked 
|  27|0x00000000e1b00000, 0x00000000e1b00000, 0x00000000e1c00000|  0%| F|  |TAMS 0x00000000e1b00000, 0x00000000e1b00000| Untracked 
|  28|0x00000000e1c00000, 0x00000000e1c00000, 0x00000000e1d00000|  0%| F|  |TAMS 0x00000000e1c00000, 0x00000000e1c00000| Untracked 
|  29|0x00000000e1d00000, 0x00000000e1d00000, 0x00000000e1e00000|  0%| F|  |TAMS 0x00000000e1d00000, 0x00000000e1d00000| Untracked 
|  30|0x00000000e1e00000, 0x00000000e1e00000, 0x00000000e1f00000|  0%| F|  |TAMS 0x00000000e1e00000, 0x00000000e1e00000| Untracked 
|  31|0x00000000e1f00000, 0x00000000e1f00000, 0x00000000e2000000|  0%| F|  |TAMS 0x00000000e1f00000, 0x00000000e1f00000| Untracked 
|  32|0x00000000e2000000, 0x00000000e2000000, 0x00000000e2100000|  0%| F|  |TAMS 0x00000000e2000000, 0x00000000e2000000| Untracked 
|  33|0x00000000e2100000, 0x00000000e2100000, 0x00000000e2200000|  0%| F|  |TAMS 0x00000000e2100000, 0x00000000e2100000| Untracked 
|  34|0x00000000e2200000, 0x00000000e2200000, 0x00000000e2300000|  0%| F|  |TAMS 0x00000000e2200000, 0x00000000e2200000| Untracked 
|  35|0x00000000e2300000, 0x00000000e2300000, 0x00000000e2400000|  0%| F|  |TAMS 0x00000000e2300000, 0x00000000e2300000| Untracked 
|  36|0x00000000e2400000, 0x00000000e2400000, 0x00000000e2500000|  0%| F|  |TAMS 0x00000000e2400000, 0x00000000e2400000| Untracked 
|  37|0x00000000e2500000, 0x00000000e2500000, 0x00000000e2600000|  0%| F|  |TAMS 0x00000000e2500000, 0x00000000e2500000| Untracked 
|  38|0x00000000e2600000, 0x00000000e2600000, 0x00000000e2700000|  0%| F|  |TAMS 0x00000000e2600000, 0x00000000e2600000| Untracked 
|  39|0x00000000e2700000, 0x00000000e2700000, 0x00000000e2800000|  0%| F|  |TAMS 0x00000000e2700000, 0x00000000e2700000| Untracked 
|  40|0x00000000e2800000, 0x00000000e2800000, 0x00000000e2900000|  0%| F|  |TAMS 0x00000000e2800000, 0x00000000e2800000| Untracked 
|  41|0x00000000e2900000, 0x00000000e2900000, 0x00000000e2a00000|  0%| F|  |TAMS 0x00000000e2900000, 0x00000000e2900000| Untracked 
|  42|0x00000000e2a00000, 0x00000000e2a00000, 0x00000000e2b00000|  0%| F|  |TAMS 0x00000000e2a00000, 0x00000000e2a00000| Untracked 
|  43|0x00000000e2b00000, 0x00000000e2b00000, 0x00000000e2c00000|  0%| F|  |TAMS 0x00000000e2b00000, 0x00000000e2b00000| Untracked 
|  44|0x00000000e2c00000, 0x00000000e2c00000, 0x00000000e2d00000|  0%| F|  |TAMS 0x00000000e2c00000, 0x00000000e2c00000| Untracked 
|  45|0x00000000e2d00000, 0x00000000e2d00000, 0x00000000e2e00000|  0%| F|  |TAMS 0x00000000e2d00000, 0x00000000e2d00000| Untracked 
|  46|0x00000000e2e00000, 0x00000000e2e00000, 0x00000000e2f00000|  0%| F|  |TAMS 0x00000000e2e00000, 0x00000000e2e00000| Untracked 
|  47|0x00000000e2f00000, 0x00000000e2f00000, 0x00000000e3000000|  0%| F|  |TAMS 0x00000000e2f00000, 0x00000000e2f00000| Untracked 
|  48|0x00000000e3000000, 0x00000000e3000000, 0x00000000e3100000|  0%| F|  |TAMS 0x00000000e3000000, 0x00000000e3000000| Untracked 
|  49|0x00000000e3100000, 0x00000000e3100000, 0x00000000e3200000|  0%| F|  |TAMS 0x00000000e3100000, 0x00000000e3100000| Untracked 
|  50|0x00000000e3200000, 0x00000000e3200000, 0x00000000e3300000|  0%| F|  |TAMS 0x00000000e3200000, 0x00000000e3200000| Untracked 
|  51|0x00000000e3300000, 0x00000000e3300000, 0x00000000e3400000|  0%| F|  |TAMS 0x00000000e3300000, 0x00000000e3300000| Untracked 
|  52|0x00000000e3400000, 0x00000000e3400000, 0x00000000e3500000|  0%| F|  |TAMS 0x00000000e3400000, 0x00000000e3400000| Untracked 
|  53|0x00000000e3500000, 0x00000000e3500000, 0x00000000e3600000|  0%| F|  |TAMS 0x00000000e3500000, 0x00000000e3500000| Untracked 
|  54|0x00000000e3600000, 0x00000000e3600000, 0x00000000e3700000|  0%| F|  |TAMS 0x00000000e3600000, 0x00000000e3600000| Untracked 
|  55|0x00000000e3700000, 0x00000000e3700000, 0x00000000e3800000|  0%| F|  |TAMS 0x00000000e3700000, 0x00000000e3700000| Untracked 
|  56|0x00000000e3800000, 0x00000000e3800000, 0x00000000e3900000|  0%| F|  |TAMS 0x00000000e3800000, 0x00000000e3800000| Untracked 
|  57|0x00000000e3900000, 0x00000000e3900000, 0x00000000e3a00000|  0%| F|  |TAMS 0x00000000e3900000, 0x00000000e3900000| Untracked 
|  58|0x00000000e3a00000, 0x00000000e3a00000, 0x00000000e3b00000|  0%| F|  |TAMS 0x00000000e3a00000, 0x00000000e3a00000| Untracked 
|  59|0x00000000e3b00000, 0x00000000e3b00000, 0x00000000e3c00000|  0%| F|  |TAMS 0x00000000e3b00000, 0x00000000e3b00000| Untracked 
|  60|0x00000000e3c00000, 0x00000000e3c00000, 0x00000000e3d00000|  0%| F|  |TAMS 0x00000000e3c00000, 0x00000000e3c00000| Untracked 
|  61|0x00000000e3d00000, 0x00000000e3d00000, 0x00000000e3e00000|  0%| F|  |TAMS 0x00000000e3d00000, 0x00000000e3d00000| Untracked 
|  62|0x00000000e3e00000, 0x00000000e3e00000, 0x00000000e3f00000|  0%| F|  |TAMS 0x00000000e3e00000, 0x00000000e3e00000| Untracked 
|  63|0x00000000e3f00000, 0x00000000e3f00000, 0x00000000e4000000|  0%| F|  |TAMS 0x00000000e3f00000, 0x00000000e3f00000| Untracked 
|  64|0x00000000e4000000, 0x00000000e4000000, 0x00000000e4100000|  0%| F|  |TAMS 0x00000000e4000000, 0x00000000e4000000| Untracked 
|  65|0x00000000e4100000, 0x00000000e4100000, 0x00000000e4200000|  0%| F|  |TAMS 0x00000000e4100000, 0x00000000e4100000| Untracked 
|  66|0x00000000e4200000, 0x00000000e4200000, 0x00000000e4300000|  0%| F|  |TAMS 0x00000000e4200000, 0x00000000e4200000| Untracked 
|  67|0x00000000e4300000, 0x00000000e4300000, 0x00000000e4400000|  0%| F|  |TAMS 0x00000000e4300000, 0x00000000e4300000| Untracked 
|  68|0x00000000e4400000, 0x00000000e4400000, 0x00000000e4500000|  0%| F|  |TAMS 0x00000000e4400000, 0x00000000e4400000| Untracked 
|  69|0x00000000e4500000, 0x00000000e4500000, 0x00000000e4600000|  0%| F|  |TAMS 0x00000000e4500000, 0x00000000e4500000| Untracked 
|  70|0x00000000e4600000, 0x00000000e4600000, 0x00000000e4700000|  0%| F|  |TAMS 0x00000000e4600000, 0x00000000e4600000| Untracked 
|  71|0x00000000e4700000, 0x00000000e4700000, 0x00000000e4800000|  0%| F|  |TAMS 0x00000000e4700000, 0x00000000e4700000| Untracked 
|  72|0x00000000e4800000, 0x00000000e4800000, 0x00000000e4900000|  0%| F|  |TAMS 0x00000000e4800000, 0x00000000e4800000| Untracked 
|  73|0x00000000e4900000, 0x00000000e4900000, 0x00000000e4a00000|  0%| F|  |TAMS 0x00000000e4900000, 0x00000000e4900000| Untracked 
|  74|0x00000000e4a00000, 0x00000000e4a00000, 0x00000000e4b00000|  0%| F|  |TAMS 0x00000000e4a00000, 0x00000000e4a00000| Untracked 
|  75|0x00000000e4b00000, 0x00000000e4b00000, 0x00000000e4c00000|  0%| F|  |TAMS 0x00000000e4b00000, 0x00000000e4b00000| Untracked 
|  76|0x00000000e4c00000, 0x00000000e4c00000, 0x00000000e4d00000|  0%| F|  |TAMS 0x00000000e4c00000, 0x00000000e4c00000| Untracked 
|  77|0x00000000e4d00000, 0x00000000e4d00000, 0x00000000e4e00000|  0%| F|  |TAMS 0x00000000e4d00000, 0x00000000e4d00000| Untracked 
|  78|0x00000000e4e00000, 0x00000000e4e00000, 0x00000000e4f00000|  0%| F|  |TAMS 0x00000000e4e00000, 0x00000000e4e00000| Untracked 
|  79|0x00000000e4f00000, 0x00000000e4f00000, 0x00000000e5000000|  0%| F|  |TAMS 0x00000000e4f00000, 0x00000000e4f00000| Untracked 
|  80|0x00000000e5000000, 0x00000000e5000000, 0x00000000e5100000|  0%| F|  |TAMS 0x00000000e5000000, 0x00000000e5000000| Untracked 
|  81|0x00000000e5100000, 0x00000000e5100000, 0x00000000e5200000|  0%| F|  |TAMS 0x00000000e5100000, 0x00000000e5100000| Untracked 
|  82|0x00000000e5200000, 0x00000000e5200000, 0x00000000e5300000|  0%| F|  |TAMS 0x00000000e5200000, 0x00000000e5200000| Untracked 
|  83|0x00000000e5300000, 0x00000000e5300000, 0x00000000e5400000|  0%| F|  |TAMS 0x00000000e5300000, 0x00000000e5300000| Untracked 
|  84|0x00000000e5400000, 0x00000000e5400000, 0x00000000e5500000|  0%| F|  |TAMS 0x00000000e5400000, 0x00000000e5400000| Untracked 
|  85|0x00000000e5500000, 0x00000000e5500000, 0x00000000e5600000|  0%| F|  |TAMS 0x00000000e5500000, 0x00000000e5500000| Untracked 
|  86|0x00000000e5600000, 0x00000000e5600000, 0x00000000e5700000|  0%| F|  |TAMS 0x00000000e5600000, 0x00000000e5600000| Untracked 
|  87|0x00000000e5700000, 0x00000000e5700000, 0x00000000e5800000|  0%| F|  |TAMS 0x00000000e5700000, 0x00000000e5700000| Untracked 
|  88|0x00000000e5800000, 0x00000000e5800000, 0x00000000e5900000|  0%| F|  |TAMS 0x00000000e5800000, 0x00000000e5800000| Untracked 
|  89|0x00000000e5900000, 0x00000000e5900000, 0x00000000e5a00000|  0%| F|  |TAMS 0x00000000e5900000, 0x00000000e5900000| Untracked 
|  90|0x00000000e5a00000, 0x00000000e5a00000, 0x00000000e5b00000|  0%| F|  |TAMS 0x00000000e5a00000, 0x00000000e5a00000| Untracked 
|  91|0x00000000e5b00000, 0x00000000e5b00000, 0x00000000e5c00000|  0%| F|  |TAMS 0x00000000e5b00000, 0x00000000e5b00000| Untracked 
|  92|0x00000000e5c00000, 0x00000000e5c00000, 0x00000000e5d00000|  0%| F|  |TAMS 0x00000000e5c00000, 0x00000000e5c00000| Untracked 
|  93|0x00000000e5d00000, 0x00000000e5d00000, 0x00000000e5e00000|  0%| F|  |TAMS 0x00000000e5d00000, 0x00000000e5d00000| Untracked 
|  94|0x00000000e5e00000, 0x00000000e5e00000, 0x00000000e5f00000|  0%| F|  |TAMS 0x00000000e5e00000, 0x00000000e5e00000| Untracked 
|  95|0x00000000e5f00000, 0x00000000e5f00000, 0x00000000e6000000|  0%| F|  |TAMS 0x00000000e5f00000, 0x00000000e5f00000| Untracked 
|  96|0x00000000e6000000, 0x00000000e6000000, 0x00000000e6100000|  0%| F|  |TAMS 0x00000000e6000000, 0x00000000e6000000| Untracked 
|  97|0x00000000e6100000, 0x00000000e6100000, 0x00000000e6200000|  0%| F|  |TAMS 0x00000000e6100000, 0x00000000e6100000| Untracked 
|  98|0x00000000e6200000, 0x00000000e6200000, 0x00000000e6300000|  0%| F|  |TAMS 0x00000000e6200000, 0x00000000e6200000| Untracked 
|  99|0x00000000e6300000, 0x00000000e6300000, 0x00000000e6400000|  0%| F|  |TAMS 0x00000000e6300000, 0x00000000e6300000| Untracked 
| 100|0x00000000e6400000, 0x00000000e6400000, 0x00000000e6500000|  0%| F|  |TAMS 0x00000000e6400000, 0x00000000e6400000| Untracked 
| 101|0x00000000e6500000, 0x00000000e6500000, 0x00000000e6600000|  0%| F|  |TAMS 0x00000000e6500000, 0x00000000e6500000| Untracked 
| 102|0x00000000e6600000, 0x00000000e6600000, 0x00000000e6700000|  0%| F|  |TAMS 0x00000000e6600000, 0x00000000e6600000| Untracked 
| 103|0x00000000e6700000, 0x00000000e6700000, 0x00000000e6800000|  0%| F|  |TAMS 0x00000000e6700000, 0x00000000e6700000| Untracked 
| 104|0x00000000e6800000, 0x00000000e6800000, 0x00000000e6900000|  0%| F|  |TAMS 0x00000000e6800000, 0x00000000e6800000| Untracked 
| 105|0x00000000e6900000, 0x00000000e6900000, 0x00000000e6a00000|  0%| F|  |TAMS 0x00000000e6900000, 0x00000000e6900000| Untracked 
| 106|0x00000000e6a00000, 0x00000000e6a00000, 0x00000000e6b00000|  0%| F|  |TAMS 0x00000000e6a00000, 0x00000000e6a00000| Untracked 
| 107|0x00000000e6b00000, 0x00000000e6b00000, 0x00000000e6c00000|  0%| F|  |TAMS 0x00000000e6b00000, 0x00000000e6b00000| Untracked 
| 108|0x00000000e6c00000, 0x00000000e6c00000, 0x00000000e6d00000|  0%| F|  |TAMS 0x00000000e6c00000, 0x00000000e6c00000| Untracked 
| 109|0x00000000e6d00000, 0x00000000e6d00000, 0x00000000e6e00000|  0%| F|  |TAMS 0x00000000e6d00000, 0x00000000e6d00000| Untracked 
| 110|0x00000000e6e00000, 0x00000000e6e00000, 0x00000000e6f00000|  0%| F|  |TAMS 0x00000000e6e00000, 0x00000000e6e00000| Untracked 
| 111|0x00000000e6f00000, 0x00000000e6f00000, 0x00000000e7000000|  0%| F|  |TAMS 0x00000000e6f00000, 0x00000000e6f00000| Untracked 
| 112|0x00000000e7000000, 0x00000000e7000000, 0x00000000e7100000|  0%| F|  |TAMS 0x00000000e7000000, 0x00000000e7000000| Untracked 
| 113|0x00000000e7100000, 0x00000000e7100000, 0x00000000e7200000|  0%| F|  |TAMS 0x00000000e7100000, 0x00000000e7100000| Untracked 
| 114|0x00000000e7200000, 0x00000000e7200000, 0x00000000e7300000|  0%| F|  |TAMS 0x00000000e7200000, 0x00000000e7200000| Untracked 
| 115|0x00000000e7300000, 0x00000000e7300000, 0x00000000e7400000|  0%| F|  |TAMS 0x00000000e7300000, 0x00000000e7300000| Untracked 
| 116|0x00000000e7400000, 0x00000000e7400000, 0x00000000e7500000|  0%| F|  |TAMS 0x00000000e7400000, 0x00000000e7400000| Untracked 
| 117|0x00000000e7500000, 0x00000000e7500000, 0x00000000e7600000|  0%| F|  |TAMS 0x00000000e7500000, 0x00000000e7500000| Untracked 
| 118|0x00000000e7600000, 0x00000000e7600000, 0x00000000e7700000|  0%| F|  |TAMS 0x00000000e7600000, 0x00000000e7600000| Untracked 
| 119|0x00000000e7700000, 0x00000000e7700000, 0x00000000e7800000|  0%| F|  |TAMS 0x00000000e7700000, 0x00000000e7700000| Untracked 
| 120|0x00000000e7800000, 0x00000000e7800000, 0x00000000e7900000|  0%| F|  |TAMS 0x00000000e7800000, 0x00000000e7800000| Untracked 
| 121|0x00000000e7900000, 0x00000000e7900000, 0x00000000e7a00000|  0%| F|  |TAMS 0x00000000e7900000, 0x00000000e7900000| Untracked 
| 122|0x00000000e7a00000, 0x00000000e7a00000, 0x00000000e7b00000|  0%| F|  |TAMS 0x00000000e7a00000, 0x00000000e7a00000| Untracked 
| 123|0x00000000e7b00000, 0x00000000e7b00000, 0x00000000e7c00000|  0%| F|  |TAMS 0x00000000e7b00000, 0x00000000e7b00000| Untracked 
| 124|0x00000000e7c00000, 0x00000000e7c00000, 0x00000000e7d00000|  0%| F|  |TAMS 0x00000000e7c00000, 0x00000000e7c00000| Untracked 
| 125|0x00000000e7d00000, 0x00000000e7d00000, 0x00000000e7e00000|  0%| F|  |TAMS 0x00000000e7d00000, 0x00000000e7d00000| Untracked 
| 126|0x00000000e7e00000, 0x00000000e7e00000, 0x00000000e7f00000|  0%| F|  |TAMS 0x00000000e7e00000, 0x00000000e7e00000| Untracked 
| 127|0x00000000e7f00000, 0x00000000e7f00000, 0x00000000e8000000|  0%| F|  |TAMS 0x00000000e7f00000, 0x00000000e7f00000| Untracked 
| 128|0x00000000e8000000, 0x00000000e8000000, 0x00000000e8100000|  0%| F|  |TAMS 0x00000000e8000000, 0x00000000e8000000| Untracked 
| 129|0x00000000e8100000, 0x00000000e8100000, 0x00000000e8200000|  0%| F|  |TAMS 0x00000000e8100000, 0x00000000e8100000| Untracked 
| 130|0x00000000e8200000, 0x00000000e8200000, 0x00000000e8300000|  0%| F|  |TAMS 0x00000000e8200000, 0x00000000e8200000| Untracked 
| 131|0x00000000e8300000, 0x00000000e8300000, 0x00000000e8400000|  0%| F|  |TAMS 0x00000000e8300000, 0x00000000e8300000| Untracked 
| 132|0x00000000e8400000, 0x00000000e8400000, 0x00000000e8500000|  0%| F|  |TAMS 0x00000000e8400000, 0x00000000e8400000| Untracked 
| 133|0x00000000e8500000, 0x00000000e8500000, 0x00000000e8600000|  0%| F|  |TAMS 0x00000000e8500000, 0x00000000e8500000| Untracked 
| 134|0x00000000e8600000, 0x00000000e8600000, 0x00000000e8700000|  0%| F|  |TAMS 0x00000000e8600000, 0x00000000e8600000| Untracked 
| 135|0x00000000e8700000, 0x00000000e8700000, 0x00000000e8800000|  0%| F|  |TAMS 0x00000000e8700000, 0x00000000e8700000| Untracked 
| 136|0x00000000e8800000, 0x00000000e8800000, 0x00000000e8900000|  0%| F|  |TAMS 0x00000000e8800000, 0x00000000e8800000| Untracked 
| 137|0x00000000e8900000, 0x00000000e8900000, 0x00000000e8a00000|  0%| F|  |TAMS 0x00000000e8900000, 0x00000000e8900000| Untracked 
| 138|0x00000000e8a00000, 0x00000000e8a00000, 0x00000000e8b00000|  0%| F|  |TAMS 0x00000000e8a00000, 0x00000000e8a00000| Untracked 
| 139|0x00000000e8b00000, 0x00000000e8b00000, 0x00000000e8c00000|  0%| F|  |TAMS 0x00000000e8b00000, 0x00000000e8b00000| Untracked 
| 140|0x00000000e8c00000, 0x00000000e8c00000, 0x00000000e8d00000|  0%| F|  |TAMS 0x00000000e8c00000, 0x00000000e8c00000| Untracked 
| 141|0x00000000e8d00000, 0x00000000e8d00000, 0x00000000e8e00000|  0%| F|  |TAMS 0x00000000e8d00000, 0x00000000e8d00000| Untracked 
| 142|0x00000000e8e00000, 0x00000000e8e00000, 0x00000000e8f00000|  0%| F|  |TAMS 0x00000000e8e00000, 0x00000000e8e00000| Untracked 
| 143|0x00000000e8f00000, 0x00000000e8f00000, 0x00000000e9000000|  0%| F|  |TAMS 0x00000000e8f00000, 0x00000000e8f00000| Untracked 
| 144|0x00000000e9000000, 0x00000000e9000000, 0x00000000e9100000|  0%| F|  |TAMS 0x00000000e9000000, 0x00000000e9000000| Untracked 
| 145|0x00000000e9100000, 0x00000000e9100000, 0x00000000e9200000|  0%| F|  |TAMS 0x00000000e9100000, 0x00000000e9100000| Untracked 
| 146|0x00000000e9200000, 0x00000000e9200000, 0x00000000e9300000|  0%| F|  |TAMS 0x00000000e9200000, 0x00000000e9200000| Untracked 
| 147|0x00000000e9300000, 0x00000000e9300000, 0x00000000e9400000|  0%| F|  |TAMS 0x00000000e9300000, 0x00000000e9300000| Untracked 
| 148|0x00000000e9400000, 0x00000000e9400000, 0x00000000e9500000|  0%| F|  |TAMS 0x00000000e9400000, 0x00000000e9400000| Untracked 
| 149|0x00000000e9500000, 0x00000000e9500000, 0x00000000e9600000|  0%| F|  |TAMS 0x00000000e9500000, 0x00000000e9500000| Untracked 
| 150|0x00000000e9600000, 0x00000000e9600000, 0x00000000e9700000|  0%| F|  |TAMS 0x00000000e9600000, 0x00000000e9600000| Untracked 
| 151|0x00000000e9700000, 0x00000000e9700000, 0x00000000e9800000|  0%| F|  |TAMS 0x00000000e9700000, 0x00000000e9700000| Untracked 
| 152|0x00000000e9800000, 0x00000000e9880800, 0x00000000e9900000| 50%| E|  |TAMS 0x00000000e9800000, 0x00000000e9800000| Complete 
| 153|0x00000000e9900000, 0x00000000e9a00000, 0x00000000e9a00000|100%| E|CS|TAMS 0x00000000e9900000, 0x00000000e9900000| Complete 
| 154|0x00000000e9a00000, 0x00000000e9b00000, 0x00000000e9b00000|100%| E|CS|TAMS 0x00000000e9a00000, 0x00000000e9a00000| Complete 
| 155|0x00000000e9b00000, 0x00000000e9c00000, 0x00000000e9c00000|100%| E|CS|TAMS 0x00000000e9b00000, 0x00000000e9b00000| Complete 
| 156|0x00000000e9c00000, 0x00000000e9d00000, 0x00000000e9d00000|100%| E|CS|TAMS 0x00000000e9c00000, 0x00000000e9c00000| Complete 
| 157|0x00000000e9d00000, 0x00000000e9e00000, 0x00000000e9e00000|100%| E|CS|TAMS 0x00000000e9d00000, 0x00000000e9d00000| Complete 
| 158|0x00000000e9e00000, 0x00000000e9f00000, 0x00000000e9f00000|100%| E|CS|TAMS 0x00000000e9e00000, 0x00000000e9e00000| Complete 
| 159|0x00000000e9f00000, 0x00000000ea000000, 0x00000000ea000000|100%| E|CS|TAMS 0x00000000e9f00000, 0x00000000e9f00000| Complete 
| 160|0x00000000ea000000, 0x00000000ea100000, 0x00000000ea100000|100%| E|CS|TAMS 0x00000000ea000000, 0x00000000ea000000| Complete 
| 161|0x00000000ea100000, 0x00000000ea200000, 0x00000000ea200000|100%| E|CS|TAMS 0x00000000ea100000, 0x00000000ea100000| Complete 
| 162|0x00000000ea200000, 0x00000000ea300000, 0x00000000ea300000|100%| E|CS|TAMS 0x00000000ea200000, 0x00000000ea200000| Complete 
| 163|0x00000000ea300000, 0x00000000ea400000, 0x00000000ea400000|100%| E|CS|TAMS 0x00000000ea300000, 0x00000000ea300000| Complete 
| 164|0x00000000ea400000, 0x00000000ea500000, 0x00000000ea500000|100%| E|CS|TAMS 0x00000000ea400000, 0x00000000ea400000| Complete 
| 165|0x00000000ea500000, 0x00000000ea600000, 0x00000000ea600000|100%| E|CS|TAMS 0x00000000ea500000, 0x00000000ea500000| Complete 
| 166|0x00000000ea600000, 0x00000000ea700000, 0x00000000ea700000|100%| E|CS|TAMS 0x00000000ea600000, 0x00000000ea600000| Complete 
| 167|0x00000000ea700000, 0x00000000ea800000, 0x00000000ea800000|100%| E|CS|TAMS 0x00000000ea700000, 0x00000000ea700000| Complete 
| 168|0x00000000ea800000, 0x00000000ea900000, 0x00000000ea900000|100%| E|CS|TAMS 0x00000000ea800000, 0x00000000ea800000| Complete 
| 169|0x00000000ea900000, 0x00000000eaa00000, 0x00000000eaa00000|100%| E|CS|TAMS 0x00000000ea900000, 0x00000000ea900000| Complete 
| 170|0x00000000eaa00000, 0x00000000eab00000, 0x00000000eab00000|100%| E|CS|TAMS 0x00000000eaa00000, 0x00000000eaa00000| Complete 
| 171|0x00000000eab00000, 0x00000000eac00000, 0x00000000eac00000|100%| E|CS|TAMS 0x00000000eab00000, 0x00000000eab00000| Complete 
| 172|0x00000000eac00000, 0x00000000ead00000, 0x00000000ead00000|100%| E|CS|TAMS 0x00000000eac00000, 0x00000000eac00000| Complete 
| 173|0x00000000ead00000, 0x00000000eae00000, 0x00000000eae00000|100%| E|CS|TAMS 0x00000000ead00000, 0x00000000ead00000| Complete 
| 174|0x00000000eae00000, 0x00000000eaf00000, 0x00000000eaf00000|100%| E|CS|TAMS 0x00000000eae00000, 0x00000000eae00000| Complete 
| 175|0x00000000eaf00000, 0x00000000eb000000, 0x00000000eb000000|100%| E|CS|TAMS 0x00000000eaf00000, 0x00000000eaf00000| Complete 
| 176|0x00000000eb000000, 0x00000000eb100000, 0x00000000eb100000|100%| E|CS|TAMS 0x00000000eb000000, 0x00000000eb000000| Complete 
| 177|0x00000000eb100000, 0x00000000eb200000, 0x00000000eb200000|100%| E|CS|TAMS 0x00000000eb100000, 0x00000000eb100000| Complete 
| 178|0x00000000eb200000, 0x00000000eb300000, 0x00000000eb300000|100%| E|CS|TAMS 0x00000000eb200000, 0x00000000eb200000| Complete 
| 179|0x00000000eb300000, 0x00000000eb400000, 0x00000000eb400000|100%| E|CS|TAMS 0x00000000eb300000, 0x00000000eb300000| Complete 
| 180|0x00000000eb400000, 0x00000000eb500000, 0x00000000eb500000|100%| E|CS|TAMS 0x00000000eb400000, 0x00000000eb400000| Complete 
| 181|0x00000000eb500000, 0x00000000eb600000, 0x00000000eb600000|100%| E|CS|TAMS 0x00000000eb500000, 0x00000000eb500000| Complete 
| 182|0x00000000eb600000, 0x00000000eb700000, 0x00000000eb700000|100%| E|CS|TAMS 0x00000000eb600000, 0x00000000eb600000| Complete 
| 183|0x00000000eb700000, 0x00000000eb800000, 0x00000000eb800000|100%| E|CS|TAMS 0x00000000eb700000, 0x00000000eb700000| Complete 
| 184|0x00000000eb800000, 0x00000000eb900000, 0x00000000eb900000|100%| E|CS|TAMS 0x00000000eb800000, 0x00000000eb800000| Complete 
| 185|0x00000000eb900000, 0x00000000eb9c6d38, 0x00000000eba00000| 77%| S|CS|TAMS 0x00000000eb900000, 0x00000000eb900000| Complete 
| 186|0x00000000eba00000, 0x00000000ebb00000, 0x00000000ebb00000|100%| S|CS|TAMS 0x00000000eba00000, 0x00000000eba00000| Complete 
| 187|0x00000000ebb00000, 0x00000000ebc00000, 0x00000000ebc00000|100%| S|CS|TAMS 0x00000000ebb00000, 0x00000000ebb00000| Complete 
| 188|0x00000000ebc00000, 0x00000000ebd00000, 0x00000000ebd00000|100%| E|CS|TAMS 0x00000000ebc00000, 0x00000000ebc00000| Complete 
| 189|0x00000000ebd00000, 0x00000000ebe00000, 0x00000000ebe00000|100%| E|CS|TAMS 0x00000000ebd00000, 0x00000000ebd00000| Complete 
| 190|0x00000000ebe00000, 0x00000000ebf00000, 0x00000000ebf00000|100%| E|CS|TAMS 0x00000000ebe00000, 0x00000000ebe00000| Complete 
| 191|0x00000000ebf00000, 0x00000000ec000000, 0x00000000ec000000|100%| E|CS|TAMS 0x00000000ebf00000, 0x00000000ebf00000| Complete 
| 192|0x00000000ec000000, 0x00000000ec100000, 0x00000000ec100000|100%| E|CS|TAMS 0x00000000ec000000, 0x00000000ec000000| Complete 
| 193|0x00000000ec100000, 0x00000000ec200000, 0x00000000ec200000|100%| E|CS|TAMS 0x00000000ec100000, 0x00000000ec100000| Complete 
| 194|0x00000000ec200000, 0x00000000ec300000, 0x00000000ec300000|100%| E|CS|TAMS 0x00000000ec200000, 0x00000000ec200000| Complete 
| 195|0x00000000ec300000, 0x00000000ec400000, 0x00000000ec400000|100%| E|CS|TAMS 0x00000000ec300000, 0x00000000ec300000| Complete 
| 196|0x00000000ec400000, 0x00000000ec500000, 0x00000000ec500000|100%| E|CS|TAMS 0x00000000ec400000, 0x00000000ec400000| Complete 
| 197|0x00000000ec500000, 0x00000000ec600000, 0x00000000ec600000|100%| E|CS|TAMS 0x00000000ec500000, 0x00000000ec500000| Complete 
| 198|0x00000000ec600000, 0x00000000ec700000, 0x00000000ec700000|100%| E|CS|TAMS 0x00000000ec600000, 0x00000000ec600000| Complete 
| 199|0x00000000ec700000, 0x00000000ec800000, 0x00000000ec800000|100%| E|CS|TAMS 0x00000000ec700000, 0x00000000ec700000| Complete 
| 200|0x00000000ec800000, 0x00000000ec900000, 0x00000000ec900000|100%| E|CS|TAMS 0x00000000ec800000, 0x00000000ec800000| Complete 
| 201|0x00000000ec900000, 0x00000000eca00000, 0x00000000eca00000|100%| E|CS|TAMS 0x00000000ec900000, 0x00000000ec900000| Complete 
| 202|0x00000000eca00000, 0x00000000ecb00000, 0x00000000ecb00000|100%| E|CS|TAMS 0x00000000eca00000, 0x00000000eca00000| Complete 
| 203|0x00000000ecb00000, 0x00000000ecc00000, 0x00000000ecc00000|100%| E|CS|TAMS 0x00000000ecb00000, 0x00000000ecb00000| Complete 
| 204|0x00000000ecc00000, 0x00000000ecd00000, 0x00000000ecd00000|100%| E|CS|TAMS 0x00000000ecc00000, 0x00000000ecc00000| Complete 
| 205|0x00000000ecd00000, 0x00000000ece00000, 0x00000000ece00000|100%| E|CS|TAMS 0x00000000ecd00000, 0x00000000ecd00000| Complete 
| 206|0x00000000ece00000, 0x00000000ecf00000, 0x00000000ecf00000|100%| E|CS|TAMS 0x00000000ece00000, 0x00000000ece00000| Complete 
| 207|0x00000000ecf00000, 0x00000000ed000000, 0x00000000ed000000|100%| E|CS|TAMS 0x00000000ecf00000, 0x00000000ecf00000| Complete 
| 208|0x00000000ed000000, 0x00000000ed100000, 0x00000000ed100000|100%| E|CS|TAMS 0x00000000ed000000, 0x00000000ed000000| Complete 
| 209|0x00000000ed100000, 0x00000000ed200000, 0x00000000ed200000|100%| E|CS|TAMS 0x00000000ed100000, 0x00000000ed100000| Complete 
| 210|0x00000000ed200000, 0x00000000ed300000, 0x00000000ed300000|100%| E|CS|TAMS 0x00000000ed200000, 0x00000000ed200000| Complete 
| 211|0x00000000ed300000, 0x00000000ed400000, 0x00000000ed400000|100%| E|CS|TAMS 0x00000000ed300000, 0x00000000ed300000| Complete 
| 212|0x00000000ed400000, 0x00000000ed500000, 0x00000000ed500000|100%| E|CS|TAMS 0x00000000ed400000, 0x00000000ed400000| Complete 
| 213|0x00000000ed500000, 0x00000000ed600000, 0x00000000ed600000|100%| E|CS|TAMS 0x00000000ed500000, 0x00000000ed500000| Complete 
| 214|0x00000000ed600000, 0x00000000ed700000, 0x00000000ed700000|100%| E|CS|TAMS 0x00000000ed600000, 0x00000000ed600000| Complete 
| 215|0x00000000ed700000, 0x00000000ed800000, 0x00000000ed800000|100%| E|CS|TAMS 0x00000000ed700000, 0x00000000ed700000| Complete 
| 216|0x00000000ed800000, 0x00000000ed900000, 0x00000000ed900000|100%| E|CS|TAMS 0x00000000ed800000, 0x00000000ed800000| Complete 
| 217|0x00000000ed900000, 0x00000000eda00000, 0x00000000eda00000|100%| E|CS|TAMS 0x00000000ed900000, 0x00000000ed900000| Complete 
| 218|0x00000000eda00000, 0x00000000edb00000, 0x00000000edb00000|100%| E|CS|TAMS 0x00000000eda00000, 0x00000000eda00000| Complete 
| 219|0x00000000edb00000, 0x00000000edc00000, 0x00000000edc00000|100%| E|CS|TAMS 0x00000000edb00000, 0x00000000edb00000| Complete 
| 220|0x00000000edc00000, 0x00000000edd00000, 0x00000000edd00000|100%| E|CS|TAMS 0x00000000edc00000, 0x00000000edc00000| Complete 
| 221|0x00000000edd00000, 0x00000000ede00000, 0x00000000ede00000|100%| E|CS|TAMS 0x00000000edd00000, 0x00000000edd00000| Complete 
| 222|0x00000000ede00000, 0x00000000edf00000, 0x00000000edf00000|100%| E|CS|TAMS 0x00000000ede00000, 0x00000000ede00000| Complete 
| 223|0x00000000edf00000, 0x00000000ee000000, 0x00000000ee000000|100%| E|CS|TAMS 0x00000000edf00000, 0x00000000edf00000| Complete 
| 224|0x00000000ee000000, 0x00000000ee100000, 0x00000000ee100000|100%| E|CS|TAMS 0x00000000ee000000, 0x00000000ee000000| Complete 
| 225|0x00000000ee100000, 0x00000000ee200000, 0x00000000ee200000|100%| E|CS|TAMS 0x00000000ee100000, 0x00000000ee100000| Complete 
| 226|0x00000000ee200000, 0x00000000ee300000, 0x00000000ee300000|100%| E|CS|TAMS 0x00000000ee200000, 0x00000000ee200000| Complete 
| 227|0x00000000ee300000, 0x00000000ee400000, 0x00000000ee400000|100%| E|CS|TAMS 0x00000000ee300000, 0x00000000ee300000| Complete 
| 228|0x00000000ee400000, 0x00000000ee500000, 0x00000000ee500000|100%| E|CS|TAMS 0x00000000ee400000, 0x00000000ee400000| Complete 
| 229|0x00000000ee500000, 0x00000000ee600000, 0x00000000ee600000|100%| E|CS|TAMS 0x00000000ee500000, 0x00000000ee500000| Complete 
| 230|0x00000000ee600000, 0x00000000ee700000, 0x00000000ee700000|100%| E|CS|TAMS 0x00000000ee600000, 0x00000000ee600000| Complete 
| 231|0x00000000ee700000, 0x00000000ee800000, 0x00000000ee800000|100%| E|CS|TAMS 0x00000000ee700000, 0x00000000ee700000| Complete 
| 232|0x00000000ee800000, 0x00000000ee900000, 0x00000000ee900000|100%| E|CS|TAMS 0x00000000ee800000, 0x00000000ee800000| Complete 
| 233|0x00000000ee900000, 0x00000000eea00000, 0x00000000eea00000|100%| E|CS|TAMS 0x00000000ee900000, 0x00000000ee900000| Complete 
| 234|0x00000000eea00000, 0x00000000eeb00000, 0x00000000eeb00000|100%| E|CS|TAMS 0x00000000eea00000, 0x00000000eea00000| Complete 
| 235|0x00000000eeb00000, 0x00000000eec00000, 0x00000000eec00000|100%| E|CS|TAMS 0x00000000eeb00000, 0x00000000eeb00000| Complete 
| 236|0x00000000eec00000, 0x00000000eed00000, 0x00000000eed00000|100%| E|CS|TAMS 0x00000000eec00000, 0x00000000eec00000| Complete 
| 237|0x00000000eed00000, 0x00000000eee00000, 0x00000000eee00000|100%| E|CS|TAMS 0x00000000eed00000, 0x00000000eed00000| Complete 
| 238|0x00000000eee00000, 0x00000000eef00000, 0x00000000eef00000|100%| E|CS|TAMS 0x00000000eee00000, 0x00000000eee00000| Complete 
| 239|0x00000000eef00000, 0x00000000ef000000, 0x00000000ef000000|100%| E|CS|TAMS 0x00000000eef00000, 0x00000000eef00000| Complete 
| 240|0x00000000ef000000, 0x00000000ef100000, 0x00000000ef100000|100%| E|CS|TAMS 0x00000000ef000000, 0x00000000ef000000| Complete 
| 241|0x00000000ef100000, 0x00000000ef200000, 0x00000000ef200000|100%| E|CS|TAMS 0x00000000ef100000, 0x00000000ef100000| Complete 
| 242|0x00000000ef200000, 0x00000000ef300000, 0x00000000ef300000|100%| E|CS|TAMS 0x00000000ef200000, 0x00000000ef200000| Complete 
| 243|0x00000000ef300000, 0x00000000ef400000, 0x00000000ef400000|100%| E|CS|TAMS 0x00000000ef300000, 0x00000000ef300000| Complete 
| 244|0x00000000ef400000, 0x00000000ef500000, 0x00000000ef500000|100%| E|CS|TAMS 0x00000000ef400000, 0x00000000ef400000| Complete 
| 245|0x00000000ef500000, 0x00000000ef600000, 0x00000000ef600000|100%| E|CS|TAMS 0x00000000ef500000, 0x00000000ef500000| Complete 
| 246|0x00000000ef600000, 0x00000000ef700000, 0x00000000ef700000|100%| E|CS|TAMS 0x00000000ef600000, 0x00000000ef600000| Complete 
| 247|0x00000000ef700000, 0x00000000ef800000, 0x00000000ef800000|100%| E|CS|TAMS 0x00000000ef700000, 0x00000000ef700000| Complete 
| 248|0x00000000ef800000, 0x00000000ef900000, 0x00000000ef900000|100%| E|CS|TAMS 0x00000000ef800000, 0x00000000ef800000| Complete 
| 249|0x00000000ef900000, 0x00000000efa00000, 0x00000000efa00000|100%| E|CS|TAMS 0x00000000ef900000, 0x00000000ef900000| Complete 
| 250|0x00000000efa00000, 0x00000000efb00000, 0x00000000efb00000|100%| E|CS|TAMS 0x00000000efa00000, 0x00000000efa00000| Complete 
| 251|0x00000000efb00000, 0x00000000efc00000, 0x00000000efc00000|100%| E|CS|TAMS 0x00000000efb00000, 0x00000000efb00000| Complete 
| 252|0x00000000efc00000, 0x00000000efd00000, 0x00000000efd00000|100%| E|CS|TAMS 0x00000000efc00000, 0x00000000efc00000| Complete 
| 253|0x00000000efd00000, 0x00000000efe00000, 0x00000000efe00000|100%| E|CS|TAMS 0x00000000efd00000, 0x00000000efd00000| Complete 
| 254|0x00000000efe00000, 0x00000000eff00000, 0x00000000eff00000|100%| E|CS|TAMS 0x00000000efe00000, 0x00000000efe00000| Complete 
| 255|0x00000000eff00000, 0x00000000f0000000, 0x00000000f0000000|100%| E|CS|TAMS 0x00000000eff00000, 0x00000000eff00000| Complete 

Card table byte_map: [0x00000217aacd0000,0x00000217aadd0000] _byte_map_base: 0x00000217aa5d0000

Marking Bits (Prev, Next): (CMBitMap*) 0x000002179423dce8, (CMBitMap*) 0x000002179423dd20
 Prev Bits: [0x00000217aaed0000, 0x00000217ab6d0000)
 Next Bits: [0x00000217ab6d0000, 0x00000217abed0000)

Polling page: 0x0000021792180000

Metaspace:

Usage:
  Non-class:     34.54 MB capacity,    33.97 MB ( 98%) used,   482.38 KB (  1%) free+waste,    92.31 KB ( <1%) overhead. 
      Class:      5.26 MB capacity,     4.93 MB ( 94%) used,   290.31 KB (  5%) free+waste,    45.44 KB ( <1%) overhead. 
       Both:     39.80 MB capacity,    38.91 MB ( 98%) used,   772.70 KB (  2%) free+waste,   137.75 KB ( <1%) overhead. 

Virtual space:
  Non-class space:       36.00 MB reserved,      34.75 MB ( 97%) committed 
      Class space:      248.00 MB reserved,       5.38 MB (  2%) committed 
             Both:      284.00 MB reserved,      40.13 MB ( 14%) committed 

Chunk freelists:
   Non-Class:  3.38 KB
       Class:  2.50 KB
        Both:  5.88 KB

CodeHeap 'non-profiled nmethods': size=120000Kb used=2102Kb max_used=2102Kb free=117898Kb
 bounds [0x00000217a3370000, 0x00000217a35e0000, 0x00000217aa8a0000]
CodeHeap 'profiled nmethods': size=120000Kb used=8104Kb max_used=8104Kb free=111895Kb
 bounds [0x000002179be40000, 0x000002179c630000, 0x00000217a3370000]
CodeHeap 'non-nmethods': size=5760Kb used=2203Kb max_used=2238Kb free=3556Kb
 bounds [0x000002179b8a0000, 0x000002179bb10000, 0x000002179be40000]
 total_blobs=4592 nmethods=3824 adapters=679
 compilation: enabled
              stopped_count=0, restarted_count=0
 full_count=0

Compilation events (10 events):
Event: 49.858 Thread 0x00000217ae96c800 3827       1       org.gradle.internal.operations.BuildOperationDescriptor::getDetails (5 bytes)
Event: 49.858 Thread 0x00000217ae96c800 nmethod 3827 0x00000217a357bc10 code [0x00000217a357bda0, 0x00000217a357be58]
Event: 49.871 Thread 0x00000217ae964000 nmethod 3777 0x00000217a357bf10 code [0x00000217a357c0c0, 0x00000217a357cd18]
Event: 49.871 Thread 0x00000217ae964000 3779       4       groovy.lang.MetaClassImpl$1MOPIter::methodNameAction (325 bytes)
Event: 49.872 Thread 0x00000217ae96c800 3828       3       java.util.concurrent.locks.ReentrantLock::tryLock (9 bytes)
Event: 49.873 Thread 0x00000217ae96c800 nmethod 3828 0x000002179c626890 code [0x000002179c626a40, 0x000002179c626b88]
Event: 49.873 Thread 0x00000217ae96c800 3829       1       com.google.common.cache.LocalCache$StrongEntry::setValueReference (6 bytes)
Event: 49.873 Thread 0x00000217ae96c800 nmethod 3829 0x00000217a357d210 code [0x00000217a357d3a0, 0x00000217a357d4b8]
Event: 49.881 Thread 0x00000217ae96c800 3830       1       org.gradle.cache.internal.filelock.LockOptionsBuilder::getMode (5 bytes)
Event: 49.881 Thread 0x00000217ae96c800 nmethod 3830 0x00000217a357d510 code [0x00000217a357d6a0, 0x00000217a357d758]

GC Heap History (6 events):
Event: 4.837 GC heap before
{Heap before GC invocations=0 (full 0):
 garbage-first heap   total 262144K, used 29696K [0x00000000e0000000, 0x0000000100000000)
  region size 1024K, 24 young (24576K), 0 survivors (0K)
 Metaspace       used 9944K, capacity 10207K, committed 10368K, reserved 264192K
  class space    used 1035K, capacity 1105K, committed 1152K, reserved 253952K
}
Event: 5.013 GC heap after
{Heap after GC invocations=1 (full 0):
 garbage-first heap   total 262144K, used 9542K [0x00000000e0000000, 0x0000000100000000)
  region size 1024K, 3 young (3072K), 3 survivors (3072K)
 Metaspace       used 9944K, capacity 10207K, committed 10368K, reserved 264192K
  class space    used 1035K, capacity 1105K, committed 1152K, reserved 253952K
}
Event: 26.014 GC heap before
{Heap before GC invocations=1 (full 0):
 garbage-first heap   total 262144K, used 109894K [0x00000000e0000000, 0x0000000100000000)
  region size 1024K, 101 young (103424K), 3 survivors (3072K)
 Metaspace       used 20620K, capacity 21097K, committed 21248K, reserved 272384K
  class space    used 2539K, capacity 2723K, committed 2816K, reserved 253952K
}
Event: 26.448 GC heap after
{Heap after GC invocations=2 (full 0):
 garbage-first heap   total 262144K, used 17103K [0x00000000e0000000, 0x0000000100000000)
  region size 1024K, 11 young (11264K), 11 survivors (11264K)
 Metaspace       used 20620K, capacity 21097K, committed 21248K, reserved 272384K
  class space    used 2539K, capacity 2723K, committed 2816K, reserved 253952K
}
Event: 28.881 GC heap before
{Heap before GC invocations=3 (full 0):
 garbage-first heap   total 262144K, used 86735K [0x00000000e0000000, 0x0000000100000000)
  region size 1024K, 79 young (80896K), 11 survivors (11264K)
 Metaspace       used 27160K, capacity 27838K, committed 27904K, reserved 278528K
  class space    used 3585K, capacity 3811K, committed 3840K, reserved 253952K
}
Event: 28.892 GC heap after
{Heap after GC invocations=4 (full 0):
 garbage-first heap   total 262144K, used 19826K [0x00000000e0000000, 0x0000000100000000)
  region size 1024K, 3 young (3072K), 3 survivors (3072K)
 Metaspace       used 27160K, capacity 27838K, committed 27904K, reserved 278528K
  class space    used 3585K, capacity 3811K, committed 3840K, reserved 253952K
}

Deoptimization events (10 events):
Event: 38.356 Thread 0x00000217b023b800 Uncommon trap: reason=profile_predicate action=maybe_recompile pc=0x00000217a353c6d0 method=java.lang.PublicMethods$MethodList.filter([Ljava/lang/reflect/Method;Ljava/lang/String;[Ljava/lang/Class;Z)Ljava/lang/PublicMethods$MethodList; @ 21 c2
Event: 38.356 Thread 0x00000217b023b800 Uncommon trap: reason=profile_predicate action=maybe_recompile pc=0x00000217a353c6d0 method=java.lang.PublicMethods$MethodList.filter([Ljava/lang/reflect/Method;Ljava/lang/String;[Ljava/lang/Class;Z)Ljava/lang/PublicMethods$MethodList; @ 21 c2
Event: 38.603 Thread 0x00000217b023b800 Uncommon trap: reason=class_check action=maybe_recompile pc=0x00000217a35270f0 method=java.util.regex.Pattern$Start.match(Ljava/util/regex/Matcher;ILjava/lang/CharSequence;)Z @ 44 c2
Event: 38.603 Thread 0x00000217b023b800 Uncommon trap: reason=class_check action=maybe_recompile pc=0x00000217a35270f0 method=java.util.regex.Pattern$Start.match(Ljava/util/regex/Matcher;ILjava/lang/CharSequence;)Z @ 44 c2
Event: 38.604 Thread 0x00000217b023b800 Uncommon trap: reason=class_check action=maybe_recompile pc=0x00000217a3511bcc method=java.util.regex.Pattern$Start.match(Ljava/util/regex/Matcher;ILjava/lang/CharSequence;)Z @ 44 c2
Event: 39.036 Thread 0x00000217b014d000 Uncommon trap: reason=profile_predicate action=maybe_recompile pc=0x00000217a351d9b4 method=java.util.stream.ReferencePipeline.forEachWithCancel(Ljava/util/Spliterator;Ljava/util/stream/Sink;)Z @ 8 c2
Event: 40.041 Thread 0x00000217b014d000 Uncommon trap: reason=profile_predicate action=maybe_recompile pc=0x00000217a351d9b4 method=java.util.stream.ReferencePipeline.forEachWithCancel(Ljava/util/Spliterator;Ljava/util/stream/Sink;)Z @ 8 c2
Event: 41.037 Thread 0x00000217b014d000 Uncommon trap: reason=profile_predicate action=maybe_recompile pc=0x00000217a351d9b4 method=java.util.stream.ReferencePipeline.forEachWithCancel(Ljava/util/Spliterator;Ljava/util/stream/Sink;)Z @ 8 c2
Event: 43.454 Thread 0x00000217b023b800 Uncommon trap: reason=unstable_if action=reinterpret pc=0x00000217a344f4d0 method=java.util.HashMap.putVal(ILjava/lang/Object;Ljava/lang/Object;ZZ)Ljava/lang/Object; @ 162 c2
Event: 49.862 Thread 0x00000217b023b800 Uncommon trap: reason=unstable_if action=reinterpret pc=0x00000217a34d9f34 method=java.util.Arrays.hashCode([Ljava/lang/Object;)I @ 34 c2

Classes redefined (0 events):
No events

Internal exceptions (10 events):
Event: 49.780 Thread 0x00000217b023b800 Exception <a 'java/lang/ClassNotFoundException'{0x00000000e9c031f8}: org/gradle/plugin/use/internal/PluginsAwareScriptCustomizer> (0x00000000e9c031f8) thrown at [./open/src/hotspot/share/classfile/systemDictionary.cpp, line 226]
Event: 49.781 Thread 0x00000217b023b800 Exception <a 'java/lang/ClassNotFoundException'{0x00000000e9c21d18}: org/gradle/initialization/SettingsScriptCustomizer> (0x00000000e9c21d18) thrown at [./open/src/hotspot/share/classfile/systemDictionary.cpp, line 226]
Event: 49.782 Thread 0x00000217b023b800 Exception <a 'java/lang/ClassNotFoundException'{0x00000000e9c34c68}: settings_dg2iuepfagg05eh2v37bwihbgCustomizer> (0x00000000e9c34c68) thrown at [./open/src/hotspot/share/classfile/systemDictionary.cpp, line 226]
Event: 49.789 Thread 0x00000217b023b800 Exception <a 'java/lang/ClassNotFoundException'{0x00000000e9cbd368}: org/gradle/initialization/DefaultSettings_DecoratedBeanInfo> (0x00000000e9cbd368) thrown at [./open/src/hotspot/share/classfile/systemDictionary.cpp, line 226]
Event: 49.789 Thread 0x00000217b023b800 Exception <a 'java/lang/ClassNotFoundException'{0x00000000e9ce0280}: org/gradle/initialization/DefaultSettingsBeanInfo> (0x00000000e9ce0280) thrown at [./open/src/hotspot/share/classfile/systemDictionary.cpp, line 226]
Event: 49.790 Thread 0x00000217b023b800 Exception <a 'java/lang/ClassNotFoundException'{0x00000000e9b04c30}: org/gradle/initialization/DefaultSettingsCustomizer> (0x00000000e9b04c30) thrown at [./open/src/hotspot/share/classfile/systemDictionary.cpp, line 226]
Event: 49.794 Thread 0x00000217b023b800 Exception <a 'java/lang/ClassNotFoundException'{0x00000000e9b59390}: org/gradle/initialization/DefaultSettings_DecoratedCustomizer> (0x00000000e9b59390) thrown at [./open/src/hotspot/share/classfile/systemDictionary.cpp, line 226]
Event: 49.806 Thread 0x00000217b023b800 Exception <a 'java/lang/ClassNotFoundException'{0x00000000e9be19a0}: org/gradle/initialization/DefaultProjectDescriptorBeanInfo> (0x00000000e9be19a0) thrown at [./open/src/hotspot/share/classfile/systemDictionary.cpp, line 226]
Event: 49.807 Thread 0x00000217b023b800 Exception <a 'java/lang/ClassNotFoundException'{0x00000000e9a08230}: org/gradle/initialization/DefaultProjectDescriptorCustomizer> (0x00000000e9a08230) thrown at [./open/src/hotspot/share/classfile/systemDictionary.cpp, line 226]
Event: 49.862 Thread 0x00000217b023b800 Implicit null exception at 0x00000217a34d9e6f to 0x00000217a34d9f18

Events (10 events):
Event: 49.879 loading class org/gradle/cache/internal/InMemoryCacheDecoratorFactory done
Event: 49.879 loading class org/gradle/cache/internal/InMemoryCacheDecoratorFactory
Event: 49.879 loading class org/gradle/cache/internal/InMemoryCacheDecoratorFactory done
Event: 49.881 loading class org/gradle/cache/PersistentCache
Event: 49.881 loading class org/gradle/cache/PersistentCache done
Event: 49.881 loading class org/gradle/cache/PersistentCache
Event: 49.881 loading class org/gradle/cache/PersistentCache done
Event: 49.881 loading class org/gradle/cache/PersistentCache
Event: 49.881 loading class org/gradle/cache/PersistentCache done
Event: 49.882 Thread 0x00000217b4992800 Thread added: 0x00000217b4992800


Dynamic libraries:
0x00007ff69e780000 - 0x00007ff69e78f000 	C:\JAVA 11\bin\java.exe
0x00007ffcc1ce0000 - 0x00007ffcc1ee9000 	C:\WINDOWS\SYSTEM32\ntdll.dll
0x00007ffcc0340000 - 0x00007ffcc03fd000 	C:\WINDOWS\System32\KERNEL32.DLL
0x00007ffcbf190000 - 0x00007ffcbf509000 	C:\WINDOWS\System32\KERNELBASE.dll
0x00007ffcbf660000 - 0x00007ffcbf771000 	C:\WINDOWS\System32\ucrtbase.dll
0x00007ffc8e000000 - 0x00007ffc8e015000 	C:\JAVA 11\bin\VCRUNTIME140.dll
0x00007ffc90300000 - 0x00007ffc90318000 	C:\JAVA 11\bin\jli.dll
0x00007ffcc1310000 - 0x00007ffcc13be000 	C:\WINDOWS\System32\ADVAPI32.dll
0x00007ffcc0e90000 - 0x00007ffcc0f33000 	C:\WINDOWS\System32\msvcrt.dll
0x00007ffcc0430000 - 0x00007ffcc04ce000 	C:\WINDOWS\System32\sechost.dll
0x00007ffcbfea0000 - 0x00007ffcbffc0000 	C:\WINDOWS\System32\RPCRT4.dll
0x00007ffcc1ac0000 - 0x00007ffcc1c6c000 	C:\WINDOWS\System32\USER32.dll
0x00007ffcbf510000 - 0x00007ffcbf536000 	C:\WINDOWS\System32\win32u.dll
0x00007ffcc0f40000 - 0x00007ffcc0f69000 	C:\WINDOWS\System32\GDI32.dll
0x00007ffcbf540000 - 0x00007ffcbf652000 	C:\WINDOWS\System32\gdi32full.dll
0x00007ffca3700000 - 0x00007ffca39a5000 	C:\WINDOWS\WinSxS\amd64_microsoft.windows.common-controls_6595b64144ccf1df_6.0.22000.120_none_9d947278b86cc467\COMCTL32.dll
0x00007ffcbfa20000 - 0x00007ffcbfabd000 	C:\WINDOWS\System32\msvcp_win.dll
0x00007ffcb6320000 - 0x00007ffcb632a000 	C:\WINDOWS\SYSTEM32\VERSION.dll
0x00007ffcbfd70000 - 0x00007ffcbfda1000 	C:\WINDOWS\System32\IMM32.DLL
0x00007ffc80680000 - 0x00007ffc8071b000 	C:\JAVA 11\bin\msvcp140.dll
0x00007ffc48130000 - 0x00007ffc48c46000 	C:\JAVA 11\bin\server\jvm.dll
0x00007ffcc0420000 - 0x00007ffcc0428000 	C:\WINDOWS\System32\PSAPI.DLL
0x00007ffcb5760000 - 0x00007ffcb5769000 	C:\WINDOWS\SYSTEM32\WSOCK32.dll
0x00007ffcc10b0000 - 0x00007ffcc111f000 	C:\WINDOWS\System32\WS2_32.dll
0x00007ffcb67a0000 - 0x00007ffcb67d3000 	C:\WINDOWS\SYSTEM32\WINMM.dll
0x00007ffcbe290000 - 0x00007ffcbe2a8000 	C:\WINDOWS\SYSTEM32\kernel.appcore.dll
0x00007ffca1230000 - 0x00007ffca1240000 	C:\JAVA 11\bin\verify.dll
0x00007ffcbcf40000 - 0x00007ffcbd161000 	C:\WINDOWS\SYSTEM32\DBGHELP.DLL
0x00007ffcb5530000 - 0x00007ffcb5561000 	C:\WINDOWS\SYSTEM32\dbgcore.DLL
0x00007ffcbfac0000 - 0x00007ffcbfb3f000 	C:\WINDOWS\System32\bcryptPrimitives.dll
0x00007ffc8d0f0000 - 0x00007ffc8d118000 	C:\JAVA 11\bin\java.dll
0x00007ffca1090000 - 0x00007ffca109a000 	C:\JAVA 11\bin\jimage.dll
0x00007ffc8dcc0000 - 0x00007ffc8dcd6000 	C:\JAVA 11\bin\zip.dll
0x00007ffcc0560000 - 0x00007ffcc0d18000 	C:\WINDOWS\System32\SHELL32.dll
0x00007ffcbd300000 - 0x00007ffcbdb68000 	C:\WINDOWS\SYSTEM32\windows.storage.dll
0x00007ffcbffc0000 - 0x00007ffcc0339000 	C:\WINDOWS\System32\combase.dll
0x00007ffcbd190000 - 0x00007ffcbd2f6000 	C:\WINDOWS\SYSTEM32\wintypes.dll
0x00007ffcc0da0000 - 0x00007ffcc0e8a000 	C:\WINDOWS\System32\SHCORE.dll
0x00007ffcc0ff0000 - 0x00007ffcc104d000 	C:\WINDOWS\System32\shlwapi.dll
0x00007ffcbf0c0000 - 0x00007ffcbf0e1000 	C:\WINDOWS\SYSTEM32\profapi.dll
0x00007ffc8d7f0000 - 0x00007ffc8d809000 	C:\JAVA 11\bin\net.dll
0x00007ffcba8e0000 - 0x00007ffcba9ec000 	C:\WINDOWS\SYSTEM32\WINHTTP.dll
0x00007ffcbe730000 - 0x00007ffcbe797000 	C:\WINDOWS\system32\mswsock.dll
0x00007ffc8d4c0000 - 0x00007ffc8d4d2000 	C:\JAVA 11\bin\nio.dll
0x00007ffc8d810000 - 0x00007ffc8d837000 	C:\Users\karol\.gradle\native\e1d6ef7f7dcc3fd88c89a11ec53ec762bb8ba0a96d01ffa2cd45eb1d1d8dd5c5\windows-amd64\native-platform.dll
0x00007ffc78a80000 - 0x00007ffc78bc4000 	C:\Users\karol\.gradle\native\0d407fdbe67a94daf76414ababcb853783967236a71b16ec16e742cd7a986fd3\windows-amd64\native-platform-file-events.dll
0x00007ffca0ee0000 - 0x00007ffca0ee9000 	C:\JAVA 11\bin\management.dll
0x00007ffca0970000 - 0x00007ffca097b000 	C:\JAVA 11\bin\management_ext.dll
0x00007ffcbe970000 - 0x00007ffcbe988000 	C:\WINDOWS\SYSTEM32\CRYPTSP.dll
0x00007ffcbe1f0000 - 0x00007ffcbe225000 	C:\WINDOWS\system32\rsaenh.dll
0x00007ffcbe820000 - 0x00007ffcbe849000 	C:\WINDOWS\SYSTEM32\USERENV.dll
0x00007ffcbeaf0000 - 0x00007ffcbeb17000 	C:\WINDOWS\SYSTEM32\bcrypt.dll
0x00007ffcbe990000 - 0x00007ffcbe99c000 	C:\WINDOWS\SYSTEM32\CRYPTBASE.dll
0x00007ffcbddb0000 - 0x00007ffcbdddd000 	C:\WINDOWS\SYSTEM32\IPHLPAPI.DLL
0x00007ffcc0f70000 - 0x00007ffcc0f79000 	C:\WINDOWS\System32\NSI.dll
0x00007ffcb6550000 - 0x00007ffcb6569000 	C:\WINDOWS\SYSTEM32\dhcpcsvc6.DLL
0x00007ffcb6b20000 - 0x00007ffcb6b3e000 	C:\WINDOWS\SYSTEM32\dhcpcsvc.DLL
0x00007ffcbdde0000 - 0x00007ffcbdec8000 	C:\WINDOWS\SYSTEM32\DNSAPI.dll

dbghelp: loaded successfully - version: 4.0.5 - missing functions: none
symbol engine: initialized successfully - sym options: 0x614 - pdb path: .;C:\JAVA 11\bin;C:\WINDOWS\SYSTEM32;C:\WINDOWS\WinSxS\amd64_microsoft.windows.common-controls_6595b64144ccf1df_6.0.22000.120_none_9d947278b86cc467;C:\JAVA 11\bin\server;C:\Users\karol\.gradle\native\e1d6ef7f7dcc3fd88c89a11ec53ec762bb8ba0a96d01ffa2cd45eb1d1d8dd5c5\windows-amd64;C:\Users\karol\.gradle\native\0d407fdbe67a94daf76414ababcb853783967236a71b16ec16e742cd7a986fd3\windows-amd64

VM Arguments:
jvm_args: --add-opens=java.base/java.util=ALL-UNNAMED --add-opens=java.base/java.lang=ALL-UNNAMED --add-opens=java.base/java.lang.invoke=ALL-UNNAMED --add-opens=java.base/java.util=ALL-UNNAMED --add-opens=java.prefs/java.util.prefs=ALL-UNNAMED --add-opens=java.prefs/java.util.prefs=ALL-UNNAMED --add-opens=java.base/java.nio.charset=ALL-UNNAMED --add-opens=java.base/java.net=ALL-UNNAMED --add-opens=java.base/java.util.concurrent.atomic=ALL-UNNAMED -XX:MaxMetaspaceSize=256m -XX:+HeapDumpOnOutOfMemoryError -Xms256m -Xmx512m -Dfile.encoding=windows-1250 -Duser.country=PL -Duser.language=pl -Duser.variant 
java_command: org.gradle.launcher.daemon.bootstrap.GradleDaemon 7.4.1
java_class_path (initial): C:\Users\karol\.gradle\wrapper\dists\gradle-7.4.1-bin\58kw26xllvsiedyf3nujyarhn\gradle-7.4.1\lib\gradle-launcher-7.4.1.jar
Launcher Type: SUN_STANDARD

[Global flags]
     intx CICompilerCount                          = 4                                         {product} {ergonomic}
   size_t CompressedClassSpaceSize                 = 260046848                                 {product} {ergonomic}
     uint ConcGCThreads                            = 2                                         {product} {ergonomic}
     uint G1ConcRefinementThreads                  = 8                                         {product} {ergonomic}
   size_t G1HeapRegionSize                         = 1048576                                   {product} {ergonomic}
    uintx GCDrainStackTargetSize                   = 64                                        {product} {ergonomic}
     bool HeapDumpOnOutOfMemoryError               = true                                   {manageable} {command line}
   size_t InitialHeapSize                          = 268435456                                 {product} {command line}
   size_t MarkStackSize                            = 4194304                                   {product} {ergonomic}
   size_t MaxHeapSize                              = 536870912                                 {product} {command line}
   size_t MaxMetaspaceSize                         = 268435456                                 {product} {command line}
   size_t MaxNewSize                               = 321912832                                 {product} {ergonomic}
   size_t MinHeapDeltaBytes                        = 1048576                                   {product} {ergonomic}
    uintx NonNMethodCodeHeapSize                   = 5836300                                {pd product} {ergonomic}
    uintx NonProfiledCodeHeapSize                  = 122910970                              {pd product} {ergonomic}
    uintx ProfiledCodeHeapSize                     = 122910970                              {pd product} {ergonomic}
    uintx ReservedCodeCacheSize                    = 251658240                              {pd product} {ergonomic}
     bool SegmentedCodeCache                       = true                                      {product} {ergonomic}
     bool UseCompressedClassPointers               = true                                 {lp64_product} {ergonomic}
     bool UseCompressedOops                        = true                                 {lp64_product} {ergonomic}
     bool UseG1GC                                  = true                                      {product} {ergonomic}
     bool UseLargePagesIndividualAllocation        = false                                  {pd product} {ergonomic}

Logging:
Log output configuration:
 #0: stdout all=warning uptime,level,tags
 #1: stderr all=off uptime,level,tags

Environment Variables:
JAVA_HOME=C:\JAVA 11
PATH=C:\Program Files\Common Files\Oracle\Java\javapath;C:\Program Files (x86)\Common Files\Oracle\Java\javapath;C:\WINDOWS\system32;C:\WINDOWS;C:\WINDOWS\System32\Wbem;C:\WINDOWS\System32\WindowsPowerShell\v1.0\;C:\WINDOWS\System32\OpenSSH\;C:\Program Files\dotnet\;C:\Program Files\Git\cmd;C:\gradle-7.4.2\bin;C:\Program Files\MySQL\MySQL Shell 8.0\bin\;C:\Users\karol\AppData\Local\Microsoft\WindowsApps;C:\JAVA 11\bin;;C:\Users\karol\AppData\Local\Programs\Microsoft VS Code\bin
USERNAME=karol
OS=Windows_NT
PROCESSOR_IDENTIFIER=Intel64 Family 6 Model 142 Stepping 12, GenuineIntel



---------------  S Y S T E M  ---------------

OS: Windows 11 , 64 bit Build 22000 (10.0.22000.708)

CPU:total 8 (initial active 8) (4 cores per cpu, 2 threads per core) family 6 model 142 stepping 12 microcode 0xde, cmov, cx8, fxsr, mmx, sse, sse2, sse3, ssse3, sse4.1, sse4.2, popcnt, avx, avx2, aes, clmul, erms, 3dnowpref, lzcnt, ht, tsc, tscinvbit, bmi1, bmi2, adx, fma

Memory: 4k page, system-wide physical 16182M (562M free)
TotalPageFile size 23411M (AvailPageFile size 1M)
current process WorkingSet (physical memory assigned to process): 250M, peak: 288M
current process commit charge ("private bytes"): 420M, peak: 460M

vm_info: Java HotSpot(TM) 64-Bit Server VM (11.0.14+8-LTS-263) for windows-amd64 JRE (11.0.14+8-LTS-263), built on Dec  7 2021 21:53:57 by "mach5one" with MS VC++ 15.9 (VS2017)

END.
